#
# There is insufficient memory for the Java Runtime Environment to continue.
# Native memory allocation (malloc) failed to allocate 209520 bytes for Chunk::new
# Possible reasons:
#   The system is out of physical RAM or swap space
#   The process is running with CompressedOops enabled, and the Java Heap may be blocking the growth of the native heap
# Possible solutions:
#   Reduce memory load on the system
#   Increase physical memory or swap space
#   Check if swap backing store is full
#   Decrease Java heap size (-Xmx/-Xms)
#   Decrease number of Java threads
#   Decrease Java thread stack sizes (-Xss)
#   Set larger code cache with -XX:ReservedCodeCacheSize=
#   JVM is running with Unscaled Compressed Oops mode in which the Java heap is
#     placed in the first 4GB address space. The Java Heap base address is the
#     maximum limit for the native heap growth. Please use -XX:HeapBaseMinAddress
#     to set the Java Heap base and to place the Java Heap above 4GB virtual address.
# This output file may be truncated or incomplete.
#
#  Out of Memory Error (./open/src/hotspot/share/memory/arena.cpp:195), pid=18656, tid=11604
#
# JRE version: OpenJDK Runtime Environment (15.0.1+9) (build 15.0.1+9-18)
# Java VM: OpenJDK 64-Bit Server VM (15.0.1+9-18, mixed mode, sharing, tiered, compressed oops, g1 gc, windows-amd64)
# No core dump will be written. Minidumps are not enabled by default on client versions of Windows
#

---------------  S U M M A R Y ------------

Command Line: -javaagent:C:\Program Files\JetBrains\IntelliJ IDEA Community Edition 2020.2.3\lib\idea_rt.jar=49532:C:\Program Files\JetBrains\IntelliJ IDEA Community Edition 2020.2.3\bin -Dfile.encoding=UTF-8 com.gruppo13.CalendarMS.CalendarMsApplication

Host: Intel(R) Core(TM) i7-8550U CPU @ 1.80GHz, 8 cores, 7G,  Windows 10 , 64 bit Build 19041 (10.0.19041.662)
Time: Mon Jan 11 18:44:55 2021 ora solare Europa occidentale elapsed time: 2.480492 seconds (0d 0h 0m 2s)

---------------  T H R E A D  ---------------

Current thread (0x0000021afa86d580):  JavaThread "C2 CompilerThread0" daemon [_thread_in_native, id=11604, stack(0x000000c0ac600000,0x000000c0ac700000)]


Current CompileTask:
C2:   2480 2742       4       jdk.internal.loader.BuiltinClassLoader::findLoadedModule (33 bytes)

Stack: [0x000000c0ac600000,0x000000c0ac700000]
Native frames: (J=compiled Java code, j=interpreted, Vv=VM code, C=native code)
V  [jvm.dll+0x62ae9a]
V  [jvm.dll+0x781389]
V  [jvm.dll+0x782ae3]
V  [jvm.dll+0x783143]
V  [jvm.dll+0x216265]
V  [jvm.dll+0x97efa]
V  [jvm.dll+0x985dc]
V  [jvm.dll+0x32e525]
V  [jvm.dll+0x2f78aa]
V  [jvm.dll+0x2f6c6a]
V  [jvm.dll+0x1ea645]
V  [jvm.dll+0x1e98ae]
V  [jvm.dll+0x1784c7]
V  [jvm.dll+0x1f9165]
V  [jvm.dll+0x1f720c]
V  [jvm.dll+0x74485d]
V  [jvm.dll+0x73d65a]
V  [jvm.dll+0x629c56]
C  [ucrtbase.dll+0x214c2]
C  [KERNEL32.DLL+0x17034]
C  [ntdll.dll+0x4d0d1]


---------------  P R O C E S S  ---------------

Threads class SMR info:
_java_thread_list=0x0000021afcb1a2a0, length=14, elements={
0x0000021ad9dde540, 0x0000021afa84f340, 0x0000021afa84ff10, 0x0000021afa868260,
0x0000021afa86ac30, 0x0000021afa86c6f0, 0x0000021afa86d580, 0x0000021afa870030,
0x0000021afa870a20, 0x0000021afb2acfb0, 0x0000021afb2beb20, 0x0000021afb63a110,
0x0000021afb63a5e0, 0x0000021afbf894a0
}

Java Threads: ( => current thread )
  0x0000021ad9dde540 JavaThread "main" [_thread_blocked, id=11460, stack(0x000000c0aba00000,0x000000c0abb00000)]
  0x0000021afa84f340 JavaThread "Reference Handler" daemon [_thread_blocked, id=11000, stack(0x000000c0ac100000,0x000000c0ac200000)]
  0x0000021afa84ff10 JavaThread "Finalizer" daemon [_thread_blocked, id=1372, stack(0x000000c0ac200000,0x000000c0ac300000)]
  0x0000021afa868260 JavaThread "Signal Dispatcher" daemon [_thread_blocked, id=11048, stack(0x000000c0ac300000,0x000000c0ac400000)]
  0x0000021afa86ac30 JavaThread "Attach Listener" daemon [_thread_blocked, id=16612, stack(0x000000c0ac400000,0x000000c0ac500000)]
  0x0000021afa86c6f0 JavaThread "Service Thread" daemon [_thread_blocked, id=16184, stack(0x000000c0ac500000,0x000000c0ac600000)]
=>0x0000021afa86d580 JavaThread "C2 CompilerThread0" daemon [_thread_in_native, id=11604, stack(0x000000c0ac600000,0x000000c0ac700000)]
  0x0000021afa870030 JavaThread "C1 CompilerThread0" daemon [_thread_in_vm, id=17064, stack(0x000000c0ac700000,0x000000c0ac800000)]
  0x0000021afa870a20 JavaThread "Sweeper thread" daemon [_thread_blocked, id=3052, stack(0x000000c0ac800000,0x000000c0ac900000)]
  0x0000021afb2acfb0 JavaThread "Common-Cleaner" daemon [_thread_blocked, id=5280, stack(0x000000c0ac900000,0x000000c0aca00000)]
  0x0000021afb2beb20 JavaThread "C2 CompilerThread1" daemon [_thread_in_native, id=2700, stack(0x000000c0aca00000,0x000000c0acb00000)]
  0x0000021afb63a110 JavaThread "Monitor Ctrl-Break" daemon [_thread_in_native, id=1884, stack(0x000000c0acb00000,0x000000c0acc00000)]
  0x0000021afb63a5e0 JavaThread "Notification Thread" daemon [_thread_blocked, id=15972, stack(0x000000c0acc00000,0x000000c0acd00000)]
  0x0000021afbf894a0 JavaThread "C2 CompilerThread2" daemon [_thread_in_native, id=18860, stack(0x000000c0ad200000,0x000000c0ad300000)]

Other Threads:
  0x0000021afa84dac0 VMThread "VM Thread" [stack: 0x000000c0ac000000,0x000000c0ac100000] [id=7868]
  0x0000021ad9ddf670 WatcherThread [stack: 0x000000c0acd00000,0x000000c0ace00000] [id=12540]
  0x0000021ad9e202e0 GCTaskThread "GC Thread#0" [stack: 0x000000c0abb00000,0x000000c0abc00000] [id=17296]
  0x0000021afb786990 GCTaskThread "GC Thread#1" [stack: 0x000000c0ace00000,0x000000c0acf00000] [id=17492]
  0x0000021afb786000 GCTaskThread "GC Thread#2" [stack: 0x000000c0acf00000,0x000000c0ad000000] [id=11824]
  0x0000021afb7859a0 GCTaskThread "GC Thread#3" [stack: 0x000000c0ad300000,0x000000c0ad400000] [id=18912]
  0x0000021ad9e31170 ConcurrentGCThread "G1 Main Marker" [stack: 0x000000c0abc00000,0x000000c0abd00000] [id=12884]
  0x0000021ad9e31d60 ConcurrentGCThread "G1 Conc#0" [stack: 0x000000c0abd00000,0x000000c0abe00000] [id=4572]
  0x0000021afa6c20a0 ConcurrentGCThread "G1 Refine#0" [stack: 0x000000c0abe00000,0x000000c0abf00000] [id=19432]
  0x0000021afc343d30 ConcurrentGCThread "G1 Refine#1" [stack: 0x000000c0ad000000,0x000000c0ad100000] [id=19256]
  0x0000021afc1ef600 ConcurrentGCThread "G1 Refine#2" [stack: 0x000000c0ad100000,0x000000c0ad200000] [id=14824]
  0x0000021afa6c3960 ConcurrentGCThread "G1 Young RemSet Sampling" [stack: 0x000000c0abf00000,0x000000c0ac000000] [id=9304]

Threads with active compile tasks:
C2 CompilerThread0     2537 2742       4       jdk.internal.loader.BuiltinClassLoader::findLoadedModule (33 bytes)
C1 CompilerThread0     2537 2808       2       org.springframework.beans.factory.support.AbstractBeanFactory::isTypeMatch (607 bytes)
C2 CompilerThread1     2537 2780       4       java.lang.invoke.MethodType::makeImpl (108 bytes)
C2 CompilerThread2     2537 2736   !   4       jdk.internal.loader.BuiltinClassLoader::loadClassOrNull (143 bytes)

VM state: not at safepoint (normal execution)

VM Mutex/Monitor currently owned by a thread: None

Heap address: 0x0000000081600000, size: 2026 MB, Compressed Oops mode: 32-bit
CDS archive(s) mapped at: [0x0000000800000000-0x0000000800b50000-0x0000000800b50000), size 11862016, SharedBaseAddress: 0x0000000800000000, ArchiveRelocationMode: 0.
Compressed class space mapped at: 0x0000000800b50000-0x0000000840b50000, size: 1073741824
Narrow klass base: 0x0000000800000000, Narrow klass shift: 3, Narrow klass range: 0x100000000

GC Precious Log:
 CPUs: 8 total, 8 available
 Memory: 8101M
 Large Page Support: Disabled
 NUMA Support: Disabled
 Compressed Oops: Enabled (32-bit)
 Heap Region Size: 1M
 Heap Min Capacity: 8M
 Heap Initial Capacity: 128M
 Heap Max Capacity: 2026M
 Pre-touch: Disabled
 Parallel Workers: 8
 Concurrent Workers: 2
 Concurrent Refinement Workers: 8
 Periodic GC: Disabled

Heap:
 garbage-first heap   total 131072K, used 45737K [0x0000000081600000, 0x0000000100000000)
  region size 1024K, 40 young (40960K), 3 survivors (3072K)
 Metaspace       used 19422K, capacity 19683K, committed 19840K, reserved 1067008K
  class space    used 2327K, capacity 2413K, committed 2432K, reserved 1048576K

Heap Regions: E=young(eden), S=young(survivor), O=old, HS=humongous(starts), HC=humongous(continues), CS=collection set, F=free, OA=open archive, CA=closed archive, TAMS=top-at-mark-start (previous, next)
|   0|0x0000000081600000, 0x0000000081700000, 0x0000000081700000|100%|HS|  |TAMS 0x0000000081600000, 0x0000000081600000| Complete 
|   1|0x0000000081700000, 0x0000000081800000, 0x0000000081800000|100%| O|  |TAMS 0x0000000081700000, 0x0000000081700000| Untracked 
|   2|0x0000000081800000, 0x0000000081900000, 0x0000000081900000|100%| O|  |TAMS 0x0000000081800000, 0x0000000081800000| Untracked 
|   3|0x0000000081900000, 0x0000000081a00000, 0x0000000081a00000|100%| O|  |TAMS 0x0000000081900000, 0x0000000081900000| Untracked 
|   4|0x0000000081a00000, 0x0000000081b00000, 0x0000000081b00000|100%| O|  |TAMS 0x0000000081a00000, 0x0000000081a00000| Untracked 
|   5|0x0000000081b00000, 0x0000000081c00000, 0x0000000081c00000|100%| O|  |TAMS 0x0000000081b00000, 0x0000000081b00000| Untracked 
|   6|0x0000000081c00000, 0x0000000081d00000, 0x0000000081d00000|100%| O|  |TAMS 0x0000000081c00000, 0x0000000081c00000| Untracked 
|   7|0x0000000081d00000, 0x0000000081d4de00, 0x0000000081e00000| 30%| O|  |TAMS 0x0000000081d00000, 0x0000000081d00000| Untracked 
|   8|0x0000000081e00000, 0x0000000081e00000, 0x0000000081f00000|  0%| F|  |TAMS 0x0000000081e00000, 0x0000000081e00000| Untracked 
|   9|0x0000000081f00000, 0x0000000081f00000, 0x0000000082000000|  0%| F|  |TAMS 0x0000000081f00000, 0x0000000081f00000| Untracked 
|  10|0x0000000082000000, 0x0000000082000000, 0x0000000082100000|  0%| F|  |TAMS 0x0000000082000000, 0x0000000082000000| Untracked 
|  11|0x0000000082100000, 0x0000000082100000, 0x0000000082200000|  0%| F|  |TAMS 0x0000000082100000, 0x0000000082100000| Untracked 
|  12|0x0000000082200000, 0x0000000082200000, 0x0000000082300000|  0%| F|  |TAMS 0x0000000082200000, 0x0000000082200000| Untracked 
|  13|0x0000000082300000, 0x0000000082300000, 0x0000000082400000|  0%| F|  |TAMS 0x0000000082300000, 0x0000000082300000| Untracked 
|  14|0x0000000082400000, 0x0000000082400000, 0x0000000082500000|  0%| F|  |TAMS 0x0000000082400000, 0x0000000082400000| Untracked 
|  15|0x0000000082500000, 0x0000000082500000, 0x0000000082600000|  0%| F|  |TAMS 0x0000000082500000, 0x0000000082500000| Untracked 
|  16|0x0000000082600000, 0x0000000082600000, 0x0000000082700000|  0%| F|  |TAMS 0x0000000082600000, 0x0000000082600000| Untracked 
|  17|0x0000000082700000, 0x0000000082700000, 0x0000000082800000|  0%| F|  |TAMS 0x0000000082700000, 0x0000000082700000| Untracked 
|  18|0x0000000082800000, 0x0000000082800000, 0x0000000082900000|  0%| F|  |TAMS 0x0000000082800000, 0x0000000082800000| Untracked 
|  19|0x0000000082900000, 0x0000000082900000, 0x0000000082a00000|  0%| F|  |TAMS 0x0000000082900000, 0x0000000082900000| Untracked 
|  20|0x0000000082a00000, 0x0000000082a00000, 0x0000000082b00000|  0%| F|  |TAMS 0x0000000082a00000, 0x0000000082a00000| Untracked 
|  21|0x0000000082b00000, 0x0000000082b00000, 0x0000000082c00000|  0%| F|  |TAMS 0x0000000082b00000, 0x0000000082b00000| Untracked 
|  22|0x0000000082c00000, 0x0000000082c00000, 0x0000000082d00000|  0%| F|  |TAMS 0x0000000082c00000, 0x0000000082c00000| Untracked 
|  23|0x0000000082d00000, 0x0000000082d00000, 0x0000000082e00000|  0%| F|  |TAMS 0x0000000082d00000, 0x0000000082d00000| Untracked 
|  24|0x0000000082e00000, 0x0000000082e00000, 0x0000000082f00000|  0%| F|  |TAMS 0x0000000082e00000, 0x0000000082e00000| Untracked 
|  25|0x0000000082f00000, 0x0000000082f00000, 0x0000000083000000|  0%| F|  |TAMS 0x0000000082f00000, 0x0000000082f00000| Untracked 
|  26|0x0000000083000000, 0x0000000083000000, 0x0000000083100000|  0%| F|  |TAMS 0x0000000083000000, 0x0000000083000000| Untracked 
|  27|0x0000000083100000, 0x0000000083100000, 0x0000000083200000|  0%| F|  |TAMS 0x0000000083100000, 0x0000000083100000| Untracked 
|  28|0x0000000083200000, 0x0000000083200000, 0x0000000083300000|  0%| F|  |TAMS 0x0000000083200000, 0x0000000083200000| Untracked 
|  29|0x0000000083300000, 0x0000000083300000, 0x0000000083400000|  0%| F|  |TAMS 0x0000000083300000, 0x0000000083300000| Untracked 
|  30|0x0000000083400000, 0x0000000083400000, 0x0000000083500000|  0%| F|  |TAMS 0x0000000083400000, 0x0000000083400000| Untracked 
|  31|0x0000000083500000, 0x0000000083500000, 0x0000000083600000|  0%| F|  |TAMS 0x0000000083500000, 0x0000000083500000| Untracked 
|  32|0x0000000083600000, 0x0000000083600000, 0x0000000083700000|  0%| F|  |TAMS 0x0000000083600000, 0x0000000083600000| Untracked 
|  33|0x0000000083700000, 0x0000000083700000, 0x0000000083800000|  0%| F|  |TAMS 0x0000000083700000, 0x0000000083700000| Untracked 
|  34|0x0000000083800000, 0x0000000083800000, 0x0000000083900000|  0%| F|  |TAMS 0x0000000083800000, 0x0000000083800000| Untracked 
|  35|0x0000000083900000, 0x0000000083900000, 0x0000000083a00000|  0%| F|  |TAMS 0x0000000083900000, 0x0000000083900000| Untracked 
|  36|0x0000000083a00000, 0x0000000083a00000, 0x0000000083b00000|  0%| F|  |TAMS 0x0000000083a00000, 0x0000000083a00000| Untracked 
|  37|0x0000000083b00000, 0x0000000083b00000, 0x0000000083c00000|  0%| F|  |TAMS 0x0000000083b00000, 0x0000000083b00000| Untracked 
|  38|0x0000000083c00000, 0x0000000083c00000, 0x0000000083d00000|  0%| F|  |TAMS 0x0000000083c00000, 0x0000000083c00000| Untracked 
|  39|0x0000000083d00000, 0x0000000083d00000, 0x0000000083e00000|  0%| F|  |TAMS 0x0000000083d00000, 0x0000000083d00000| Untracked 
|  40|0x0000000083e00000, 0x0000000083e00000, 0x0000000083f00000|  0%| F|  |TAMS 0x0000000083e00000, 0x0000000083e00000| Untracked 
|  41|0x0000000083f00000, 0x0000000083f00000, 0x0000000084000000|  0%| F|  |TAMS 0x0000000083f00000, 0x0000000083f00000| Untracked 
|  42|0x0000000084000000, 0x0000000084000000, 0x0000000084100000|  0%| F|  |TAMS 0x0000000084000000, 0x0000000084000000| Untracked 
|  43|0x0000000084100000, 0x0000000084100000, 0x0000000084200000|  0%| F|  |TAMS 0x0000000084100000, 0x0000000084100000| Untracked 
|  44|0x0000000084200000, 0x0000000084200000, 0x0000000084300000|  0%| F|  |TAMS 0x0000000084200000, 0x0000000084200000| Untracked 
|  45|0x0000000084300000, 0x0000000084300000, 0x0000000084400000|  0%| F|  |TAMS 0x0000000084300000, 0x0000000084300000| Untracked 
|  46|0x0000000084400000, 0x0000000084400000, 0x0000000084500000|  0%| F|  |TAMS 0x0000000084400000, 0x0000000084400000| Untracked 
|  47|0x0000000084500000, 0x0000000084500000, 0x0000000084600000|  0%| F|  |TAMS 0x0000000084500000, 0x0000000084500000| Untracked 
|  48|0x0000000084600000, 0x0000000084600000, 0x0000000084700000|  0%| F|  |TAMS 0x0000000084600000, 0x0000000084600000| Untracked 
|  49|0x0000000084700000, 0x0000000084700000, 0x0000000084800000|  0%| F|  |TAMS 0x0000000084700000, 0x0000000084700000| Untracked 
|  50|0x0000000084800000, 0x0000000084800000, 0x0000000084900000|  0%| F|  |TAMS 0x0000000084800000, 0x0000000084800000| Untracked 
|  51|0x0000000084900000, 0x0000000084900000, 0x0000000084a00000|  0%| F|  |TAMS 0x0000000084900000, 0x0000000084900000| Untracked 
|  52|0x0000000084a00000, 0x0000000084a00000, 0x0000000084b00000|  0%| F|  |TAMS 0x0000000084a00000, 0x0000000084a00000| Untracked 
|  53|0x0000000084b00000, 0x0000000084b00000, 0x0000000084c00000|  0%| F|  |TAMS 0x0000000084b00000, 0x0000000084b00000| Untracked 
|  54|0x0000000084c00000, 0x0000000084c00000, 0x0000000084d00000|  0%| F|  |TAMS 0x0000000084c00000, 0x0000000084c00000| Untracked 
|  55|0x0000000084d00000, 0x0000000084d00000, 0x0000000084e00000|  0%| F|  |TAMS 0x0000000084d00000, 0x0000000084d00000| Untracked 
|  56|0x0000000084e00000, 0x0000000084e00000, 0x0000000084f00000|  0%| F|  |TAMS 0x0000000084e00000, 0x0000000084e00000| Untracked 
|  57|0x0000000084f00000, 0x0000000084f00000, 0x0000000085000000|  0%| F|  |TAMS 0x0000000084f00000, 0x0000000084f00000| Untracked 
|  58|0x0000000085000000, 0x0000000085000000, 0x0000000085100000|  0%| F|  |TAMS 0x0000000085000000, 0x0000000085000000| Untracked 
|  59|0x0000000085100000, 0x0000000085100000, 0x0000000085200000|  0%| F|  |TAMS 0x0000000085100000, 0x0000000085100000| Untracked 
|  60|0x0000000085200000, 0x0000000085200000, 0x0000000085300000|  0%| F|  |TAMS 0x0000000085200000, 0x0000000085200000| Untracked 
|  61|0x0000000085300000, 0x0000000085300000, 0x0000000085400000|  0%| F|  |TAMS 0x0000000085300000, 0x0000000085300000| Untracked 
|  62|0x0000000085400000, 0x0000000085400000, 0x0000000085500000|  0%| F|  |TAMS 0x0000000085400000, 0x0000000085400000| Untracked 
|  63|0x0000000085500000, 0x0000000085500000, 0x0000000085600000|  0%| F|  |TAMS 0x0000000085500000, 0x0000000085500000| Untracked 
|  64|0x0000000085600000, 0x0000000085600000, 0x0000000085700000|  0%| F|  |TAMS 0x0000000085600000, 0x0000000085600000| Untracked 
|  65|0x0000000085700000, 0x0000000085700000, 0x0000000085800000|  0%| F|  |TAMS 0x0000000085700000, 0x0000000085700000| Untracked 
|  66|0x0000000085800000, 0x0000000085800000, 0x0000000085900000|  0%| F|  |TAMS 0x0000000085800000, 0x0000000085800000| Untracked 
|  67|0x0000000085900000, 0x0000000085900000, 0x0000000085a00000|  0%| F|  |TAMS 0x0000000085900000, 0x0000000085900000| Untracked 
|  68|0x0000000085a00000, 0x0000000085a00000, 0x0000000085b00000|  0%| F|  |TAMS 0x0000000085a00000, 0x0000000085a00000| Untracked 
|  69|0x0000000085b00000, 0x0000000085b00000, 0x0000000085c00000|  0%| F|  |TAMS 0x0000000085b00000, 0x0000000085b00000| Untracked 
|  70|0x0000000085c00000, 0x0000000085c00000, 0x0000000085d00000|  0%| F|  |TAMS 0x0000000085c00000, 0x0000000085c00000| Untracked 
|  71|0x0000000085d00000, 0x0000000085d00000, 0x0000000085e00000|  0%| F|  |TAMS 0x0000000085d00000, 0x0000000085d00000| Untracked 
|  72|0x0000000085e00000, 0x0000000085e00000, 0x0000000085f00000|  0%| F|  |TAMS 0x0000000085e00000, 0x0000000085e00000| Untracked 
|  73|0x0000000085f00000, 0x0000000085f00000, 0x0000000086000000|  0%| F|  |TAMS 0x0000000085f00000, 0x0000000085f00000| Untracked 
|  74|0x0000000086000000, 0x0000000086000000, 0x0000000086100000|  0%| F|  |TAMS 0x0000000086000000, 0x0000000086000000| Untracked 
|  75|0x0000000086100000, 0x0000000086100000, 0x0000000086200000|  0%| F|  |TAMS 0x0000000086100000, 0x0000000086100000| Untracked 
|  76|0x0000000086200000, 0x0000000086200000, 0x0000000086300000|  0%| F|  |TAMS 0x0000000086200000, 0x0000000086200000| Untracked 
|  77|0x0000000086300000, 0x0000000086300000, 0x0000000086400000|  0%| F|  |TAMS 0x0000000086300000, 0x0000000086300000| Untracked 
|  78|0x0000000086400000, 0x0000000086400000, 0x0000000086500000|  0%| F|  |TAMS 0x0000000086400000, 0x0000000086400000| Untracked 
|  79|0x0000000086500000, 0x000000008655c8b0, 0x0000000086600000| 36%| S|CS|TAMS 0x0000000086500000, 0x0000000086500000| Complete 
|  80|0x0000000086600000, 0x0000000086700000, 0x0000000086700000|100%| S|CS|TAMS 0x0000000086600000, 0x0000000086600000| Complete 
|  81|0x0000000086700000, 0x0000000086800000, 0x0000000086800000|100%| S|CS|TAMS 0x0000000086700000, 0x0000000086700000| Complete 
|  82|0x0000000086800000, 0x0000000086800000, 0x0000000086900000|  0%| F|  |TAMS 0x0000000086800000, 0x0000000086800000| Untracked 
|  83|0x0000000086900000, 0x0000000086900000, 0x0000000086a00000|  0%| F|  |TAMS 0x0000000086900000, 0x0000000086900000| Untracked 
|  84|0x0000000086a00000, 0x0000000086a00000, 0x0000000086b00000|  0%| F|  |TAMS 0x0000000086a00000, 0x0000000086a00000| Untracked 
|  85|0x0000000086b00000, 0x0000000086b00000, 0x0000000086c00000|  0%| F|  |TAMS 0x0000000086b00000, 0x0000000086b00000| Untracked 
|  86|0x0000000086c00000, 0x0000000086c00000, 0x0000000086d00000|  0%| F|  |TAMS 0x0000000086c00000, 0x0000000086c00000| Untracked 
|  87|0x0000000086d00000, 0x0000000086d00000, 0x0000000086e00000|  0%| F|  |TAMS 0x0000000086d00000, 0x0000000086d00000| Untracked 
|  88|0x0000000086e00000, 0x0000000086e00000, 0x0000000086f00000|  0%| F|  |TAMS 0x0000000086e00000, 0x0000000086e00000| Untracked 
|  89|0x0000000086f00000, 0x0000000086f00000, 0x0000000087000000|  0%| F|  |TAMS 0x0000000086f00000, 0x0000000086f00000| Untracked 
|  90|0x0000000087000000, 0x0000000087000000, 0x0000000087100000|  0%| F|  |TAMS 0x0000000087000000, 0x0000000087000000| Untracked 
|  91|0x0000000087100000, 0x0000000087200000, 0x0000000087200000|100%| E|  |TAMS 0x0000000087100000, 0x0000000087100000| Complete 
|  92|0x0000000087200000, 0x0000000087300000, 0x0000000087300000|100%| E|CS|TAMS 0x0000000087200000, 0x0000000087200000| Complete 
|  93|0x0000000087300000, 0x0000000087400000, 0x0000000087400000|100%| E|CS|TAMS 0x0000000087300000, 0x0000000087300000| Complete 
|  94|0x0000000087400000, 0x0000000087500000, 0x0000000087500000|100%| E|CS|TAMS 0x0000000087400000, 0x0000000087400000| Complete 
|  95|0x0000000087500000, 0x0000000087600000, 0x0000000087600000|100%| E|CS|TAMS 0x0000000087500000, 0x0000000087500000| Complete 
|  96|0x0000000087600000, 0x0000000087700000, 0x0000000087700000|100%| E|CS|TAMS 0x0000000087600000, 0x0000000087600000| Complete 
|  97|0x0000000087700000, 0x0000000087800000, 0x0000000087800000|100%| E|CS|TAMS 0x0000000087700000, 0x0000000087700000| Complete 
|  98|0x0000000087800000, 0x0000000087900000, 0x0000000087900000|100%| E|CS|TAMS 0x0000000087800000, 0x0000000087800000| Complete 
|  99|0x0000000087900000, 0x0000000087a00000, 0x0000000087a00000|100%| E|CS|TAMS 0x0000000087900000, 0x0000000087900000| Complete 
| 100|0x0000000087a00000, 0x0000000087b00000, 0x0000000087b00000|100%| E|CS|TAMS 0x0000000087a00000, 0x0000000087a00000| Complete 
| 101|0x0000000087b00000, 0x0000000087c00000, 0x0000000087c00000|100%| E|CS|TAMS 0x0000000087b00000, 0x0000000087b00000| Complete 
| 102|0x0000000087c00000, 0x0000000087d00000, 0x0000000087d00000|100%| E|CS|TAMS 0x0000000087c00000, 0x0000000087c00000| Complete 
| 103|0x0000000087d00000, 0x0000000087e00000, 0x0000000087e00000|100%| E|CS|TAMS 0x0000000087d00000, 0x0000000087d00000| Complete 
| 104|0x0000000087e00000, 0x0000000087f00000, 0x0000000087f00000|100%| E|CS|TAMS 0x0000000087e00000, 0x0000000087e00000| Complete 
| 105|0x0000000087f00000, 0x0000000088000000, 0x0000000088000000|100%| E|CS|TAMS 0x0000000087f00000, 0x0000000087f00000| Complete 
| 106|0x0000000088000000, 0x0000000088100000, 0x0000000088100000|100%| E|CS|TAMS 0x0000000088000000, 0x0000000088000000| Complete 
| 107|0x0000000088100000, 0x0000000088200000, 0x0000000088200000|100%| E|CS|TAMS 0x0000000088100000, 0x0000000088100000| Complete 
| 108|0x0000000088200000, 0x0000000088300000, 0x0000000088300000|100%| E|CS|TAMS 0x0000000088200000, 0x0000000088200000| Complete 
| 109|0x0000000088300000, 0x0000000088400000, 0x0000000088400000|100%| E|CS|TAMS 0x0000000088300000, 0x0000000088300000| Complete 
| 110|0x0000000088400000, 0x0000000088500000, 0x0000000088500000|100%| E|CS|TAMS 0x0000000088400000, 0x0000000088400000| Complete 
| 111|0x0000000088500000, 0x0000000088600000, 0x0000000088600000|100%| E|CS|TAMS 0x0000000088500000, 0x0000000088500000| Complete 
| 112|0x0000000088600000, 0x0000000088700000, 0x0000000088700000|100%| E|CS|TAMS 0x0000000088600000, 0x0000000088600000| Complete 
| 113|0x0000000088700000, 0x0000000088800000, 0x0000000088800000|100%| E|CS|TAMS 0x0000000088700000, 0x0000000088700000| Complete 
| 114|0x0000000088800000, 0x0000000088900000, 0x0000000088900000|100%| E|CS|TAMS 0x0000000088800000, 0x0000000088800000| Complete 
| 115|0x0000000088900000, 0x0000000088a00000, 0x0000000088a00000|100%| E|CS|TAMS 0x0000000088900000, 0x0000000088900000| Complete 
| 116|0x0000000088a00000, 0x0000000088b00000, 0x0000000088b00000|100%| E|CS|TAMS 0x0000000088a00000, 0x0000000088a00000| Complete 
| 117|0x0000000088b00000, 0x0000000088c00000, 0x0000000088c00000|100%| E|CS|TAMS 0x0000000088b00000, 0x0000000088b00000| Complete 
| 118|0x0000000088c00000, 0x0000000088d00000, 0x0000000088d00000|100%| E|CS|TAMS 0x0000000088c00000, 0x0000000088c00000| Complete 
| 119|0x0000000088d00000, 0x0000000088e00000, 0x0000000088e00000|100%| E|CS|TAMS 0x0000000088d00000, 0x0000000088d00000| Complete 
| 120|0x0000000088e00000, 0x0000000088f00000, 0x0000000088f00000|100%| E|CS|TAMS 0x0000000088e00000, 0x0000000088e00000| Complete 
| 121|0x0000000088f00000, 0x0000000089000000, 0x0000000089000000|100%| E|CS|TAMS 0x0000000088f00000, 0x0000000088f00000| Complete 
| 122|0x0000000089000000, 0x0000000089100000, 0x0000000089100000|100%| E|CS|TAMS 0x0000000089000000, 0x0000000089000000| Complete 
| 123|0x0000000089100000, 0x0000000089200000, 0x0000000089200000|100%| E|CS|TAMS 0x0000000089100000, 0x0000000089100000| Complete 
| 124|0x0000000089200000, 0x0000000089300000, 0x0000000089300000|100%| E|CS|TAMS 0x0000000089200000, 0x0000000089200000| Complete 
| 125|0x0000000089300000, 0x0000000089400000, 0x0000000089400000|100%| E|CS|TAMS 0x0000000089300000, 0x0000000089300000| Complete 
| 126|0x0000000089400000, 0x0000000089500000, 0x0000000089500000|100%| E|  |TAMS 0x0000000089400000, 0x0000000089400000| Complete 
| 127|0x0000000089500000, 0x0000000089600000, 0x0000000089600000|100%| E|CS|TAMS 0x0000000089500000, 0x0000000089500000| Complete 

Card table byte_map: [0x0000021af3640000,0x0000021af3a40000] _byte_map_base: 0x0000021af3235000

Marking Bits (Prev, Next): (CMBitMap*) 0x0000021ad9e20ad0, (CMBitMap*) 0x0000021ad9e20b10
 Prev Bits: [0x0000021af3e40000, 0x0000021af5de8000)
 Next Bits: [0x0000021af5df0000, 0x0000021af7d98000)

Polling page: 0x0000021ad9eb0000

Metaspace:

Usage:
  Non-class:     16.93 MB capacity,    16.71 MB ( 99%) used,   191.35 KB (  1%) free+waste,    28.69 KB ( <1%) overhead. 
      Class:      2.36 MB capacity,     2.28 MB ( 97%) used,    67.73 KB (  3%) free+waste,    11.81 KB ( <1%) overhead. 
       Both:     19.28 MB capacity,    18.99 MB ( 98%) used,   259.09 KB (  1%) free+waste,    40.50 KB ( <1%) overhead. 

Virtual space:
  Non-class space:       18.00 MB reserved,      17.00 MB ( 94%) committed 
      Class space:        1.00 GB reserved,       2.38 MB ( <1%) committed 
             Both:        1.02 GB reserved,      19.38 MB (  2%) committed 

Chunk freelists:
   Non-Class:  10.00 KB
       Class:  19.00 KB
        Both:  29.00 KB

MaxMetaspaceSize: 17179869184.00 GB
CompressedClassSpaceSize: 1.00 GB

CodeHeap 'non-profiled nmethods': size=120000Kb used=1182Kb max_used=1182Kb free=118817Kb
 bounds [0x0000021aeb2a0000, 0x0000021aeb510000, 0x0000021af27d0000]
CodeHeap 'profiled nmethods': size=120000Kb used=5680Kb max_used=5680Kb free=114320Kb
 bounds [0x0000021ae3d70000, 0x0000021ae4300000, 0x0000021aeb2a0000]
CodeHeap 'non-nmethods': size=5760Kb used=1208Kb max_used=1265Kb free=4551Kb
 bounds [0x0000021ae37d0000, 0x0000021ae3a40000, 0x0000021ae3d70000]
 total_blobs=3269 nmethods=2802 adapters=378
 compilation: enabled
              stopped_count=0, restarted_count=0
 full_count=0

Compilation events (20 events):
Event: 2.468 Thread 0x0000021afa870030 2762       3       java.util.stream.MatchOps$BooleanTerminalSink::<init> (21 bytes)
Event: 2.469 Thread 0x0000021afa870030 nmethod 2762 0x0000021ae42e5890 code [0x0000021ae42e5a40, 0x0000021ae42e5c18]
Event: 2.469 Thread 0x0000021afa870030 2757       3       sun.reflect.generics.repository.GenericDeclRepository::getTypeParameters (27 bytes)
Event: 2.469 Thread 0x0000021afa870030 nmethod 2757 0x0000021ae42e5d10 code [0x0000021ae42e5ee0, 0x0000021ae42e62b8]
Event: 2.469 Thread 0x0000021afa870030 2764   !   3       org.springframework.util.ConcurrentReferenceHashMap$Segment::doTask (179 bytes)
Event: 2.470 Thread 0x0000021afb2beb20 2767       4       org.springframework.util.ConcurrentReferenceHashMap::get (37 bytes)
Event: 2.472 Thread 0x0000021afa870030 nmethod 2764 0x0000021ae42e6390 code [0x0000021ae42e6740, 0x0000021ae42e8428]
Event: 2.472 Thread 0x0000021afa870030 2769       3       java.util.stream.Streams$ConcatSpliterator::tryAdvance (54 bytes)
Event: 2.473 Thread 0x0000021afa870030 nmethod 2769 0x0000021ae42e8f90 code [0x0000021ae42e9160, 0x0000021ae42e9568]
Event: 2.473 Thread 0x0000021afa870030 2770       3       java.util.Spliterators::spliterator (25 bytes)
Event: 2.473 Thread 0x0000021afb2beb20 nmethod 2767 0x0000021aeb3c5c10 code [0x0000021aeb3c5da0, 0x0000021aeb3c5f08]
Event: 2.473 Thread 0x0000021afa870030 nmethod 2770 0x0000021ae42e9690 code [0x0000021ae42e9860, 0x0000021ae42e9c98]
Event: 2.474 Thread 0x0000021afa870030 2765       3       java.lang.invoke.LambdaForm$MH/0x0000000800bb6440::linkToTargetMethod (15 bytes)
Event: 2.474 Thread 0x0000021afa870030 nmethod 2765 0x0000021ae42e9e90 code [0x0000021ae42ea040, 0x0000021ae42ea3b8]
Event: 2.474 Thread 0x0000021afa870030 2766       3       java.lang.invoke.LambdaForm$DMH/0x0000000800bb6c40::newInvokeSpecial (32 bytes)
Event: 2.474 Thread 0x0000021afa870030 nmethod 2766 0x0000021ae42ea490 code [0x0000021ae42ea680, 0x0000021ae42ead48]
Event: 2.474 Thread 0x0000021afa870030 2771       3       java.util.Spliterators$ArraySpliterator::estimateSize (11 bytes)
Event: 2.474 Thread 0x0000021afa870030 nmethod 2771 0x0000021ae42eaf90 code [0x0000021ae42eb120, 0x0000021ae42eb238]
Event: 2.474 Thread 0x0000021afa870030 2768       1       org.springframework.util.ConcurrentReferenceHashMap$Entry::getValue (5 bytes)
Event: 2.474 Thread 0x0000021afa870030 nmethod 2768 0x0000021aeb3c6090 code [0x0000021aeb3c6220, 0x0000021aeb3c62d8]

GC Heap History (6 events):
Event: 0.843 GC heap before
{Heap before GC invocations=0 (full 0):
 garbage-first heap   total 131072K, used 23552K [0x0000000081600000, 0x0000000100000000)
  region size 1024K, 23 young (23552K), 0 survivors (0K)
 Metaspace       used 6353K, capacity 7738K, committed 7808K, reserved 1056768K
  class space    used 732K, capacity 848K, committed 896K, reserved 1048576K
}
Event: 0.850 GC heap after
{Heap after GC invocations=1 (full 0):
 garbage-first heap   total 131072K, used 7262K [0x0000000081600000, 0x0000000100000000)
  region size 1024K, 3 young (3072K), 3 survivors (3072K)
 Metaspace       used 6353K, capacity 7738K, committed 7808K, reserved 1056768K
  class space    used 732K, capacity 848K, committed 896K, reserved 1048576K
}
Event: 1.231 GC heap before
{Heap before GC invocations=1 (full 0):
 garbage-first heap   total 131072K, used 29790K [0x0000000081600000, 0x0000000100000000)
  region size 1024K, 25 young (25600K), 3 survivors (3072K)
 Metaspace       used 12324K, capacity 12558K, committed 12800K, reserved 1060864K
  class space    used 1438K, capacity 1498K, committed 1536K, reserved 1048576K
}
Event: 1.238 GC heap after
{Heap after GC invocations=2 (full 0):
 garbage-first heap   total 131072K, used 9007K [0x0000000081600000, 0x0000000100000000)
  region size 1024K, 2 young (2048K), 2 survivors (2048K)
 Metaspace       used 12324K, capacity 12558K, committed 12800K, reserved 1060864K
  class space    used 1438K, capacity 1498K, committed 1536K, reserved 1048576K
}
Event: 1.552 GC heap before
{Heap before GC invocations=2 (full 0):
 garbage-first heap   total 131072K, used 53039K [0x0000000081600000, 0x0000000100000000)
  region size 1024K, 46 young (47104K), 2 survivors (2048K)
 Metaspace       used 15544K, capacity 15802K, committed 16128K, reserved 1062912K
  class space    used 1865K, capacity 1960K, committed 2048K, reserved 1048576K
}
Event: 1.557 GC heap after
{Heap after GC invocations=3 (full 0):
 garbage-first heap   total 131072K, used 9897K [0x0000000081600000, 0x0000000100000000)
  region size 1024K, 3 young (3072K), 3 survivors (3072K)
 Metaspace       used 15544K, capacity 15802K, committed 16128K, reserved 1062912K
  class space    used 1865K, capacity 1960K, committed 2048K, reserved 1048576K
}

Deoptimization events (20 events):
Event: 2.454 Thread 0x0000021ad9dde540 Uncommon trap: trap_request=0xffffffde fr.pc=0x0000021aeb3aa5e4 relative=0x00000000000008e4
Event: 2.454 Thread 0x0000021ad9dde540 Uncommon trap: reason=class_check action=maybe_recompile pc=0x0000021aeb3aa5e4 method=org.springframework.util.ConcurrentReferenceHashMap$Segment.findInChain(Lorg/springframework/util/ConcurrentReferenceHashMap$Reference;Ljava/lang/Object;I)Lorg/springfra
Event: 2.454 Thread 0x0000021ad9dde540 DEOPT PACKING pc=0x0000021aeb3aa5e4 sp=0x000000c0abafe8f0
Event: 2.454 Thread 0x0000021ad9dde540 DEOPT UNPACKING pc=0x0000021ae381e42f sp=0x000000c0abafe728 mode 2
Event: 2.458 Thread 0x0000021ad9dde540 Uncommon trap: trap_request=0xffffffde fr.pc=0x0000021aeb3aa5e4 relative=0x00000000000008e4
Event: 2.458 Thread 0x0000021ad9dde540 Uncommon trap: reason=class_check action=maybe_recompile pc=0x0000021aeb3aa5e4 method=org.springframework.util.ConcurrentReferenceHashMap$Segment.findInChain(Lorg/springframework/util/ConcurrentReferenceHashMap$Reference;Ljava/lang/Object;I)Lorg/springfra
Event: 2.458 Thread 0x0000021ad9dde540 DEOPT PACKING pc=0x0000021aeb3aa5e4 sp=0x000000c0abafe8f0
Event: 2.458 Thread 0x0000021ad9dde540 DEOPT UNPACKING pc=0x0000021ae381e42f sp=0x000000c0abafe728 mode 2
Event: 2.464 Thread 0x0000021ad9dde540 Uncommon trap: trap_request=0xffffffde fr.pc=0x0000021aeb3aa5e4 relative=0x00000000000008e4
Event: 2.464 Thread 0x0000021ad9dde540 Uncommon trap: reason=class_check action=maybe_recompile pc=0x0000021aeb3aa5e4 method=org.springframework.util.ConcurrentReferenceHashMap$Segment.findInChain(Lorg/springframework/util/ConcurrentReferenceHashMap$Reference;Ljava/lang/Object;I)Lorg/springfra
Event: 2.464 Thread 0x0000021ad9dde540 DEOPT PACKING pc=0x0000021aeb3aa5e4 sp=0x000000c0abafe8f0
Event: 2.464 Thread 0x0000021ad9dde540 DEOPT UNPACKING pc=0x0000021ae381e42f sp=0x000000c0abafe728 mode 2
Event: 2.470 Thread 0x0000021ad9dde540 Uncommon trap: trap_request=0xffffffde fr.pc=0x0000021aeb3ac34c relative=0x000000000000086c
Event: 2.470 Thread 0x0000021ad9dde540 Uncommon trap: reason=class_check action=maybe_recompile pc=0x0000021aeb3ac34c method=org.springframework.util.ConcurrentReferenceHashMap$Segment.findInChain(Lorg/springframework/util/ConcurrentReferenceHashMap$Reference;Ljava/lang/Object;I)Lorg/springfra
Event: 2.470 Thread 0x0000021ad9dde540 DEOPT PACKING pc=0x0000021aeb3ac34c sp=0x000000c0abafe850
Event: 2.470 Thread 0x0000021ad9dde540 DEOPT UNPACKING pc=0x0000021ae381e42f sp=0x000000c0abafe718 mode 2
Event: 2.476 Thread 0x0000021ad9dde540 Uncommon trap: trap_request=0xffffffde fr.pc=0x0000021aeb3ad62c relative=0x000000000000074c
Event: 2.476 Thread 0x0000021ad9dde540 Uncommon trap: reason=class_check action=maybe_recompile pc=0x0000021aeb3ad62c method=org.springframework.util.ConcurrentReferenceHashMap$Segment.findInChain(Lorg/springframework/util/ConcurrentReferenceHashMap$Reference;Ljava/lang/Object;I)Lorg/springfra
Event: 2.476 Thread 0x0000021ad9dde540 DEOPT PACKING pc=0x0000021aeb3ad62c sp=0x000000c0abafe810
Event: 2.476 Thread 0x0000021ad9dde540 DEOPT UNPACKING pc=0x0000021ae381e42f sp=0x000000c0abafe758 mode 2

Classes unloaded (0 events):
No events

Classes redefined (0 events):
No events

Internal exceptions (20 events):
Event: 1.325 Thread 0x0000021ad9dde540 Exception <a 'java/lang/ClassNotFoundException'{0x0000000088e0e898}: org/springframework/context/ResourceLoaderAwareCustomizer> (0x0000000088e0e898) 
thrown [./open/src/hotspot/share/classfile/systemDictionary.cpp, line 295]
Event: 1.326 Thread 0x0000021ad9dde540 Exception <a 'java/lang/ClassNotFoundException'{0x0000000088e12ce8}: org/springframework/beans/factory/AwareCustomizer> (0x0000000088e12ce8) 
thrown [./open/src/hotspot/share/classfile/systemDictionary.cpp, line 295]
Event: 1.326 Thread 0x0000021ad9dde540 Exception <a 'java/lang/ClassNotFoundException'{0x0000000088e160a0}: org/springframework/context/ApplicationStartupAwareCustomizer> (0x0000000088e160a0) 
thrown [./open/src/hotspot/share/classfile/systemDictionary.cpp, line 295]
Event: 1.327 Thread 0x0000021ad9dde540 Exception <a 'java/lang/ClassNotFoundException'{0x0000000088e1a768}: org/springframework/beans/factory/AwareCustomizer> (0x0000000088e1a768) 
thrown [./open/src/hotspot/share/classfile/systemDictionary.cpp, line 295]
Event: 1.327 Thread 0x0000021ad9dde540 Exception <a 'java/lang/ClassNotFoundException'{0x0000000088e1db28}: org/springframework/beans/factory/BeanClassLoaderAwareCustomizer> (0x0000000088e1db28) 
thrown [./open/src/hotspot/share/classfile/systemDictionary.cpp, line 295]
Event: 1.328 Thread 0x0000021ad9dde540 Exception <a 'java/lang/ClassNotFoundException'{0x0000000088e21f90}: org/springframework/beans/factory/AwareCustomizer> (0x0000000088e21f90) 
thrown [./open/src/hotspot/share/classfile/systemDictionary.cpp, line 295]
Event: 1.328 Thread 0x0000021ad9dde540 Exception <a 'java/lang/ClassNotFoundException'{0x0000000088e25180}: org/springframework/context/EnvironmentAwareCustomizer> (0x0000000088e25180) 
thrown [./open/src/hotspot/share/classfile/systemDictionary.cpp, line 295]
Event: 1.329 Thread 0x0000021ad9dde540 Exception <a 'java/lang/ClassNotFoundException'{0x0000000088e29560}: org/springframework/beans/factory/AwareCustomizer> (0x0000000088e29560) 
thrown [./open/src/hotspot/share/classfile/systemDictionary.cpp, line 295]
Event: 1.348 Thread 0x0000021afc128480 Exception <a 'java/lang/NoSuchMethodError'{0x0000000088d18528}: 'long java.lang.invoke.DirectMethodHandle$Holder.invokeSpecial(java.lang.Object, java.lang.Object)'> (0x0000000088d18528) 
thrown [./open/src/hotspot/share/interpreter/linkResolver.cpp, line 782]
Event: 1.350 Thread 0x0000021afc128480 Exception <a 'java/lang/NoSuchMethodError'{0x0000000088d23e98}: 'long java.lang.invoke.DirectMethodHandle$Holder.invokeStatic(java.lang.Object, java.lang.Object)'> (0x0000000088d23e98) 
thrown [./open/src/hotspot/share/interpreter/linkResolver.cpp, line 782]
Event: 1.353 Thread 0x0000021afc128480 Exception <a 'java/lang/NoSuchMethodError'{0x0000000088d27678}: 'long java.lang.invoke.DirectMethodHandle$Holder.invokeStaticInit(java.lang.Object, java.lang.Object)'> (0x0000000088d27678) 
thrown [./open/src/hotspot/share/interpreter/linkResolver.cpp, line 782]
Event: 1.360 Thread 0x0000021afc128480 Exception <a 'java/lang/NoSuchMethodError'{0x0000000088d35b30}: 'long java.lang.invoke.DirectMethodHandle$Holder.invokeInterface(java.lang.Object, java.lang.Object)'> (0x0000000088d35b30) 
thrown [./open/src/hotspot/share/interpreter/linkResolver.cpp, line 782]
Event: 1.361 Thread 0x0000021afc128480 Exception <a 'java/lang/IncompatibleClassChangeError'{0x0000000088d39290}: Found class java.lang.Object, but interface was expected> (0x0000000088d39290) 
thrown [./open/src/hotspot/share/interpreter/linkResolver.cpp, line 848]
Event: 1.373 Thread 0x0000021afc128480 Exception <a 'java/lang/NoSuchMethodError'{0x0000000088c21df0}: 'java.lang.Object java.lang.invoke.DirectMethodHandle$Holder.invokeVirtual(java.lang.Object, java.lang.Object, java.lang.Object, java.lang.Object)'> (0x0000000088c21df0) 
thrown [./open/src/hotspot/share/interpreter/linkResolver.cpp, line 782]
Event: 1.495 Thread 0x0000021ad9dde540 Exception <a 'java/lang/NoSuchMethodError'{0x0000000088911050}: 'int java.lang.invoke.DirectMethodHandle$Holder.invokeSpecialIFC(java.lang.Object, java.lang.Object, java.lang.Object, java.lang.Object)'> (0x0000000088911050) 
thrown [./open/src/hotspot/share/interpreter/linkResolver.cpp, line 782]
Event: 1.594 Thread 0x0000021ad9dde540 Exception <a 'java/lang/IncompatibleClassChangeError'{0x0000000088eb1230}: Found class java.lang.Object, but interface was expected> (0x0000000088eb1230) 
thrown [./open/src/hotspot/share/interpreter/linkResolver.cpp, line 848]
Event: 1.630 Thread 0x0000021ad9dde540 Exception <a 'java/lang/NoSuchMethodError'{0x0000000088c30bd8}: 'void java.lang.invoke.DirectMethodHandle$Holder.invokeInterface(java.lang.Object, java.lang.Object, java.lang.Object, java.lang.Object)'> (0x0000000088c30bd8) 
thrown [./open/src/hotspot/share/interpreter/linkResolver.cpp, line 782]
Event: 1.713 Thread 0x0000021ad9dde540 Exception <a 'java/lang/NoSuchMethodError'{0x00000000888954b8}: 'java.lang.Object java.lang.invoke.DirectMethodHandle$Holder.invokeStatic(java.lang.Object, java.lang.Object, int)'> (0x00000000888954b8) 
thrown [./open/src/hotspot/share/interpreter/linkResolver.cpp, line 782]
Event: 1.714 Thread 0x0000021ad9dde540 Exception <a 'java/lang/NoSuchMethodError'{0x00000000888a17c0}: 'void java.lang.invoke.DelegatingMethodHandle$Holder.delegate(java.lang.Object, java.lang.Object, int, java.lang.Object)'> (0x00000000888a17c0) 
thrown [./open/src/hotspot/share/interpreter/linkResolver.cpp, line 782]
Event: 2.435 Thread 0x0000021ad9dde540 Exception <a 'java/lang/NoSuchMethodError'{0x00000000874f1fa0}: 'java.lang.Object java.lang.invoke.DirectMethodHandle$Holder.invokeStatic(java.lang.Object, java.lang.Object, java.lang.Object, java.lang.Object, int)'> (0x00000000874f1fa0) 
thrown [./open/src/hotspot/share/interpreter/linkResolver.cpp, line 782]

Events (20 events):
Event: 2.361 loading class java/util/stream/MatchOps$1MatchSink
Event: 2.361 loading class java/util/stream/MatchOps$1MatchSink done
Event: 2.366 Executing VM operation: HandshakeAllThreads
Event: 2.366 Executing VM operation: HandshakeAllThreads done
Event: 2.384 Executing VM operation: HandshakeAllThreads
Event: 2.384 Executing VM operation: HandshakeAllThreads done
Event: 2.429 Executing VM operation: HandshakeAllThreads
Event: 2.429 Executing VM operation: HandshakeAllThreads done
Event: 2.434 loading class java/util/stream/Streams$RangeIntSpliterator
Event: 2.434 loading class java/util/stream/Streams$RangeIntSpliterator done
Event: 2.436 loading class java/util/stream/IntPipeline$1
Event: 2.436 loading class java/util/stream/IntPipeline$1 done
Event: 2.437 loading class java/util/stream/IntPipeline$1$1
Event: 2.437 loading class java/util/stream/IntPipeline$1$1 done
Event: 2.448 loading class java/util/stream/Streams$ConcatSpliterator$OfRef
Event: 2.448 loading class java/util/stream/Streams$ConcatSpliterator
Event: 2.448 loading class java/util/stream/Streams$ConcatSpliterator done
Event: 2.448 loading class java/util/stream/Streams$ConcatSpliterator$OfRef done
Event: 2.448 loading class java/util/stream/Streams$2
Event: 2.448 loading class java/util/stream/Streams$2 done


Dynamic libraries:
0x00007ff685140000 - 0x00007ff68514d000 	C:\Users\Utente\.jdks\openjdk-15.0.1\bin\java.exe
0x00007ff9d5af0000 - 0x00007ff9d5ce6000 	C:\WINDOWS\SYSTEM32\ntdll.dll
0x00007ff9d4f20000 - 0x00007ff9d4fdd000 	C:\WINDOWS\System32\KERNEL32.DLL
0x00007ff9d3310000 - 0x00007ff9d35d9000 	C:\WINDOWS\System32\KERNELBASE.dll
0x00007ff9d38f0000 - 0x00007ff9d39f0000 	C:\WINDOWS\System32\ucrtbase.dll
0x00007ff9cedf0000 - 0x00007ff9cee09000 	C:\Users\Utente\.jdks\openjdk-15.0.1\bin\VCRUNTIME140.dll
0x00007ff9cee10000 - 0x00007ff9cee28000 	C:\Users\Utente\.jdks\openjdk-15.0.1\bin\jli.dll
0x00007ff9d4720000 - 0x00007ff9d48c0000 	C:\WINDOWS\System32\USER32.dll
0x00007ff9d32e0000 - 0x00007ff9d3302000 	C:\WINDOWS\System32\win32u.dll
0x00007ff9b5d60000 - 0x00007ff9b5ffb000 	C:\WINDOWS\WinSxS\amd64_microsoft.windows.common-controls_6595b64144ccf1df_6.0.19041.488_none_ca04af081b815d21\COMCTL32.dll
0x00007ff9d3c30000 - 0x00007ff9d3c5a000 	C:\WINDOWS\System32\GDI32.dll
0x00007ff9d50e0000 - 0x00007ff9d517e000 	C:\WINDOWS\System32\msvcrt.dll
0x00007ff9d35e0000 - 0x00007ff9d36e9000 	C:\WINDOWS\System32\gdi32full.dll
0x00007ff9d36f0000 - 0x00007ff9d378d000 	C:\WINDOWS\System32\msvcp_win.dll
0x00007ff9d3cc0000 - 0x00007ff9d3cf0000 	C:\WINDOWS\System32\IMM32.DLL
0x00007ff9ced70000 - 0x00007ff9ced7c000 	C:\Users\Utente\.jdks\openjdk-15.0.1\bin\vcruntime140_1.dll
0x00007ff9c1920000 - 0x00007ff9c19b1000 	C:\Users\Utente\.jdks\openjdk-15.0.1\bin\msvcp140.dll
0x00007ff999f50000 - 0x00007ff99aaae000 	C:\Users\Utente\.jdks\openjdk-15.0.1\bin\server\jvm.dll
0x00007ff9d4170000 - 0x00007ff9d421c000 	C:\WINDOWS\System32\ADVAPI32.dll
0x00007ff9d5180000 - 0x00007ff9d521c000 	C:\WINDOWS\System32\sechost.dll
0x00007ff9d5220000 - 0x00007ff9d534b000 	C:\WINDOWS\System32\RPCRT4.dll
0x00007ff9d4160000 - 0x00007ff9d4168000 	C:\WINDOWS\System32\PSAPI.DLL
0x00007ff9ba8c0000 - 0x00007ff9ba8c9000 	C:\WINDOWS\SYSTEM32\WSOCK32.dll
0x00007ff9cb5a0000 - 0x00007ff9cb5c7000 	C:\WINDOWS\SYSTEM32\WINMM.dll
0x00007ff9d4c20000 - 0x00007ff9d4c8b000 	C:\WINDOWS\System32\WS2_32.dll
0x00007ff9cac30000 - 0x00007ff9cac3a000 	C:\WINDOWS\SYSTEM32\VERSION.dll
0x00007ff9d1ad0000 - 0x00007ff9d1ae2000 	C:\WINDOWS\SYSTEM32\kernel.appcore.dll
0x00007ff9ce9b0000 - 0x00007ff9ce9ba000 	C:\Users\Utente\.jdks\openjdk-15.0.1\bin\jimage.dll
0x00007ff9d1050000 - 0x00007ff9d1234000 	C:\WINDOWS\SYSTEM32\DBGHELP.DLL
0x00007ff9c1d00000 - 0x00007ff9c1d2c000 	C:\WINDOWS\SYSTEM32\dbgcore.DLL
0x00007ff9d39f0000 - 0x00007ff9d3a70000 	C:\WINDOWS\System32\bcryptPrimitives.dll
0x00007ff9ccb90000 - 0x00007ff9ccb9e000 	C:\Users\Utente\.jdks\openjdk-15.0.1\bin\instrument.dll
0x00007ff9cc550000 - 0x00007ff9cc575000 	C:\Users\Utente\.jdks\openjdk-15.0.1\bin\java.dll
0x00007ff9d5360000 - 0x00007ff9d5aa2000 	C:\WINDOWS\System32\SHELL32.dll
0x00007ff9d1320000 - 0x00007ff9d1ab5000 	C:\WINDOWS\SYSTEM32\windows.storage.dll
0x00007ff9d48c0000 - 0x00007ff9d4c16000 	C:\WINDOWS\System32\combase.dll
0x00007ff9d2ca0000 - 0x00007ff9d2ccc000 	C:\WINDOWS\SYSTEM32\Wldp.dll
0x00007ff9d4670000 - 0x00007ff9d471e000 	C:\WINDOWS\System32\SHCORE.dll
0x00007ff9d4c90000 - 0x00007ff9d4ce5000 	C:\WINDOWS\System32\shlwapi.dll
0x00007ff9d3160000 - 0x00007ff9d3186000 	C:\WINDOWS\SYSTEM32\profapi.dll
0x00007ff9bd5f0000 - 0x00007ff9bd608000 	C:\Users\Utente\.jdks\openjdk-15.0.1\bin\zip.dll
0x00007ff9cd0d0000 - 0x00007ff9cd0e9000 	C:\Users\Utente\.jdks\openjdk-15.0.1\bin\net.dll
0x00007ff9c48f0000 - 0x00007ff9c49f0000 	C:\WINDOWS\SYSTEM32\WINHTTP.dll
0x00007ff9d2a20000 - 0x00007ff9d2a8a000 	C:\WINDOWS\system32\mswsock.dll
0x00007ff9cce40000 - 0x00007ff9cce52000 	C:\Users\Utente\.jdks\openjdk-15.0.1\bin\nio.dll
0x00007ff9bd5d0000 - 0x00007ff9bd5ea000 	C:\Program Files\JetBrains\IntelliJ IDEA Community Edition 2020.2.3\bin\breakgen64.dll
0x00007ff9cc920000 - 0x00007ff9cc930000 	C:\Users\Utente\.jdks\openjdk-15.0.1\bin\verify.dll
0x00007ff9cc830000 - 0x00007ff9cc839000 	C:\Users\Utente\.jdks\openjdk-15.0.1\bin\management.dll
0x00007ff9c1910000 - 0x00007ff9c191b000 	C:\Users\Utente\.jdks\openjdk-15.0.1\bin\management_ext.dll
0x00007ff9a8960000 - 0x00007ff9a8977000 	C:\WINDOWS\system32\napinsp.dll
0x00007ff9a8810000 - 0x00007ff9a882b000 	C:\WINDOWS\system32\pnrpnsp.dll
0x00007ff9cd6b0000 - 0x00007ff9cd6c5000 	C:\WINDOWS\system32\wshbth.dll
0x00007ff9ce690000 - 0x00007ff9ce6ad000 	C:\WINDOWS\system32\NLAapi.dll
0x00007ff9d26a0000 - 0x00007ff9d26db000 	C:\WINDOWS\SYSTEM32\IPHLPAPI.DLL
0x00007ff9d26e0000 - 0x00007ff9d27ab000 	C:\WINDOWS\SYSTEM32\DNSAPI.dll
0x00007ff9d5350000 - 0x00007ff9d5358000 	C:\WINDOWS\System32\NSI.dll
0x00007ff9a87f0000 - 0x00007ff9a8802000 	C:\WINDOWS\System32\winrnr.dll
0x00007ff9cada0000 - 0x00007ff9cadaa000 	C:\Windows\System32\rasadhlp.dll
0x00007ff9c4180000 - 0x00007ff9c41ff000 	C:\WINDOWS\System32\fwpuclnt.dll
0x00007ff9d3b20000 - 0x00007ff9d3b47000 	C:\WINDOWS\System32\bcrypt.dll

dbghelp: loaded successfully - version: 4.0.5 - missing functions: none
symbol engine: initialized successfully - sym options: 0x614 - pdb path: .;C:\Users\Utente\.jdks\openjdk-15.0.1\bin;C:\WINDOWS\SYSTEM32;C:\WINDOWS\WinSxS\amd64_microsoft.windows.common-controls_6595b64144ccf1df_6.0.19041.488_none_ca04af081b815d21;C:\Users\Utente\.jdks\openjdk-15.0.1\bin\server;C:\Program Files\JetBrains\IntelliJ IDEA Community Edition 2020.2.3\bin

VM Arguments:
jvm_args: -javaagent:C:\Program Files\JetBrains\IntelliJ IDEA Community Edition 2020.2.3\lib\idea_rt.jar=49532:C:\Program Files\JetBrains\IntelliJ IDEA Community Edition 2020.2.3\bin -Dfile.encoding=UTF-8 
java_command: com.gruppo13.CalendarMS.CalendarMsApplication
java_class_path (initial): C:\Users\Utente\Desktop\progetto\calendar\StudentOne\microservizi\CalendarMS\target\classes;C:\Users\Utente\.m2\repository\org\springframework\boot\spring-boot-starter-data-jpa\2.4.1\spring-boot-starter-data-jpa-2.4.1.jar;C:\Users\Utente\.m2\repository\org\springframework\boot\spring-boot-starter-aop\2.4.1\spring-boot-starter-aop-2.4.1.jar;C:\Users\Utente\.m2\repository\org\springframework\spring-aop\5.3.2\spring-aop-5.3.2.jar;C:\Users\Utente\.m2\repository\org\aspectj\aspectjweaver\1.9.6\aspectjweaver-1.9.6.jar;C:\Users\Utente\.m2\repository\org\springframework\boot\spring-boot-starter-jdbc\2.4.1\spring-boot-starter-jdbc-2.4.1.jar;C:\Users\Utente\.m2\repository\com\zaxxer\HikariCP\3.4.5\HikariCP-3.4.5.jar;C:\Users\Utente\.m2\repository\org\springframework\spring-jdbc\5.3.2\spring-jdbc-5.3.2.jar;C:\Users\Utente\.m2\repository\jakarta\transaction\jakarta.transaction-api\1.3.3\jakarta.transaction-api-1.3.3.jar;C:\Users\Utente\.m2\repository\jakarta\persistence\jakarta.persistence-api\2.2.3\jakarta.persistence-api-2.2.3.jar;C:\Users\Utente\.m2\repository\org\springframework\data\spring-data-jpa\2.4.2\spring-data-jpa-2.4.2.jar;C:\Users\Utente\.m2\repository\org\springframework\data\spring-data-commons\2.4.2\spring-data-commons-2.4.2.jar;C:\Users\Utente\.m2\repository\org\springframework\spring-orm\5.3.2\spring-orm-5.3.2.jar;C:\Users\Utente\.m2\repository\org\springframework\spring-context\5.3.2\spring-context-5.3.2.jar;C:\Users\Utente\.m2\repository\org\springframework\spring-tx\5.3.2\spring-tx-5.3.2.jar;C:\Users\Utente\.m2\repository\org\springframework\spring-beans\5.3.2\spring-beans-5.3.2.jar;C:\Users\Utente\.m2\repository\org\slf4j\slf4j-api\1.7.30\slf4j-api-1.7.30.jar;C:\Users\Utente\.m2\repository\org\springframework\spring-aspects\5.3.2\spring-aspects-5.3.2.jar;C:\Users\Utente\.m2\repository\org\springframework\boot\spring-boot-starter-web\2.4.1\spring-boot-starter-web-2.4.1.jar;C:\Users\Utente\.m2\repository\org\springframework\boot\
Launcher Type: SUN_STANDARD

[Global flags]
     intx CICompilerCount                          = 4                                         {product} {ergonomic}
     uint ConcGCThreads                            = 2                                         {product} {ergonomic}
     uint G1ConcRefinementThreads                  = 8                                         {product} {ergonomic}
   size_t G1HeapRegionSize                         = 1048576                                   {product} {ergonomic}
    uintx GCDrainStackTargetSize                   = 64                                        {product} {ergonomic}
   size_t InitialHeapSize                          = 134217728                                 {product} {ergonomic}
   size_t MarkStackSize                            = 4194304                                   {product} {ergonomic}
   size_t MaxHeapSize                              = 2124414976                                {product} {ergonomic}
   size_t MaxNewSize                               = 1274019840                                {product} {ergonomic}
   size_t MinHeapDeltaBytes                        = 1048576                                   {product} {ergonomic}
   size_t MinHeapSize                              = 8388608                                   {product} {ergonomic}
    uintx NonNMethodCodeHeapSize                   = 5839372                                {pd product} {ergonomic}
    uintx NonProfiledCodeHeapSize                  = 122909434                              {pd product} {ergonomic}
    uintx ProfiledCodeHeapSize                     = 122909434                              {pd product} {ergonomic}
    uintx ReservedCodeCacheSize                    = 251658240                              {pd product} {ergonomic}
     bool SegmentedCodeCache                       = true                                      {product} {ergonomic}
   size_t SoftMaxHeapSize                          = 2124414976                             {manageable} {ergonomic}
     bool UseCompressedClassPointers               = true                                 {lp64_product} {ergonomic}
     bool UseCompressedOops                        = true                                 {lp64_product} {ergonomic}
     bool UseG1GC                                  = true                                      {product} {ergonomic}
     bool UseLargePagesIndividualAllocation        = false                                  {pd product} {ergonomic}

Logging:
Log output configuration:
 #0: stdout all=warning uptime,level,tags
 #1: stderr all=off uptime,level,tags

Environment Variables:
PATH=C:\Program Files (x86)\Common Files\Oracle\Java\javapath;C:\Program Files (x86)\Intel\Intel(R) Management Engine Components\iCLS\;C:\Program Files\Intel\Intel(R) Management Engine Components\iCLS\;C:\WINDOWS\system32;C:\WINDOWS;C:\WINDOWS\System32\Wbem;C:\WINDOWS\System32\WindowsPowerShell\v1.0\;C:\WINDOWS\System32\OpenSSH\;C:\Program Files (x86)\Intel\Intel(R) Management Engine Components\DAL;C:\Program Files\Intel\Intel(R) Management Engine Components\DAL;C:\Program Files\PuTTY\;C:\Program Files (x86)\Graphviz2.38\bin;C:\Program Files\Microsoft VS Code\bin;C:\Program Files\MATLAB\R2019b\bin;C:\Users\Utente\Desktop\battle(java);C:\Program Files (x86)\Calibre2\;C:\Program Files\Docker\Docker\resources\bin;C:\ProgramData\DockerDesktop\version-bin;C:\Program Files\Git\cmd;C:\Program Files\nodejs\;C:\Users\Utente\Anaconda3;C:\Users\Utente\Anaconda3\Library\mingw-w64\bin;C:\Users\Utente\Anaconda3\Library\usr\bin;C:\Users\Utente\Anaconda3\Library\bin;C:\Users\Utente\Anaconda3\Scripts;C:\Users\Utente\AppData\Local\Programs\Python\Python37-32\Scripts\;C:\Users\Utente\AppData\Local\Programs\Python\Python37-32\;C:\Users\Utente\AppData\Local\Microsoft\WindowsApps;D:\universit\3 anno\tesi\miktex\miktex\bin\x64\;C:\Program Files\Docker Toolbox;C:\Users\Utente\AppData\Local\GitHubDesktop\bin;C:\Users\Utente\AppData\Roaming\npm
USERNAME=Utente
OS=Windows_NT
PROCESSOR_IDENTIFIER=Intel64 Family 6 Model 142 Stepping 10, GenuineIntel



---------------  S Y S T E M  ---------------

OS:
 Windows 10 , 64 bit Build 19041 (10.0.19041.662)
OS uptime: 9 days 7:17 hours
HyperV virtualization detected

CPU: total 8 (initial active 8) (4 cores per cpu, 2 threads per core) family 6 model 142 stepping 10 microcode 0xb4, cmov, cx8, fxsr, mmx, sse, sse2, sse3, ssse3, sse4.1, sse4.2, popcnt, vzeroupper, avx, avx2, aes, clmul, erms, 3dnowpref, lzcnt, ht, tsc, tscinvbit, bmi1, bmi2, adx, fma, clflush, clflushopt

Memory: 4k page, system-wide physical 8101M (766M free)
TotalPageFile size 11101M (AvailPageFile size 4M)
current process WorkingSet (physical memory assigned to process): 148M, peak: 149M
current process commit charge ("private bytes"): 266M, peak: 267M

vm_info: OpenJDK 64-Bit Server VM (15.0.1+9-18) for windows-amd64 JRE (15.0.1+9-18), built on Sep 15 2020 14:39:31 by "mach5one" with unknown MS VC++:1925

END.
