#
# There is insufficient memory for the Java Runtime Environment to continue.
# Native memory allocation (malloc) failed to allocate 1083216 bytes for Chunk::new
# Possible reasons:
#   The system is out of physical RAM or swap space
#   The process is running with CompressedOops enabled, and the Java Heap may be blocking the growth of the native heap
# Possible solutions:
#   Reduce memory load on the system
#   Increase physical memory or swap space
#   Check if swap backing store is full
#   Decrease Java heap size (-Xmx/-Xms)
#   Decrease number of Java threads
#   Decrease Java thread stack sizes (-Xss)
#   Set larger code cache with -XX:ReservedCodeCacheSize=
#   JVM is running with Unscaled Compressed Oops mode in which the Java heap is
#     placed in the first 4GB address space. The Java Heap base address is the
#     maximum limit for the native heap growth. Please use -XX:HeapBaseMinAddress
#     to set the Java Heap base and to place the Java Heap above 4GB virtual address.
# This output file may be truncated or incomplete.
#
#  Out of Memory Error (./open/src/hotspot/share/memory/arena.cpp:195), pid=9316, tid=6004
#
# JRE version: OpenJDK Runtime Environment (15.0.1+9) (build 15.0.1+9-18)
# Java VM: OpenJDK 64-Bit Server VM (15.0.1+9-18, mixed mode, sharing, tiered, compressed oops, g1 gc, windows-amd64)
# No core dump will be written. Minidumps are not enabled by default on client versions of Windows
#

---------------  S U M M A R Y ------------

Command Line: -javaagent:C:\Program Files\JetBrains\IntelliJ IDEA Community Edition 2020.2.3\lib\idea_rt.jar=49560:C:\Program Files\JetBrains\IntelliJ IDEA Community Edition 2020.2.3\bin -Dfile.encoding=UTF-8 com.gruppo13.CalendarMS.CalendarMsApplication

Host: Intel(R) Core(TM) i7-8550U CPU @ 1.80GHz, 8 cores, 7G,  Windows 10 , 64 bit Build 19041 (10.0.19041.662)
Time: Mon Jan 11 18:45:17 2021 ora solare Europa occidentale elapsed time: 2.134672 seconds (0d 0h 0m 2s)

---------------  T H R E A D  ---------------

Current thread (0x000001ead7016530):  JavaThread "C2 CompilerThread2" daemon [_thread_in_native, id=6004, stack(0x000000b836e00000,0x000000b836f00000)]


Current CompileTask:
C2:   2134 2721   !   4       jdk.internal.loader.BuiltinClassLoader::loadClassOrNull (143 bytes)

Stack: [0x000000b836e00000,0x000000b836f00000]
Native frames: (J=compiled Java code, j=interpreted, Vv=VM code, C=native code)
V  [jvm.dll+0x62ae9a]
V  [jvm.dll+0x781389]
V  [jvm.dll+0x782ae3]
V  [jvm.dll+0x783143]
V  [jvm.dll+0x216265]
V  [jvm.dll+0x97efa]
V  [jvm.dll+0x985dc]
V  [jvm.dll+0x27a1bf]
V  [jvm.dll+0x5408d4]
V  [jvm.dll+0x1f3064]
V  [jvm.dll+0x1eca31]
V  [jvm.dll+0x1e97a7]
V  [jvm.dll+0x1784c7]
V  [jvm.dll+0x1f9165]
V  [jvm.dll+0x1f720c]
V  [jvm.dll+0x74485d]
V  [jvm.dll+0x73d65a]
V  [jvm.dll+0x629c56]
C  [ucrtbase.dll+0x214c2]
C  [KERNEL32.DLL+0x17034]
C  [ntdll.dll+0x4d0d1]


---------------  P R O C E S S  ---------------

Threads class SMR info:
_java_thread_list=0x000001ead71ba720, length=14, elements={
0x000001eab6040b50, 0x000001ead4b244f0, 0x000001ead4b24fd0, 0x000001ead4b3cbd0,
0x000001ead4b3f5a0, 0x000001ead4b41990, 0x000001ead4b46850, 0x000001ead4b49210,
0x000001ead4b5a6f0, 0x000001ead4b07970, 0x000001ead55a39c0, 0x000001ead56ceca0,
0x000001ead56cf170, 0x000001ead7016530
}

Java Threads: ( => current thread )
  0x000001eab6040b50 JavaThread "main" [_thread_in_Java, id=15160, stack(0x000000b835500000,0x000000b835600000)]
  0x000001ead4b244f0 JavaThread "Reference Handler" daemon [_thread_blocked, id=10740, stack(0x000000b835c00000,0x000000b835d00000)]
  0x000001ead4b24fd0 JavaThread "Finalizer" daemon [_thread_blocked, id=11096, stack(0x000000b835d00000,0x000000b835e00000)]
  0x000001ead4b3cbd0 JavaThread "Signal Dispatcher" daemon [_thread_blocked, id=5464, stack(0x000000b835e00000,0x000000b835f00000)]
  0x000001ead4b3f5a0 JavaThread "Attach Listener" daemon [_thread_blocked, id=16396, stack(0x000000b835f00000,0x000000b836000000)]
  0x000001ead4b41990 JavaThread "Service Thread" daemon [_thread_blocked, id=9320, stack(0x000000b836000000,0x000000b836100000)]
  0x000001ead4b46850 JavaThread "C2 CompilerThread0" daemon [_thread_in_native, id=2000, stack(0x000000b836100000,0x000000b836200000)]
  0x000001ead4b49210 JavaThread "C1 CompilerThread0" daemon [_thread_blocked, id=17484, stack(0x000000b836200000,0x000000b836300000)]
  0x000001ead4b5a6f0 JavaThread "Sweeper thread" daemon [_thread_blocked, id=12468, stack(0x000000b836300000,0x000000b836400000)]
  0x000001ead4b07970 JavaThread "Common-Cleaner" daemon [_thread_blocked, id=18888, stack(0x000000b836400000,0x000000b836500000)]
  0x000001ead55a39c0 JavaThread "C2 CompilerThread1" daemon [_thread_in_native, id=18524, stack(0x000000b836500000,0x000000b836600000)]
  0x000001ead56ceca0 JavaThread "Monitor Ctrl-Break" daemon [_thread_in_native, id=3988, stack(0x000000b836600000,0x000000b836700000)]
  0x000001ead56cf170 JavaThread "Notification Thread" daemon [_thread_blocked, id=5060, stack(0x000000b836700000,0x000000b836800000)]
=>0x000001ead7016530 JavaThread "C2 CompilerThread2" daemon [_thread_in_native, id=6004, stack(0x000000b836e00000,0x000000b836f00000)]

Other Threads:
  0x000001ead4b20f30 VMThread "VM Thread" [stack: 0x000000b835b00000,0x000000b835c00000] [id=18212]
  0x000001ead580f4e0 WatcherThread [stack: 0x000000b836800000,0x000000b836900000] [id=12116]
  0x000001eab60827e0 GCTaskThread "GC Thread#0" [stack: 0x000000b835600000,0x000000b835700000] [id=10792]
  0x000001ead5a96980 GCTaskThread "GC Thread#1" [stack: 0x000000b836900000,0x000000b836a00000] [id=18732]
  0x000001ead5a96cb0 GCTaskThread "GC Thread#2" [stack: 0x000000b836a00000,0x000000b836b00000] [id=12328]
  0x000001ead5a97640 GCTaskThread "GC Thread#3" [stack: 0x000000b836d00000,0x000000b836e00000] [id=12140]
  0x000001eab6093580 ConcurrentGCThread "G1 Main Marker" [stack: 0x000000b835700000,0x000000b835800000] [id=4272]
  0x000001eab6094820 ConcurrentGCThread "G1 Conc#0" [stack: 0x000000b835800000,0x000000b835900000] [id=9756]
  0x000001eab610e760 ConcurrentGCThread "G1 Refine#0" [stack: 0x000000b835900000,0x000000b835a00000] [id=18748]
  0x000001ead63b0d90 ConcurrentGCThread "G1 Refine#1" [stack: 0x000000b836b00000,0x000000b836c00000] [id=18468]
  0x000001ead4993210 ConcurrentGCThread "G1 Young RemSet Sampling" [stack: 0x000000b835a00000,0x000000b835b00000] [id=13452]

Threads with active compile tasks:
C2 CompilerThread0     2160 2790       4       org.springframework.beans.factory.support.AbstractBeanFactory::isTypeMatch (607 bytes)
C2 CompilerThread1     2160 2692       4       java.lang.invoke.MethodType::makeImpl (108 bytes)
C2 CompilerThread2     2160 2721   !   4       jdk.internal.loader.BuiltinClassLoader::loadClassOrNull (143 bytes)

VM state: not at safepoint (normal execution)

VM Mutex/Monitor currently owned by a thread: None

Heap address: 0x0000000081600000, size: 2026 MB, Compressed Oops mode: 32-bit
CDS archive(s) mapped at: [0x0000000800000000-0x0000000800b50000-0x0000000800b50000), size 11862016, SharedBaseAddress: 0x0000000800000000, ArchiveRelocationMode: 0.
Compressed class space mapped at: 0x0000000800b50000-0x0000000840b50000, size: 1073741824
Narrow klass base: 0x0000000800000000, Narrow klass shift: 3, Narrow klass range: 0x100000000

GC Precious Log:
 CPUs: 8 total, 8 available
 Memory: 8101M
 Large Page Support: Disabled
 NUMA Support: Disabled
 Compressed Oops: Enabled (32-bit)
 Heap Region Size: 1M
 Heap Min Capacity: 8M
 Heap Initial Capacity: 128M
 Heap Max Capacity: 2026M
 Pre-touch: Disabled
 Parallel Workers: 8
 Concurrent Workers: 2
 Concurrent Refinement Workers: 8
 Periodic GC: Disabled

Heap:
 garbage-first heap   total 131072K, used 46909K [0x0000000081600000, 0x0000000100000000)
  region size 1024K, 41 young (41984K), 3 survivors (3072K)
 Metaspace       used 19632K, capacity 19930K, committed 20224K, reserved 1067008K
  class space    used 2358K, capacity 2446K, committed 2560K, reserved 1048576K

Heap Regions: E=young(eden), S=young(survivor), O=old, HS=humongous(starts), HC=humongous(continues), CS=collection set, F=free, OA=open archive, CA=closed archive, TAMS=top-at-mark-start (previous, next)
|   0|0x0000000081600000, 0x0000000081700000, 0x0000000081700000|100%|HS|  |TAMS 0x0000000081600000, 0x0000000081600000| Complete 
|   1|0x0000000081700000, 0x0000000081800000, 0x0000000081800000|100%| O|  |TAMS 0x0000000081700000, 0x0000000081700000| Untracked 
|   2|0x0000000081800000, 0x0000000081900000, 0x0000000081900000|100%| O|  |TAMS 0x0000000081800000, 0x0000000081800000| Untracked 
|   3|0x0000000081900000, 0x0000000081a00000, 0x0000000081a00000|100%| O|  |TAMS 0x0000000081900000, 0x0000000081900000| Untracked 
|   4|0x0000000081a00000, 0x0000000081b00000, 0x0000000081b00000|100%| O|  |TAMS 0x0000000081a00000, 0x0000000081a00000| Untracked 
|   5|0x0000000081b00000, 0x0000000081c00000, 0x0000000081c00000|100%| O|  |TAMS 0x0000000081b00000, 0x0000000081b00000| Untracked 
|   6|0x0000000081c00000, 0x0000000081d00000, 0x0000000081d00000|100%| O|  |TAMS 0x0000000081c00000, 0x0000000081c00000| Untracked 
|   7|0x0000000081d00000, 0x0000000081d5d800, 0x0000000081e00000| 36%| O|  |TAMS 0x0000000081d00000, 0x0000000081d00000| Untracked 
|   8|0x0000000081e00000, 0x0000000081e00000, 0x0000000081f00000|  0%| F|  |TAMS 0x0000000081e00000, 0x0000000081e00000| Untracked 
|   9|0x0000000081f00000, 0x0000000081f00000, 0x0000000082000000|  0%| F|  |TAMS 0x0000000081f00000, 0x0000000081f00000| Untracked 
|  10|0x0000000082000000, 0x0000000082000000, 0x0000000082100000|  0%| F|  |TAMS 0x0000000082000000, 0x0000000082000000| Untracked 
|  11|0x0000000082100000, 0x0000000082100000, 0x0000000082200000|  0%| F|  |TAMS 0x0000000082100000, 0x0000000082100000| Untracked 
|  12|0x0000000082200000, 0x0000000082200000, 0x0000000082300000|  0%| F|  |TAMS 0x0000000082200000, 0x0000000082200000| Untracked 
|  13|0x0000000082300000, 0x0000000082300000, 0x0000000082400000|  0%| F|  |TAMS 0x0000000082300000, 0x0000000082300000| Untracked 
|  14|0x0000000082400000, 0x0000000082400000, 0x0000000082500000|  0%| F|  |TAMS 0x0000000082400000, 0x0000000082400000| Untracked 
|  15|0x0000000082500000, 0x0000000082500000, 0x0000000082600000|  0%| F|  |TAMS 0x0000000082500000, 0x0000000082500000| Untracked 
|  16|0x0000000082600000, 0x0000000082600000, 0x0000000082700000|  0%| F|  |TAMS 0x0000000082600000, 0x0000000082600000| Untracked 
|  17|0x0000000082700000, 0x0000000082700000, 0x0000000082800000|  0%| F|  |TAMS 0x0000000082700000, 0x0000000082700000| Untracked 
|  18|0x0000000082800000, 0x0000000082800000, 0x0000000082900000|  0%| F|  |TAMS 0x0000000082800000, 0x0000000082800000| Untracked 
|  19|0x0000000082900000, 0x0000000082900000, 0x0000000082a00000|  0%| F|  |TAMS 0x0000000082900000, 0x0000000082900000| Untracked 
|  20|0x0000000082a00000, 0x0000000082a00000, 0x0000000082b00000|  0%| F|  |TAMS 0x0000000082a00000, 0x0000000082a00000| Untracked 
|  21|0x0000000082b00000, 0x0000000082b00000, 0x0000000082c00000|  0%| F|  |TAMS 0x0000000082b00000, 0x0000000082b00000| Untracked 
|  22|0x0000000082c00000, 0x0000000082c00000, 0x0000000082d00000|  0%| F|  |TAMS 0x0000000082c00000, 0x0000000082c00000| Untracked 
|  23|0x0000000082d00000, 0x0000000082d00000, 0x0000000082e00000|  0%| F|  |TAMS 0x0000000082d00000, 0x0000000082d00000| Untracked 
|  24|0x0000000082e00000, 0x0000000082e00000, 0x0000000082f00000|  0%| F|  |TAMS 0x0000000082e00000, 0x0000000082e00000| Untracked 
|  25|0x0000000082f00000, 0x0000000082f00000, 0x0000000083000000|  0%| F|  |TAMS 0x0000000082f00000, 0x0000000082f00000| Untracked 
|  26|0x0000000083000000, 0x0000000083000000, 0x0000000083100000|  0%| F|  |TAMS 0x0000000083000000, 0x0000000083000000| Untracked 
|  27|0x0000000083100000, 0x0000000083100000, 0x0000000083200000|  0%| F|  |TAMS 0x0000000083100000, 0x0000000083100000| Untracked 
|  28|0x0000000083200000, 0x0000000083200000, 0x0000000083300000|  0%| F|  |TAMS 0x0000000083200000, 0x0000000083200000| Untracked 
|  29|0x0000000083300000, 0x0000000083300000, 0x0000000083400000|  0%| F|  |TAMS 0x0000000083300000, 0x0000000083300000| Untracked 
|  30|0x0000000083400000, 0x0000000083400000, 0x0000000083500000|  0%| F|  |TAMS 0x0000000083400000, 0x0000000083400000| Untracked 
|  31|0x0000000083500000, 0x0000000083500000, 0x0000000083600000|  0%| F|  |TAMS 0x0000000083500000, 0x0000000083500000| Untracked 
|  32|0x0000000083600000, 0x0000000083600000, 0x0000000083700000|  0%| F|  |TAMS 0x0000000083600000, 0x0000000083600000| Untracked 
|  33|0x0000000083700000, 0x0000000083700000, 0x0000000083800000|  0%| F|  |TAMS 0x0000000083700000, 0x0000000083700000| Untracked 
|  34|0x0000000083800000, 0x0000000083800000, 0x0000000083900000|  0%| F|  |TAMS 0x0000000083800000, 0x0000000083800000| Untracked 
|  35|0x0000000083900000, 0x0000000083900000, 0x0000000083a00000|  0%| F|  |TAMS 0x0000000083900000, 0x0000000083900000| Untracked 
|  36|0x0000000083a00000, 0x0000000083a00000, 0x0000000083b00000|  0%| F|  |TAMS 0x0000000083a00000, 0x0000000083a00000| Untracked 
|  37|0x0000000083b00000, 0x0000000083b00000, 0x0000000083c00000|  0%| F|  |TAMS 0x0000000083b00000, 0x0000000083b00000| Untracked 
|  38|0x0000000083c00000, 0x0000000083c00000, 0x0000000083d00000|  0%| F|  |TAMS 0x0000000083c00000, 0x0000000083c00000| Untracked 
|  39|0x0000000083d00000, 0x0000000083d00000, 0x0000000083e00000|  0%| F|  |TAMS 0x0000000083d00000, 0x0000000083d00000| Untracked 
|  40|0x0000000083e00000, 0x0000000083e00000, 0x0000000083f00000|  0%| F|  |TAMS 0x0000000083e00000, 0x0000000083e00000| Untracked 
|  41|0x0000000083f00000, 0x0000000083f00000, 0x0000000084000000|  0%| F|  |TAMS 0x0000000083f00000, 0x0000000083f00000| Untracked 
|  42|0x0000000084000000, 0x0000000084000000, 0x0000000084100000|  0%| F|  |TAMS 0x0000000084000000, 0x0000000084000000| Untracked 
|  43|0x0000000084100000, 0x0000000084100000, 0x0000000084200000|  0%| F|  |TAMS 0x0000000084100000, 0x0000000084100000| Untracked 
|  44|0x0000000084200000, 0x0000000084200000, 0x0000000084300000|  0%| F|  |TAMS 0x0000000084200000, 0x0000000084200000| Untracked 
|  45|0x0000000084300000, 0x0000000084300000, 0x0000000084400000|  0%| F|  |TAMS 0x0000000084300000, 0x0000000084300000| Untracked 
|  46|0x0000000084400000, 0x0000000084400000, 0x0000000084500000|  0%| F|  |TAMS 0x0000000084400000, 0x0000000084400000| Untracked 
|  47|0x0000000084500000, 0x0000000084500000, 0x0000000084600000|  0%| F|  |TAMS 0x0000000084500000, 0x0000000084500000| Untracked 
|  48|0x0000000084600000, 0x0000000084600000, 0x0000000084700000|  0%| F|  |TAMS 0x0000000084600000, 0x0000000084600000| Untracked 
|  49|0x0000000084700000, 0x0000000084700000, 0x0000000084800000|  0%| F|  |TAMS 0x0000000084700000, 0x0000000084700000| Untracked 
|  50|0x0000000084800000, 0x0000000084800000, 0x0000000084900000|  0%| F|  |TAMS 0x0000000084800000, 0x0000000084800000| Untracked 
|  51|0x0000000084900000, 0x0000000084900000, 0x0000000084a00000|  0%| F|  |TAMS 0x0000000084900000, 0x0000000084900000| Untracked 
|  52|0x0000000084a00000, 0x0000000084a00000, 0x0000000084b00000|  0%| F|  |TAMS 0x0000000084a00000, 0x0000000084a00000| Untracked 
|  53|0x0000000084b00000, 0x0000000084b00000, 0x0000000084c00000|  0%| F|  |TAMS 0x0000000084b00000, 0x0000000084b00000| Untracked 
|  54|0x0000000084c00000, 0x0000000084c00000, 0x0000000084d00000|  0%| F|  |TAMS 0x0000000084c00000, 0x0000000084c00000| Untracked 
|  55|0x0000000084d00000, 0x0000000084d00000, 0x0000000084e00000|  0%| F|  |TAMS 0x0000000084d00000, 0x0000000084d00000| Untracked 
|  56|0x0000000084e00000, 0x0000000084e00000, 0x0000000084f00000|  0%| F|  |TAMS 0x0000000084e00000, 0x0000000084e00000| Untracked 
|  57|0x0000000084f00000, 0x0000000084f00000, 0x0000000085000000|  0%| F|  |TAMS 0x0000000084f00000, 0x0000000084f00000| Untracked 
|  58|0x0000000085000000, 0x0000000085000000, 0x0000000085100000|  0%| F|  |TAMS 0x0000000085000000, 0x0000000085000000| Untracked 
|  59|0x0000000085100000, 0x0000000085100000, 0x0000000085200000|  0%| F|  |TAMS 0x0000000085100000, 0x0000000085100000| Untracked 
|  60|0x0000000085200000, 0x0000000085200000, 0x0000000085300000|  0%| F|  |TAMS 0x0000000085200000, 0x0000000085200000| Untracked 
|  61|0x0000000085300000, 0x0000000085300000, 0x0000000085400000|  0%| F|  |TAMS 0x0000000085300000, 0x0000000085300000| Untracked 
|  62|0x0000000085400000, 0x0000000085400000, 0x0000000085500000|  0%| F|  |TAMS 0x0000000085400000, 0x0000000085400000| Untracked 
|  63|0x0000000085500000, 0x0000000085500000, 0x0000000085600000|  0%| F|  |TAMS 0x0000000085500000, 0x0000000085500000| Untracked 
|  64|0x0000000085600000, 0x0000000085600000, 0x0000000085700000|  0%| F|  |TAMS 0x0000000085600000, 0x0000000085600000| Untracked 
|  65|0x0000000085700000, 0x0000000085700000, 0x0000000085800000|  0%| F|  |TAMS 0x0000000085700000, 0x0000000085700000| Untracked 
|  66|0x0000000085800000, 0x0000000085800000, 0x0000000085900000|  0%| F|  |TAMS 0x0000000085800000, 0x0000000085800000| Untracked 
|  67|0x0000000085900000, 0x0000000085900000, 0x0000000085a00000|  0%| F|  |TAMS 0x0000000085900000, 0x0000000085900000| Untracked 
|  68|0x0000000085a00000, 0x0000000085a00000, 0x0000000085b00000|  0%| F|  |TAMS 0x0000000085a00000, 0x0000000085a00000| Untracked 
|  69|0x0000000085b00000, 0x0000000085b00000, 0x0000000085c00000|  0%| F|  |TAMS 0x0000000085b00000, 0x0000000085b00000| Untracked 
|  70|0x0000000085c00000, 0x0000000085c00000, 0x0000000085d00000|  0%| F|  |TAMS 0x0000000085c00000, 0x0000000085c00000| Untracked 
|  71|0x0000000085d00000, 0x0000000085d00000, 0x0000000085e00000|  0%| F|  |TAMS 0x0000000085d00000, 0x0000000085d00000| Untracked 
|  72|0x0000000085e00000, 0x0000000085e00000, 0x0000000085f00000|  0%| F|  |TAMS 0x0000000085e00000, 0x0000000085e00000| Untracked 
|  73|0x0000000085f00000, 0x0000000085f00000, 0x0000000086000000|  0%| F|  |TAMS 0x0000000085f00000, 0x0000000085f00000| Untracked 
|  74|0x0000000086000000, 0x0000000086000000, 0x0000000086100000|  0%| F|  |TAMS 0x0000000086000000, 0x0000000086000000| Untracked 
|  75|0x0000000086100000, 0x0000000086100000, 0x0000000086200000|  0%| F|  |TAMS 0x0000000086100000, 0x0000000086100000| Untracked 
|  76|0x0000000086200000, 0x0000000086200000, 0x0000000086300000|  0%| F|  |TAMS 0x0000000086200000, 0x0000000086200000| Untracked 
|  77|0x0000000086300000, 0x0000000086300000, 0x0000000086400000|  0%| F|  |TAMS 0x0000000086300000, 0x0000000086300000| Untracked 
|  78|0x0000000086400000, 0x0000000086400000, 0x0000000086500000|  0%| F|  |TAMS 0x0000000086400000, 0x0000000086400000| Untracked 
|  79|0x0000000086500000, 0x0000000086571d40, 0x0000000086600000| 44%| S|CS|TAMS 0x0000000086500000, 0x0000000086500000| Complete 
|  80|0x0000000086600000, 0x0000000086700000, 0x0000000086700000|100%| S|CS|TAMS 0x0000000086600000, 0x0000000086600000| Complete 
|  81|0x0000000086700000, 0x0000000086800000, 0x0000000086800000|100%| S|CS|TAMS 0x0000000086700000, 0x0000000086700000| Complete 
|  82|0x0000000086800000, 0x0000000086800000, 0x0000000086900000|  0%| F|  |TAMS 0x0000000086800000, 0x0000000086800000| Untracked 
|  83|0x0000000086900000, 0x0000000086900000, 0x0000000086a00000|  0%| F|  |TAMS 0x0000000086900000, 0x0000000086900000| Untracked 
|  84|0x0000000086a00000, 0x0000000086a00000, 0x0000000086b00000|  0%| F|  |TAMS 0x0000000086a00000, 0x0000000086a00000| Untracked 
|  85|0x0000000086b00000, 0x0000000086b00000, 0x0000000086c00000|  0%| F|  |TAMS 0x0000000086b00000, 0x0000000086b00000| Untracked 
|  86|0x0000000086c00000, 0x0000000086c00000, 0x0000000086d00000|  0%| F|  |TAMS 0x0000000086c00000, 0x0000000086c00000| Untracked 
|  87|0x0000000086d00000, 0x0000000086d00000, 0x0000000086e00000|  0%| F|  |TAMS 0x0000000086d00000, 0x0000000086d00000| Untracked 
|  88|0x0000000086e00000, 0x0000000086e00000, 0x0000000086f00000|  0%| F|  |TAMS 0x0000000086e00000, 0x0000000086e00000| Untracked 
|  89|0x0000000086f00000, 0x0000000086f00000, 0x0000000087000000|  0%| F|  |TAMS 0x0000000086f00000, 0x0000000086f00000| Untracked 
|  90|0x0000000087000000, 0x0000000087080d70, 0x0000000087100000| 50%| E|  |TAMS 0x0000000087000000, 0x0000000087000000| Complete 
|  91|0x0000000087100000, 0x0000000087200000, 0x0000000087200000|100%| E|CS|TAMS 0x0000000087100000, 0x0000000087100000| Complete 
|  92|0x0000000087200000, 0x0000000087300000, 0x0000000087300000|100%| E|CS|TAMS 0x0000000087200000, 0x0000000087200000| Complete 
|  93|0x0000000087300000, 0x0000000087400000, 0x0000000087400000|100%| E|CS|TAMS 0x0000000087300000, 0x0000000087300000| Complete 
|  94|0x0000000087400000, 0x0000000087500000, 0x0000000087500000|100%| E|CS|TAMS 0x0000000087400000, 0x0000000087400000| Complete 
|  95|0x0000000087500000, 0x0000000087600000, 0x0000000087600000|100%| E|CS|TAMS 0x0000000087500000, 0x0000000087500000| Complete 
|  96|0x0000000087600000, 0x0000000087700000, 0x0000000087700000|100%| E|CS|TAMS 0x0000000087600000, 0x0000000087600000| Complete 
|  97|0x0000000087700000, 0x0000000087800000, 0x0000000087800000|100%| E|CS|TAMS 0x0000000087700000, 0x0000000087700000| Complete 
|  98|0x0000000087800000, 0x0000000087900000, 0x0000000087900000|100%| E|CS|TAMS 0x0000000087800000, 0x0000000087800000| Complete 
|  99|0x0000000087900000, 0x0000000087a00000, 0x0000000087a00000|100%| E|CS|TAMS 0x0000000087900000, 0x0000000087900000| Complete 
| 100|0x0000000087a00000, 0x0000000087b00000, 0x0000000087b00000|100%| E|CS|TAMS 0x0000000087a00000, 0x0000000087a00000| Complete 
| 101|0x0000000087b00000, 0x0000000087c00000, 0x0000000087c00000|100%| E|CS|TAMS 0x0000000087b00000, 0x0000000087b00000| Complete 
| 102|0x0000000087c00000, 0x0000000087d00000, 0x0000000087d00000|100%| E|CS|TAMS 0x0000000087c00000, 0x0000000087c00000| Complete 
| 103|0x0000000087d00000, 0x0000000087e00000, 0x0000000087e00000|100%| E|CS|TAMS 0x0000000087d00000, 0x0000000087d00000| Complete 
| 104|0x0000000087e00000, 0x0000000087f00000, 0x0000000087f00000|100%| E|CS|TAMS 0x0000000087e00000, 0x0000000087e00000| Complete 
| 105|0x0000000087f00000, 0x0000000088000000, 0x0000000088000000|100%| E|CS|TAMS 0x0000000087f00000, 0x0000000087f00000| Complete 
| 106|0x0000000088000000, 0x0000000088100000, 0x0000000088100000|100%| E|CS|TAMS 0x0000000088000000, 0x0000000088000000| Complete 
| 107|0x0000000088100000, 0x0000000088200000, 0x0000000088200000|100%| E|CS|TAMS 0x0000000088100000, 0x0000000088100000| Complete 
| 108|0x0000000088200000, 0x0000000088300000, 0x0000000088300000|100%| E|CS|TAMS 0x0000000088200000, 0x0000000088200000| Complete 
| 109|0x0000000088300000, 0x0000000088400000, 0x0000000088400000|100%| E|CS|TAMS 0x0000000088300000, 0x0000000088300000| Complete 
| 110|0x0000000088400000, 0x0000000088500000, 0x0000000088500000|100%| E|CS|TAMS 0x0000000088400000, 0x0000000088400000| Complete 
| 111|0x0000000088500000, 0x0000000088600000, 0x0000000088600000|100%| E|CS|TAMS 0x0000000088500000, 0x0000000088500000| Complete 
| 112|0x0000000088600000, 0x0000000088700000, 0x0000000088700000|100%| E|CS|TAMS 0x0000000088600000, 0x0000000088600000| Complete 
| 113|0x0000000088700000, 0x0000000088800000, 0x0000000088800000|100%| E|CS|TAMS 0x0000000088700000, 0x0000000088700000| Complete 
| 114|0x0000000088800000, 0x0000000088900000, 0x0000000088900000|100%| E|CS|TAMS 0x0000000088800000, 0x0000000088800000| Complete 
| 115|0x0000000088900000, 0x0000000088a00000, 0x0000000088a00000|100%| E|CS|TAMS 0x0000000088900000, 0x0000000088900000| Complete 
| 116|0x0000000088a00000, 0x0000000088b00000, 0x0000000088b00000|100%| E|CS|TAMS 0x0000000088a00000, 0x0000000088a00000| Complete 
| 117|0x0000000088b00000, 0x0000000088c00000, 0x0000000088c00000|100%| E|CS|TAMS 0x0000000088b00000, 0x0000000088b00000| Complete 
| 118|0x0000000088c00000, 0x0000000088d00000, 0x0000000088d00000|100%| E|CS|TAMS 0x0000000088c00000, 0x0000000088c00000| Complete 
| 119|0x0000000088d00000, 0x0000000088e00000, 0x0000000088e00000|100%| E|CS|TAMS 0x0000000088d00000, 0x0000000088d00000| Complete 
| 120|0x0000000088e00000, 0x0000000088f00000, 0x0000000088f00000|100%| E|CS|TAMS 0x0000000088e00000, 0x0000000088e00000| Complete 
| 121|0x0000000088f00000, 0x0000000089000000, 0x0000000089000000|100%| E|CS|TAMS 0x0000000088f00000, 0x0000000088f00000| Complete 
| 122|0x0000000089000000, 0x0000000089100000, 0x0000000089100000|100%| E|CS|TAMS 0x0000000089000000, 0x0000000089000000| Complete 
| 123|0x0000000089100000, 0x0000000089200000, 0x0000000089200000|100%| E|CS|TAMS 0x0000000089100000, 0x0000000089100000| Complete 
| 124|0x0000000089200000, 0x0000000089300000, 0x0000000089300000|100%| E|CS|TAMS 0x0000000089200000, 0x0000000089200000| Complete 
| 125|0x0000000089300000, 0x0000000089400000, 0x0000000089400000|100%| E|CS|TAMS 0x0000000089300000, 0x0000000089300000| Complete 
| 126|0x0000000089400000, 0x0000000089500000, 0x0000000089500000|100%| E|CS|TAMS 0x0000000089400000, 0x0000000089400000| Complete 
| 127|0x0000000089500000, 0x0000000089600000, 0x0000000089600000|100%| E|  |TAMS 0x0000000089500000, 0x0000000089500000| Complete 

Card table byte_map: [0x000001eacd990000,0x000001eacdd90000] _byte_map_base: 0x000001eacd585000

Marking Bits (Prev, Next): (CMBitMap*) 0x000001eab6082ee0, (CMBitMap*) 0x000001eab6082f20
 Prev Bits: [0x000001eace190000, 0x000001ead0138000)
 Next Bits: [0x000001ead0140000, 0x000001ead20e8000)

Polling page: 0x000001eab4000000

Metaspace:

Usage:
  Non-class:     17.07 MB capacity,    16.90 MB ( 99%) used,   147.14 KB ( <1%) free+waste,    29.25 KB ( <1%) overhead. 
      Class:      2.39 MB capacity,     2.31 MB ( 97%) used,    68.69 KB (  3%) free+waste,    11.94 KB ( <1%) overhead. 
       Both:     19.46 MB capacity,    19.21 MB ( 99%) used,   215.83 KB (  1%) free+waste,    41.19 KB ( <1%) overhead. 

Virtual space:
  Non-class space:       18.00 MB reserved,      17.25 MB ( 96%) committed 
      Class space:        1.00 GB reserved,       2.50 MB ( <1%) committed 
             Both:        1.02 GB reserved,      19.75 MB (  2%) committed 

Chunk freelists:
   Non-Class:  52.00 KB
       Class:  18.00 KB
        Both:  70.00 KB

MaxMetaspaceSize: 17179869184.00 GB
CompressedClassSpaceSize: 1.00 GB

CodeHeap 'non-profiled nmethods': size=120000Kb used=1205Kb max_used=1205Kb free=118794Kb
 bounds [0x000001eac5d30000, 0x000001eac5fa0000, 0x000001eacd260000]
CodeHeap 'profiled nmethods': size=120000Kb used=5781Kb max_used=5781Kb free=114218Kb
 bounds [0x000001eabe800000, 0x000001eabedb0000, 0x000001eac5d30000]
CodeHeap 'non-nmethods': size=5760Kb used=1207Kb max_used=1270Kb free=4552Kb
 bounds [0x000001eabe260000, 0x000001eabe4d0000, 0x000001eabe800000]
 total_blobs=3315 nmethods=2848 adapters=378
 compilation: enabled
              stopped_count=0, restarted_count=0
 full_count=0

Compilation events (20 events):
Event: 2.124 Thread 0x000001ead4b49210 2831       3       org.springframework.core.type.AnnotatedTypeMetadata$$Lambda$320/0x0000000800d4af98::apply (8 bytes)
Event: 2.125 Thread 0x000001ead4b49210 nmethod 2831 0x000001eabed92510 code [0x000001eabed926e0, 0x000001eabed92bc8]
Event: 2.125 Thread 0x000001ead4b49210 2832       3       org.springframework.core.type.AnnotatedTypeMetadata::lambda$getAllAnnotationAttributes$0 (15 bytes)
Event: 2.125 Thread 0x000001ead4b49210 nmethod 2832 0x000001eabed92d90 code [0x000001eabed92f40, 0x000001eabed93288]
Event: 2.125 Thread 0x000001ead4b49210 2833       3       java.util.Map::getOrDefault (28 bytes)
Event: 2.125 Thread 0x000001ead4b49210 nmethod 2833 0x000001eabed93390 code [0x000001eabed93540, 0x000001eabed93878]
Event: 2.125 Thread 0x000001ead4b49210 2834       1       org.springframework.beans.BeanMetadataAttribute::getValue (5 bytes)
Event: 2.126 Thread 0x000001ead4b49210 nmethod 2834 0x000001eac5e5cc90 code [0x000001eac5e5ce20, 0x000001eac5e5ced8]
Event: 2.127 Thread 0x000001ead4b49210 2835       3       org.springframework.boot.autoconfigure.condition.ConditionMessage::isEmpty (16 bytes)
Event: 2.127 Thread 0x000001ead4b49210 nmethod 2835 0x000001eabed93990 code [0x000001eabed93b40, 0x000001eabed93e58]
Event: 2.127 Thread 0x000001ead4b49210 2836       3       org.springframework.boot.context.properties.source.SpringConfigurationPropertySources::adapt (49 bytes)
Event: 2.127 Thread 0x000001ead4b49210 nmethod 2836 0x000001eabed93f90 code [0x000001eabed94180, 0x000001eabed946f8]
Event: 2.127 Thread 0x000001ead4b49210 2837       3       org.springframework.boot.context.properties.source.SpringConfigurationPropertySources$SourcesIterator::next (5 bytes)
Event: 2.127 Thread 0x000001ead4b49210 nmethod 2837 0x000001eabed94890 code [0x000001eabed94a60, 0x000001eabed94d58]
Event: 2.127 Thread 0x000001ead4b49210 2838       3       org.springframework.boot.context.properties.source.SpringConfigurationPropertySources$SourcesIterator::next (24 bytes)
Event: 2.128 Thread 0x000001ead4b49210 nmethod 2838 0x000001eabed94e90 code [0x000001eabed95040, 0x000001eabed952b8]
Event: 2.130 Thread 0x000001ead4b49210 2839   !   3       jdk.internal.reflect.GeneratedMethodAccessor2::invoke (63 bytes)
Event: 2.131 Thread 0x000001ead4b49210 nmethod 2839 0x000001eabed95410 code [0x000001eabed95640, 0x000001eabed95d38]
Event: 2.131 Thread 0x000001ead4b49210 2841       3       org.springframework.util.ObjectUtils::arrayEquals (290 bytes)
Event: 2.132 Thread 0x000001ead4b49210 nmethod 2841 0x000001eabed96090 code [0x000001eabed96420, 0x000001eabed98fc8]

GC Heap History (6 events):
Event: 0.789 GC heap before
{Heap before GC invocations=0 (full 0):
 garbage-first heap   total 131072K, used 23552K [0x0000000081600000, 0x0000000100000000)
  region size 1024K, 23 young (23552K), 0 survivors (0K)
 Metaspace       used 6359K, capacity 7738K, committed 7808K, reserved 1056768K
  class space    used 733K, capacity 848K, committed 896K, reserved 1048576K
}
Event: 0.797 GC heap after
{Heap after GC invocations=1 (full 0):
 garbage-first heap   total 131072K, used 7375K [0x0000000081600000, 0x0000000100000000)
  region size 1024K, 3 young (3072K), 3 survivors (3072K)
 Metaspace       used 6359K, capacity 7738K, committed 7808K, reserved 1056768K
  class space    used 733K, capacity 848K, committed 896K, reserved 1048576K
}
Event: 1.184 GC heap before
{Heap before GC invocations=1 (full 0):
 garbage-first heap   total 131072K, used 29903K [0x0000000081600000, 0x0000000100000000)
  region size 1024K, 26 young (26624K), 3 survivors (3072K)
 Metaspace       used 12704K, capacity 12958K, committed 13184K, reserved 1060864K
  class space    used 1493K, capacity 1562K, committed 1664K, reserved 1048576K
}
Event: 1.190 GC heap after
{Heap after GC invocations=2 (full 0):
 garbage-first heap   total 131072K, used 9179K [0x0000000081600000, 0x0000000100000000)
  region size 1024K, 2 young (2048K), 2 survivors (2048K)
 Metaspace       used 12704K, capacity 12958K, committed 13184K, reserved 1060864K
  class space    used 1493K, capacity 1562K, committed 1664K, reserved 1048576K
}
Event: 1.440 GC heap before
{Heap before GC invocations=2 (full 0):
 garbage-first heap   total 131072K, used 53211K [0x0000000081600000, 0x0000000100000000)
  region size 1024K, 46 young (47104K), 2 survivors (2048K)
 Metaspace       used 15546K, capacity 15754K, committed 15872K, reserved 1062912K
  class space    used 1867K, capacity 1960K, committed 2048K, reserved 1048576K
}
Event: 1.444 GC heap after
{Heap after GC invocations=3 (full 0):
 garbage-first heap   total 131072K, used 10045K [0x0000000081600000, 0x0000000100000000)
  region size 1024K, 3 young (3072K), 3 survivors (3072K)
 Metaspace       used 15546K, capacity 15754K, committed 15872K, reserved 1062912K
  class space    used 1867K, capacity 1960K, committed 2048K, reserved 1048576K
}

Deoptimization events (20 events):
Event: 2.050 Thread 0x000001eab6040b50 Uncommon trap: trap_request=0xffffffde fr.pc=0x000001eac5e27848 relative=0x00000000000008c8
Event: 2.050 Thread 0x000001eab6040b50 Uncommon trap: reason=class_check action=maybe_recompile pc=0x000001eac5e27848 method=org.springframework.util.ConcurrentReferenceHashMap$Segment.findInChain(Lorg/springframework/util/ConcurrentReferenceHashMap$Reference;Ljava/lang/Object;I)Lorg/springfra
Event: 2.050 Thread 0x000001eab6040b50 DEOPT PACKING pc=0x000001eac5e27848 sp=0x000000b8355fe750
Event: 2.050 Thread 0x000001eab6040b50 DEOPT UNPACKING pc=0x000001eabe2ae42f sp=0x000000b8355fe588 mode 2
Event: 2.052 Thread 0x000001eab6040b50 Uncommon trap: trap_request=0xffffffde fr.pc=0x000001eac5e27848 relative=0x00000000000008c8
Event: 2.052 Thread 0x000001eab6040b50 Uncommon trap: reason=class_check action=maybe_recompile pc=0x000001eac5e27848 method=org.springframework.util.ConcurrentReferenceHashMap$Segment.findInChain(Lorg/springframework/util/ConcurrentReferenceHashMap$Reference;Ljava/lang/Object;I)Lorg/springfra
Event: 2.052 Thread 0x000001eab6040b50 DEOPT PACKING pc=0x000001eac5e27848 sp=0x000000b8355fe750
Event: 2.052 Thread 0x000001eab6040b50 DEOPT UNPACKING pc=0x000001eabe2ae42f sp=0x000000b8355fe588 mode 2
Event: 2.056 Thread 0x000001eab6040b50 Uncommon trap: trap_request=0xffffffde fr.pc=0x000001eac5e27848 relative=0x00000000000008c8
Event: 2.056 Thread 0x000001eab6040b50 Uncommon trap: reason=class_check action=maybe_recompile pc=0x000001eac5e27848 method=org.springframework.util.ConcurrentReferenceHashMap$Segment.findInChain(Lorg/springframework/util/ConcurrentReferenceHashMap$Reference;Ljava/lang/Object;I)Lorg/springfra
Event: 2.056 Thread 0x000001eab6040b50 DEOPT PACKING pc=0x000001eac5e27848 sp=0x000000b8355fe750
Event: 2.056 Thread 0x000001eab6040b50 DEOPT UNPACKING pc=0x000001eabe2ae42f sp=0x000000b8355fe588 mode 2
Event: 2.059 Thread 0x000001eab6040b50 Uncommon trap: trap_request=0xffffffde fr.pc=0x000001eac5e28cec relative=0x000000000000088c
Event: 2.059 Thread 0x000001eab6040b50 Uncommon trap: reason=class_check action=maybe_recompile pc=0x000001eac5e28cec method=org.springframework.util.ConcurrentReferenceHashMap$Segment.findInChain(Lorg/springframework/util/ConcurrentReferenceHashMap$Reference;Ljava/lang/Object;I)Lorg/springfra
Event: 2.059 Thread 0x000001eab6040b50 DEOPT PACKING pc=0x000001eac5e28cec sp=0x000000b8355fe700
Event: 2.059 Thread 0x000001eab6040b50 DEOPT UNPACKING pc=0x000001eabe2ae42f sp=0x000000b8355fe5b0 mode 2
Event: 2.062 Thread 0x000001eab6040b50 Uncommon trap: trap_request=0xffffffde fr.pc=0x000001eac5e21d0c relative=0x00000000000001cc
Event: 2.062 Thread 0x000001eab6040b50 Uncommon trap: reason=class_check action=maybe_recompile pc=0x000001eac5e21d0c method=org.springframework.util.ConcurrentReferenceHashMap$Segment.findInChain(Lorg/springframework/util/ConcurrentReferenceHashMap$Reference;Ljava/lang/Object;I)Lorg/springfra
Event: 2.062 Thread 0x000001eab6040b50 DEOPT PACKING pc=0x000001eac5e21d0c sp=0x000000b8355fe5f0
Event: 2.062 Thread 0x000001eab6040b50 DEOPT UNPACKING pc=0x000001eabe2ae42f sp=0x000000b8355fe598 mode 2

Classes unloaded (0 events):
No events

Classes redefined (0 events):
No events

Internal exceptions (20 events):
Event: 1.274 Thread 0x000001eab6040b50 Exception <a 'java/lang/ClassNotFoundException'{0x000000008907c280}: org/springframework/context/ResourceLoaderAwareCustomizer> (0x000000008907c280) 
thrown [./open/src/hotspot/share/classfile/systemDictionary.cpp, line 295]
Event: 1.274 Thread 0x000001eab6040b50 Exception <a 'java/lang/ClassNotFoundException'{0x00000000890806d0}: org/springframework/beans/factory/AwareCustomizer> (0x00000000890806d0) 
thrown [./open/src/hotspot/share/classfile/systemDictionary.cpp, line 295]
Event: 1.275 Thread 0x000001eab6040b50 Exception <a 'java/lang/ClassNotFoundException'{0x0000000089083a88}: org/springframework/context/ApplicationStartupAwareCustomizer> (0x0000000089083a88) 
thrown [./open/src/hotspot/share/classfile/systemDictionary.cpp, line 295]
Event: 1.276 Thread 0x000001eab6040b50 Exception <a 'java/lang/ClassNotFoundException'{0x0000000089088150}: org/springframework/beans/factory/AwareCustomizer> (0x0000000089088150) 
thrown [./open/src/hotspot/share/classfile/systemDictionary.cpp, line 295]
Event: 1.276 Thread 0x000001eab6040b50 Exception <a 'java/lang/ClassNotFoundException'{0x000000008908b510}: org/springframework/beans/factory/BeanClassLoaderAwareCustomizer> (0x000000008908b510) 
thrown [./open/src/hotspot/share/classfile/systemDictionary.cpp, line 295]
Event: 1.277 Thread 0x000001eab6040b50 Exception <a 'java/lang/ClassNotFoundException'{0x000000008908f978}: org/springframework/beans/factory/AwareCustomizer> (0x000000008908f978) 
thrown [./open/src/hotspot/share/classfile/systemDictionary.cpp, line 295]
Event: 1.277 Thread 0x000001eab6040b50 Exception <a 'java/lang/ClassNotFoundException'{0x0000000089092b68}: org/springframework/context/EnvironmentAwareCustomizer> (0x0000000089092b68) 
thrown [./open/src/hotspot/share/classfile/systemDictionary.cpp, line 295]
Event: 1.278 Thread 0x000001eab6040b50 Exception <a 'java/lang/ClassNotFoundException'{0x0000000089096f48}: org/springframework/beans/factory/AwareCustomizer> (0x0000000089096f48) 
thrown [./open/src/hotspot/share/classfile/systemDictionary.cpp, line 295]
Event: 1.297 Thread 0x000001ead6386ef0 Exception <a 'java/lang/NoSuchMethodError'{0x0000000088e51c18}: 'long java.lang.invoke.DirectMethodHandle$Holder.invokeSpecial(java.lang.Object, java.lang.Object)'> (0x0000000088e51c18) 
thrown [./open/src/hotspot/share/interpreter/linkResolver.cpp, line 782]
Event: 1.299 Thread 0x000001ead6386ef0 Exception <a 'java/lang/NoSuchMethodError'{0x0000000088e5d588}: 'long java.lang.invoke.DirectMethodHandle$Holder.invokeStatic(java.lang.Object, java.lang.Object)'> (0x0000000088e5d588) 
thrown [./open/src/hotspot/share/interpreter/linkResolver.cpp, line 782]
Event: 1.300 Thread 0x000001ead6386ef0 Exception <a 'java/lang/NoSuchMethodError'{0x0000000088e60d68}: 'long java.lang.invoke.DirectMethodHandle$Holder.invokeStaticInit(java.lang.Object, java.lang.Object)'> (0x0000000088e60d68) 
thrown [./open/src/hotspot/share/interpreter/linkResolver.cpp, line 782]
Event: 1.302 Thread 0x000001ead6386ef0 Exception <a 'java/lang/NoSuchMethodError'{0x0000000088eef470}: 'long java.lang.invoke.DirectMethodHandle$Holder.invokeInterface(java.lang.Object, java.lang.Object)'> (0x0000000088eef470) 
thrown [./open/src/hotspot/share/interpreter/linkResolver.cpp, line 782]
Event: 1.302 Thread 0x000001ead6386ef0 Exception <a 'java/lang/IncompatibleClassChangeError'{0x0000000088ef2bd0}: Found class java.lang.Object, but interface was expected> (0x0000000088ef2bd0) 
thrown [./open/src/hotspot/share/interpreter/linkResolver.cpp, line 848]
Event: 1.314 Thread 0x000001ead6386ef0 Exception <a 'java/lang/NoSuchMethodError'{0x0000000088d5a0f0}: 'java.lang.Object java.lang.invoke.DirectMethodHandle$Holder.invokeVirtual(java.lang.Object, java.lang.Object, java.lang.Object, java.lang.Object)'> (0x0000000088d5a0f0) 
thrown [./open/src/hotspot/share/interpreter/linkResolver.cpp, line 782]
Event: 1.380 Thread 0x000001eab6040b50 Exception <a 'java/lang/NoSuchMethodError'{0x0000000088bf8348}: 'int java.lang.invoke.DirectMethodHandle$Holder.invokeSpecialIFC(java.lang.Object, java.lang.Object, java.lang.Object, java.lang.Object)'> (0x0000000088bf8348) 
thrown [./open/src/hotspot/share/interpreter/linkResolver.cpp, line 782]
Event: 1.493 Thread 0x000001eab6040b50 Exception <a 'java/lang/IncompatibleClassChangeError'{0x0000000088f835f0}: Found class java.lang.Object, but interface was expected> (0x0000000088f835f0) 
thrown [./open/src/hotspot/share/interpreter/linkResolver.cpp, line 848]
Event: 1.539 Thread 0x000001eab6040b50 Exception <a 'java/lang/NoSuchMethodError'{0x0000000088d02000}: 'void java.lang.invoke.DirectMethodHandle$Holder.invokeInterface(java.lang.Object, java.lang.Object, java.lang.Object, java.lang.Object)'> (0x0000000088d02000) 
thrown [./open/src/hotspot/share/interpreter/linkResolver.cpp, line 782]
Event: 1.629 Thread 0x000001eab6040b50 Exception <a 'java/lang/NoSuchMethodError'{0x0000000088968220}: 'java.lang.Object java.lang.invoke.DirectMethodHandle$Holder.invokeStatic(java.lang.Object, java.lang.Object, int)'> (0x0000000088968220) 
thrown [./open/src/hotspot/share/interpreter/linkResolver.cpp, line 782]
Event: 1.630 Thread 0x000001eab6040b50 Exception <a 'java/lang/NoSuchMethodError'{0x0000000088974528}: 'void java.lang.invoke.DelegatingMethodHandle$Holder.delegate(java.lang.Object, java.lang.Object, int, java.lang.Object)'> (0x0000000088974528) 
thrown [./open/src/hotspot/share/interpreter/linkResolver.cpp, line 782]
Event: 2.039 Thread 0x000001eab6040b50 Exception <a 'java/lang/NoSuchMethodError'{0x00000000875d6ad0}: 'java.lang.Object java.lang.invoke.DirectMethodHandle$Holder.invokeStatic(java.lang.Object, java.lang.Object, java.lang.Object, java.lang.Object, int)'> (0x00000000875d6ad0) 
thrown [./open/src/hotspot/share/interpreter/linkResolver.cpp, line 782]

Events (20 events):
Event: 2.034 Executing VM operation: HandshakeAllThreads
Event: 2.034 Executing VM operation: HandshakeAllThreads done
Event: 2.038 loading class java/util/stream/Streams$RangeIntSpliterator
Event: 2.038 loading class java/util/stream/Streams$RangeIntSpliterator done
Event: 2.040 loading class java/util/stream/IntPipeline$1
Event: 2.040 loading class java/util/stream/IntPipeline$1 done
Event: 2.040 loading class java/util/stream/IntPipeline$1$1
Event: 2.040 loading class java/util/stream/IntPipeline$1$1 done
Event: 2.047 loading class java/util/stream/Streams$ConcatSpliterator$OfRef
Event: 2.047 loading class java/util/stream/Streams$ConcatSpliterator
Event: 2.047 loading class java/util/stream/Streams$ConcatSpliterator done
Event: 2.047 loading class java/util/stream/Streams$ConcatSpliterator$OfRef done
Event: 2.047 loading class java/util/stream/Streams$2
Event: 2.047 loading class java/util/stream/Streams$2 done
Event: 2.077 loading class java/util/stream/ReferencePipeline$11
Event: 2.077 loading class java/util/stream/ReferencePipeline$11 done
Event: 2.077 loading class java/util/stream/ReferencePipeline$11$1
Event: 2.078 loading class java/util/stream/ReferencePipeline$11$1 done
Event: 2.081 Executing VM operation: HandshakeAllThreads
Event: 2.081 Executing VM operation: HandshakeAllThreads done


Dynamic libraries:
0x00007ff685140000 - 0x00007ff68514d000 	C:\Users\Utente\.jdks\openjdk-15.0.1\bin\java.exe
0x00007ff9d5af0000 - 0x00007ff9d5ce6000 	C:\WINDOWS\SYSTEM32\ntdll.dll
0x00007ff9d4f20000 - 0x00007ff9d4fdd000 	C:\WINDOWS\System32\KERNEL32.DLL
0x00007ff9d3310000 - 0x00007ff9d35d9000 	C:\WINDOWS\System32\KERNELBASE.dll
0x00007ff9d38f0000 - 0x00007ff9d39f0000 	C:\WINDOWS\System32\ucrtbase.dll
0x00007ff9cee10000 - 0x00007ff9cee29000 	C:\Users\Utente\.jdks\openjdk-15.0.1\bin\VCRUNTIME140.dll
0x00007ff9cedf0000 - 0x00007ff9cee08000 	C:\Users\Utente\.jdks\openjdk-15.0.1\bin\jli.dll
0x00007ff9d4720000 - 0x00007ff9d48c0000 	C:\WINDOWS\System32\USER32.dll
0x00007ff9d32e0000 - 0x00007ff9d3302000 	C:\WINDOWS\System32\win32u.dll
0x00007ff9b5d60000 - 0x00007ff9b5ffb000 	C:\WINDOWS\WinSxS\amd64_microsoft.windows.common-controls_6595b64144ccf1df_6.0.19041.488_none_ca04af081b815d21\COMCTL32.dll
0x00007ff9d3c30000 - 0x00007ff9d3c5a000 	C:\WINDOWS\System32\GDI32.dll
0x00007ff9d50e0000 - 0x00007ff9d517e000 	C:\WINDOWS\System32\msvcrt.dll
0x00007ff9d35e0000 - 0x00007ff9d36e9000 	C:\WINDOWS\System32\gdi32full.dll
0x00007ff9d36f0000 - 0x00007ff9d378d000 	C:\WINDOWS\System32\msvcp_win.dll
0x00007ff9d3cc0000 - 0x00007ff9d3cf0000 	C:\WINDOWS\System32\IMM32.DLL
0x00007ff9ced70000 - 0x00007ff9ced7c000 	C:\Users\Utente\.jdks\openjdk-15.0.1\bin\vcruntime140_1.dll
0x00007ff9c1920000 - 0x00007ff9c19b1000 	C:\Users\Utente\.jdks\openjdk-15.0.1\bin\msvcp140.dll
0x00007ff999f50000 - 0x00007ff99aaae000 	C:\Users\Utente\.jdks\openjdk-15.0.1\bin\server\jvm.dll
0x00007ff9d4170000 - 0x00007ff9d421c000 	C:\WINDOWS\System32\ADVAPI32.dll
0x00007ff9d5180000 - 0x00007ff9d521c000 	C:\WINDOWS\System32\sechost.dll
0x00007ff9d5220000 - 0x00007ff9d534b000 	C:\WINDOWS\System32\RPCRT4.dll
0x00007ff9d4160000 - 0x00007ff9d4168000 	C:\WINDOWS\System32\PSAPI.DLL
0x00007ff9ba8c0000 - 0x00007ff9ba8c9000 	C:\WINDOWS\SYSTEM32\WSOCK32.dll
0x00007ff9cb5a0000 - 0x00007ff9cb5c7000 	C:\WINDOWS\SYSTEM32\WINMM.dll
0x00007ff9d4c20000 - 0x00007ff9d4c8b000 	C:\WINDOWS\System32\WS2_32.dll
0x00007ff9cac30000 - 0x00007ff9cac3a000 	C:\WINDOWS\SYSTEM32\VERSION.dll
0x00007ff9d1ad0000 - 0x00007ff9d1ae2000 	C:\WINDOWS\SYSTEM32\kernel.appcore.dll
0x00007ff9ce9b0000 - 0x00007ff9ce9ba000 	C:\Users\Utente\.jdks\openjdk-15.0.1\bin\jimage.dll
0x00007ff9d1050000 - 0x00007ff9d1234000 	C:\WINDOWS\SYSTEM32\DBGHELP.DLL
0x00007ff9c1d00000 - 0x00007ff9c1d2c000 	C:\WINDOWS\SYSTEM32\dbgcore.DLL
0x00007ff9d39f0000 - 0x00007ff9d3a70000 	C:\WINDOWS\System32\bcryptPrimitives.dll
0x00007ff9ccb90000 - 0x00007ff9ccb9e000 	C:\Users\Utente\.jdks\openjdk-15.0.1\bin\instrument.dll
0x00007ff9cc550000 - 0x00007ff9cc575000 	C:\Users\Utente\.jdks\openjdk-15.0.1\bin\java.dll
0x00007ff9d5360000 - 0x00007ff9d5aa2000 	C:\WINDOWS\System32\SHELL32.dll
0x00007ff9d1320000 - 0x00007ff9d1ab5000 	C:\WINDOWS\SYSTEM32\windows.storage.dll
0x00007ff9d48c0000 - 0x00007ff9d4c16000 	C:\WINDOWS\System32\combase.dll
0x00007ff9d2ca0000 - 0x00007ff9d2ccc000 	C:\WINDOWS\SYSTEM32\Wldp.dll
0x00007ff9d4670000 - 0x00007ff9d471e000 	C:\WINDOWS\System32\SHCORE.dll
0x00007ff9d4c90000 - 0x00007ff9d4ce5000 	C:\WINDOWS\System32\shlwapi.dll
0x00007ff9d3160000 - 0x00007ff9d3186000 	C:\WINDOWS\SYSTEM32\profapi.dll
0x00007ff9ca370000 - 0x00007ff9ca388000 	C:\Users\Utente\.jdks\openjdk-15.0.1\bin\zip.dll
0x00007ff9cd0d0000 - 0x00007ff9cd0e9000 	C:\Users\Utente\.jdks\openjdk-15.0.1\bin\net.dll
0x00007ff9c48f0000 - 0x00007ff9c49f0000 	C:\WINDOWS\SYSTEM32\WINHTTP.dll
0x00007ff9d2a20000 - 0x00007ff9d2a8a000 	C:\WINDOWS\system32\mswsock.dll
0x00007ff9cce40000 - 0x00007ff9cce52000 	C:\Users\Utente\.jdks\openjdk-15.0.1\bin\nio.dll
0x00007ff9bd5f0000 - 0x00007ff9bd60a000 	C:\Program Files\JetBrains\IntelliJ IDEA Community Edition 2020.2.3\bin\breakgen64.dll
0x00007ff9cc920000 - 0x00007ff9cc930000 	C:\Users\Utente\.jdks\openjdk-15.0.1\bin\verify.dll
0x00007ff9cc830000 - 0x00007ff9cc839000 	C:\Users\Utente\.jdks\openjdk-15.0.1\bin\management.dll
0x00007ff9cc730000 - 0x00007ff9cc73b000 	C:\Users\Utente\.jdks\openjdk-15.0.1\bin\management_ext.dll
0x00007ff9a8960000 - 0x00007ff9a8977000 	C:\WINDOWS\system32\napinsp.dll
0x00007ff9a8810000 - 0x00007ff9a882b000 	C:\WINDOWS\system32\pnrpnsp.dll
0x00007ff9cd6b0000 - 0x00007ff9cd6c5000 	C:\WINDOWS\system32\wshbth.dll
0x00007ff9ce690000 - 0x00007ff9ce6ad000 	C:\WINDOWS\system32\NLAapi.dll
0x00007ff9d26a0000 - 0x00007ff9d26db000 	C:\WINDOWS\SYSTEM32\IPHLPAPI.DLL
0x00007ff9d26e0000 - 0x00007ff9d27ab000 	C:\WINDOWS\SYSTEM32\DNSAPI.dll
0x00007ff9d5350000 - 0x00007ff9d5358000 	C:\WINDOWS\System32\NSI.dll
0x00007ff9a87f0000 - 0x00007ff9a8802000 	C:\WINDOWS\System32\winrnr.dll
0x00007ff9cada0000 - 0x00007ff9cadaa000 	C:\Windows\System32\rasadhlp.dll
0x00007ff9c4180000 - 0x00007ff9c41ff000 	C:\WINDOWS\System32\fwpuclnt.dll
0x00007ff9d3b20000 - 0x00007ff9d3b47000 	C:\WINDOWS\System32\bcrypt.dll

dbghelp: loaded successfully - version: 4.0.5 - missing functions: none
symbol engine: initialized successfully - sym options: 0x614 - pdb path: .;C:\Users\Utente\.jdks\openjdk-15.0.1\bin;C:\WINDOWS\SYSTEM32;C:\WINDOWS\WinSxS\amd64_microsoft.windows.common-controls_6595b64144ccf1df_6.0.19041.488_none_ca04af081b815d21;C:\Users\Utente\.jdks\openjdk-15.0.1\bin\server;C:\Program Files\JetBrains\IntelliJ IDEA Community Edition 2020.2.3\bin

VM Arguments:
jvm_args: -javaagent:C:\Program Files\JetBrains\IntelliJ IDEA Community Edition 2020.2.3\lib\idea_rt.jar=49560:C:\Program Files\JetBrains\IntelliJ IDEA Community Edition 2020.2.3\bin -Dfile.encoding=UTF-8 
java_command: com.gruppo13.CalendarMS.CalendarMsApplication
java_class_path (initial): C:\Users\Utente\Desktop\progetto\calendar\StudentOne\microservizi\CalendarMS\target\classes;C:\Users\Utente\.m2\repository\org\springframework\boot\spring-boot-starter-data-jpa\2.4.1\spring-boot-starter-data-jpa-2.4.1.jar;C:\Users\Utente\.m2\repository\org\springframework\boot\spring-boot-starter-aop\2.4.1\spring-boot-starter-aop-2.4.1.jar;C:\Users\Utente\.m2\repository\org\springframework\spring-aop\5.3.2\spring-aop-5.3.2.jar;C:\Users\Utente\.m2\repository\org\aspectj\aspectjweaver\1.9.6\aspectjweaver-1.9.6.jar;C:\Users\Utente\.m2\repository\org\springframework\boot\spring-boot-starter-jdbc\2.4.1\spring-boot-starter-jdbc-2.4.1.jar;C:\Users\Utente\.m2\repository\com\zaxxer\HikariCP\3.4.5\HikariCP-3.4.5.jar;C:\Users\Utente\.m2\repository\org\springframework\spring-jdbc\5.3.2\spring-jdbc-5.3.2.jar;C:\Users\Utente\.m2\repository\jakarta\transaction\jakarta.transaction-api\1.3.3\jakarta.transaction-api-1.3.3.jar;C:\Users\Utente\.m2\repository\jakarta\persistence\jakarta.persistence-api\2.2.3\jakarta.persistence-api-2.2.3.jar;C:\Users\Utente\.m2\repository\org\springframework\data\spring-data-jpa\2.4.2\spring-data-jpa-2.4.2.jar;C:\Users\Utente\.m2\repository\org\springframework\data\spring-data-commons\2.4.2\spring-data-commons-2.4.2.jar;C:\Users\Utente\.m2\repository\org\springframework\spring-orm\5.3.2\spring-orm-5.3.2.jar;C:\Users\Utente\.m2\repository\org\springframework\spring-context\5.3.2\spring-context-5.3.2.jar;C:\Users\Utente\.m2\repository\org\springframework\spring-tx\5.3.2\spring-tx-5.3.2.jar;C:\Users\Utente\.m2\repository\org\springframework\spring-beans\5.3.2\spring-beans-5.3.2.jar;C:\Users\Utente\.m2\repository\org\slf4j\slf4j-api\1.7.30\slf4j-api-1.7.30.jar;C:\Users\Utente\.m2\repository\org\springframework\spring-aspects\5.3.2\spring-aspects-5.3.2.jar;C:\Users\Utente\.m2\repository\org\springframework\boot\spring-boot-starter-web\2.4.1\spring-boot-starter-web-2.4.1.jar;C:\Users\Utente\.m2\repository\org\springframework\boot\
Launcher Type: SUN_STANDARD

[Global flags]
     intx CICompilerCount                          = 4                                         {product} {ergonomic}
     uint ConcGCThreads                            = 2                                         {product} {ergonomic}
     uint G1ConcRefinementThreads                  = 8                                         {product} {ergonomic}
   size_t G1HeapRegionSize                         = 1048576                                   {product} {ergonomic}
    uintx GCDrainStackTargetSize                   = 64                                        {product} {ergonomic}
   size_t InitialHeapSize                          = 134217728                                 {product} {ergonomic}
   size_t MarkStackSize                            = 4194304                                   {product} {ergonomic}
   size_t MaxHeapSize                              = 2124414976                                {product} {ergonomic}
   size_t MaxNewSize                               = 1274019840                                {product} {ergonomic}
   size_t MinHeapDeltaBytes                        = 1048576                                   {product} {ergonomic}
   size_t MinHeapSize                              = 8388608                                   {product} {ergonomic}
    uintx NonNMethodCodeHeapSize                   = 5839372                                {pd product} {ergonomic}
    uintx NonProfiledCodeHeapSize                  = 122909434                              {pd product} {ergonomic}
    uintx ProfiledCodeHeapSize                     = 122909434                              {pd product} {ergonomic}
    uintx ReservedCodeCacheSize                    = 251658240                              {pd product} {ergonomic}
     bool SegmentedCodeCache                       = true                                      {product} {ergonomic}
   size_t SoftMaxHeapSize                          = 2124414976                             {manageable} {ergonomic}
     bool UseCompressedClassPointers               = true                                 {lp64_product} {ergonomic}
     bool UseCompressedOops                        = true                                 {lp64_product} {ergonomic}
     bool UseG1GC                                  = true                                      {product} {ergonomic}
     bool UseLargePagesIndividualAllocation        = false                                  {pd product} {ergonomic}

Logging:
Log output configuration:
 #0: stdout all=warning uptime,level,tags
 #1: stderr all=off uptime,level,tags

Environment Variables:
PATH=C:\Program Files (x86)\Common Files\Oracle\Java\javapath;C:\Program Files (x86)\Intel\Intel(R) Management Engine Components\iCLS\;C:\Program Files\Intel\Intel(R) Management Engine Components\iCLS\;C:\WINDOWS\system32;C:\WINDOWS;C:\WINDOWS\System32\Wbem;C:\WINDOWS\System32\WindowsPowerShell\v1.0\;C:\WINDOWS\System32\OpenSSH\;C:\Program Files (x86)\Intel\Intel(R) Management Engine Components\DAL;C:\Program Files\Intel\Intel(R) Management Engine Components\DAL;C:\Program Files\PuTTY\;C:\Program Files (x86)\Graphviz2.38\bin;C:\Program Files\Microsoft VS Code\bin;C:\Program Files\MATLAB\R2019b\bin;C:\Users\Utente\Desktop\battle(java);C:\Program Files (x86)\Calibre2\;C:\Program Files\Docker\Docker\resources\bin;C:\ProgramData\DockerDesktop\version-bin;C:\Program Files\Git\cmd;C:\Program Files\nodejs\;C:\Users\Utente\Anaconda3;C:\Users\Utente\Anaconda3\Library\mingw-w64\bin;C:\Users\Utente\Anaconda3\Library\usr\bin;C:\Users\Utente\Anaconda3\Library\bin;C:\Users\Utente\Anaconda3\Scripts;C:\Users\Utente\AppData\Local\Programs\Python\Python37-32\Scripts\;C:\Users\Utente\AppData\Local\Programs\Python\Python37-32\;C:\Users\Utente\AppData\Local\Microsoft\WindowsApps;D:\universit\3 anno\tesi\miktex\miktex\bin\x64\;C:\Program Files\Docker Toolbox;C:\Users\Utente\AppData\Local\GitHubDesktop\bin;C:\Users\Utente\AppData\Roaming\npm
USERNAME=Utente
OS=Windows_NT
PROCESSOR_IDENTIFIER=Intel64 Family 6 Model 142 Stepping 10, GenuineIntel



---------------  S Y S T E M  ---------------

OS:
 Windows 10 , 64 bit Build 19041 (10.0.19041.662)
OS uptime: 9 days 7:17 hours
HyperV virtualization detected

CPU: total 8 (initial active 8) (4 cores per cpu, 2 threads per core) family 6 model 142 stepping 10 microcode 0xb4, cmov, cx8, fxsr, mmx, sse, sse2, sse3, ssse3, sse4.1, sse4.2, popcnt, vzeroupper, avx, avx2, aes, clmul, erms, 3dnowpref, lzcnt, ht, tsc, tscinvbit, bmi1, bmi2, adx, fma, clflush, clflushopt

Memory: 4k page, system-wide physical 8101M (776M free)
TotalPageFile size 11101M (AvailPageFile size 5M)
current process WorkingSet (physical memory assigned to process): 164M, peak: 165M
current process commit charge ("private bytes"): 284M, peak: 285M

vm_info: OpenJDK 64-Bit Server VM (15.0.1+9-18) for windows-amd64 JRE (15.0.1+9-18), built on Sep 15 2020 14:39:31 by "mach5one" with unknown MS VC++:1925

END.
