#
# There is insufficient memory for the Java Runtime Environment to continue.
# Native memory allocation (malloc) failed to allocate 32744 bytes for ChunkPool::allocate
# Possible reasons:
#   The system is out of physical RAM or swap space
#   The process is running with CompressedOops enabled, and the Java Heap may be blocking the growth of the native heap
# Possible solutions:
#   Reduce memory load on the system
#   Increase physical memory or swap space
#   Check if swap backing store is full
#   Decrease Java heap size (-Xmx/-Xms)
#   Decrease number of Java threads
#   Decrease Java thread stack sizes (-Xss)
#   Set larger code cache with -XX:ReservedCodeCacheSize=
#   JVM is running with Unscaled Compressed Oops mode in which the Java heap is
#     placed in the first 4GB address space. The Java Heap base address is the
#     maximum limit for the native heap growth. Please use -XX:HeapBaseMinAddress
#     to set the Java Heap base and to place the Java Heap above 4GB virtual address.
# This output file may be truncated or incomplete.
#
#  Out of Memory Error (t:/workspace/open/src/hotspot/share/memory/arena.cpp:81), pid=10440, tid=11284
#
# JRE version: Java(TM) SE Runtime Environment (11.0.6+8) (build 11.0.6+8-LTS)
# Java VM: Java HotSpot(TM) 64-Bit Server VM (11.0.6+8-LTS, mixed mode, tiered, compressed oops, g1 gc, windows-amd64)
# No core dump will be written. Minidumps are not enabled by default on client versions of Windows
#

---------------  S U M M A R Y ------------

Command Line: -javaagent:C:\Program Files\JetBrains\IntelliJ IDEA Community Edition 2020.2.3\lib\idea_rt.jar=51323:C:\Program Files\JetBrains\IntelliJ IDEA Community Edition 2020.2.3\bin -Dfile.encoding=UTF-8 com.gruppo13.CalendarMS.CalendarMsApplication

Host: Intel(R) Core(TM) i7-8550U CPU @ 1.80GHz, 8 cores, 7G,  Windows 10 , 64 bit Build 19041 (10.0.19041.662)
Time: Sun Dec 27 18:31:23 2020 ora solare Europa occidentale elapsed time: 7 seconds (0d 0h 0m 7s)

---------------  T H R E A D  ---------------

Current thread (0x00000292e9265000):  JavaThread "C2 CompilerThread0" daemon [_thread_in_native, id=11284, stack(0x000000f59bf00000,0x000000f59c000000)]


Current CompileTask:
C2:   7729 4298   !   4       org.springframework.core.annotation.AnnotationsScanner::processMethodHierarchy (276 bytes)

Stack: [0x000000f59bf00000,0x000000f59c000000]
Native frames: (J=compiled Java code, j=interpreted, Vv=VM code, C=native code)
V  [jvm.dll+0x63679a]
V  [jvm.dll+0x7755bf]
V  [jvm.dll+0x776c65]
V  [jvm.dll+0x7772d3]
V  [jvm.dll+0x25e7f8]
V  [jvm.dll+0xc1e3b]
V  [jvm.dll+0xc219c]
V  [jvm.dll+0x373018]
V  [jvm.dll+0x372791]
V  [jvm.dll+0x3727d4]
V  [jvm.dll+0x537376]
V  [jvm.dll+0x537af9]
V  [jvm.dll+0x33a7e2]
V  [jvm.dll+0x339b8a]
V  [jvm.dll+0x218355]
V  [jvm.dll+0x2174fa]
V  [jvm.dll+0x193a2c]
V  [jvm.dll+0x226544]
V  [jvm.dll+0x224b28]
V  [jvm.dll+0x73a9c5]
V  [jvm.dll+0x733905]
V  [jvm.dll+0x635846]
C  [ucrtbase.dll+0x214c2]
C  [KERNEL32.DLL+0x17034]
C  [ntdll.dll+0x4d0d1]


---------------  P R O C E S S  ---------------

Threads class SMR info:
_java_thread_list=0x00000292ea527e70, length=19, elements={
0x00000292c9c77800, 0x00000292e88e7800, 0x00000292e88f0800, 0x00000292e9262800,
0x00000292e9264000, 0x00000292e9265000, 0x00000292e9270800, 0x00000292e9276800,
0x00000292e93e5800, 0x00000292e96cf800, 0x00000292e970d800, 0x00000292e97b9800,
0x00000292e9768000, 0x00000292ec477000, 0x00000292eeeff800, 0x00000292eff7f000,
0x00000292eecfd800, 0x00000292edbc9000, 0x00000292ef722800
}

Java Threads: ( => current thread )
  0x00000292c9c77800 JavaThread "main" [_thread_in_vm, id=1472, stack(0x000000f59b400000,0x000000f59b500000)]
  0x00000292e88e7800 JavaThread "Reference Handler" daemon [_thread_blocked, id=8144, stack(0x000000f59bb00000,0x000000f59bc00000)]
  0x00000292e88f0800 JavaThread "Finalizer" daemon [_thread_blocked, id=12956, stack(0x000000f59bc00000,0x000000f59bd00000)]
  0x00000292e9262800 JavaThread "Signal Dispatcher" daemon [_thread_blocked, id=12496, stack(0x000000f59bd00000,0x000000f59be00000)]
  0x00000292e9264000 JavaThread "Attach Listener" daemon [_thread_blocked, id=3660, stack(0x000000f59be00000,0x000000f59bf00000)]
=>0x00000292e9265000 JavaThread "C2 CompilerThread0" daemon [_thread_in_native, id=11284, stack(0x000000f59bf00000,0x000000f59c000000)]
  0x00000292e9270800 JavaThread "C1 CompilerThread0" daemon [_thread_blocked, id=8912, stack(0x000000f59c000000,0x000000f59c100000)]
  0x00000292e9276800 JavaThread "Sweeper thread" daemon [_thread_blocked, id=5052, stack(0x000000f59c100000,0x000000f59c200000)]
  0x00000292e93e5800 JavaThread "Common-Cleaner" daemon [_thread_blocked, id=12516, stack(0x000000f59c200000,0x000000f59c300000)]
  0x00000292e96cf800 JavaThread "C2 CompilerThread1" daemon [_thread_in_native, id=11412, stack(0x000000f59c300000,0x000000f59c400000)]
  0x00000292e970d800 JavaThread "C2 CompilerThread2" daemon [_thread_in_native, id=12060, stack(0x000000f59c400000,0x000000f59c500000)]
  0x00000292e97b9800 JavaThread "Monitor Ctrl-Break" daemon [_thread_in_native, id=9388, stack(0x000000f59c500000,0x000000f59c600000)]
  0x00000292e9768000 JavaThread "Service Thread" daemon [_thread_blocked, id=10876, stack(0x000000f59c600000,0x000000f59c700000)]
  0x00000292ec477000 JavaThread "Catalina-utility-1" [_thread_blocked, id=2100, stack(0x000000f59ca00000,0x000000f59cb00000)]
  0x00000292eeeff800 JavaThread "Catalina-utility-2" [_thread_blocked, id=15424, stack(0x000000f59cd00000,0x000000f59ce00000)]
  0x00000292eff7f000 JavaThread "container-0" [_thread_blocked, id=576, stack(0x000000f59ce00000,0x000000f59cf00000)]
  0x00000292eecfd800 JavaThread "PostgreSQL-JDBC-SharedTimer-1" daemon [_thread_blocked, id=6464, stack(0x000000f59d400000,0x000000f59d500000)]
  0x00000292edbc9000 JavaThread "HikariPool-1 housekeeper" daemon [_thread_blocked, id=10044, stack(0x000000f59d500000,0x000000f59d600000)]
  0x00000292ef722800 JavaThread "HikariPool-1 connection adder" daemon [_thread_in_native, id=5500, stack(0x000000f59d600000,0x000000f59d700000)]

Other Threads:
  0x00000292e88c2000 VMThread "VM Thread" [stack: 0x000000f59ba00000,0x000000f59bb00000] [id=6304]
  0x00000292e97ba800 WatcherThread [stack: 0x000000f59c700000,0x000000f59c800000] [id=6732]
  0x00000292c9c8f800 GCTaskThread "GC Thread#0" [stack: 0x000000f59b500000,0x000000f59b600000] [id=9308]
  0x00000292ea1a9800 GCTaskThread "GC Thread#1" [stack: 0x000000f59c800000,0x000000f59c900000] [id=16196]
  0x00000292ea333000 GCTaskThread "GC Thread#2" [stack: 0x000000f59c900000,0x000000f59ca00000] [id=10256]
  0x00000292ea742800 GCTaskThread "GC Thread#3" [stack: 0x000000f59cb00000,0x000000f59cc00000] [id=9948]
  0x00000292eae53000 GCTaskThread "GC Thread#4" [stack: 0x000000f59cf00000,0x000000f59d000000] [id=16200]
  0x00000292f0297800 GCTaskThread "GC Thread#5" [stack: 0x000000f59d000000,0x000000f59d100000] [id=14156]
  0x00000292f07eb800 GCTaskThread "GC Thread#6" [stack: 0x000000f59d100000,0x000000f59d200000] [id=11236]
  0x00000292eda4e800 GCTaskThread "GC Thread#7" [stack: 0x000000f59d200000,0x000000f59d300000] [id=9108]
  0x00000292c9cbf000 ConcurrentGCThread "G1 Main Marker" [stack: 0x000000f59b600000,0x000000f59b700000] [id=3872]
  0x00000292c9cc1000 ConcurrentGCThread "G1 Conc#0" [stack: 0x000000f59b700000,0x000000f59b800000] [id=14876]
  0x00000292ea5ff800 ConcurrentGCThread "G1 Conc#1" [stack: 0x000000f59cc00000,0x000000f59cd00000] [id=9976]
  0x00000292e8726800 ConcurrentGCThread "G1 Refine#0" [stack: 0x000000f59b800000,0x000000f59b900000] [id=7692]
  0x00000292e8727800 ConcurrentGCThread "G1 Young RemSet Sampling" [stack: 0x000000f59b900000,0x000000f59ba00000] [id=10508]

Threads with active compile tasks:
C2 CompilerThread04298   !   4       org.springframework.core.annotation.AnnotationsScanner::processMethodHierarchy (276 bytes)
C1 CompilerThread04474       2       java.lang.reflect.AccessibleObject::getAnnotations (5 bytes)
C2 CompilerThread14180       4       org.springframework.core.annotation.TypeMappedAnnotations::get (52 bytes)
C2 CompilerThread24177   !   4       org.springframework.core.annotation.AnnotationsScanner::processClassHierarchy (227 bytes)

VM state:not at safepoint (normal execution)

VM Mutex/Monitor currently owned by a thread: None

Heap address: 0x0000000081600000, size: 2026 MB, Compressed Oops mode: 32-bit
Narrow klass base: 0x0000000000000000, Narrow klass shift: 3
Compressed class space size: 1073741824 Address: 0x0000000100000000

Heap:
 garbage-first heap   total 157696K, used 64662K [0x0000000081600000, 0x0000000100000000)
  region size 1024K, 57 young (58368K), 9 survivors (9216K)
 Metaspace       used 55835K, capacity 57233K, committed 57344K, reserved 1099776K
  class space    used 7041K, capacity 7607K, committed 7680K, reserved 1048576K
Heap Regions: E=young(eden), S=young(survivor), O=old, HS=humongous(starts), HC=humongous(continues), CS=collection set, F=free, A=archive, TAMS=top-at-mark-start (previous, next)
|   0|0x0000000081600000, 0x0000000081700000, 0x0000000081700000|100%|HS|  |TAMS 0x0000000081700000, 0x0000000081600000| Complete 
|   1|0x0000000081700000, 0x0000000081800000, 0x0000000081800000|100%| O|  |TAMS 0x0000000081800000, 0x0000000081700000| Untracked 
|   2|0x0000000081800000, 0x0000000081900000, 0x0000000081900000|100%| O|  |TAMS 0x0000000081900000, 0x0000000081800000| Untracked 
|   3|0x0000000081900000, 0x0000000081a00000, 0x0000000081a00000|100%| O|  |TAMS 0x0000000081a00000, 0x0000000081900000| Untracked 
|   4|0x0000000081a00000, 0x0000000081b00000, 0x0000000081b00000|100%| O|  |TAMS 0x0000000081b00000, 0x0000000081a00000| Untracked 
|   5|0x0000000081b00000, 0x0000000081c00000, 0x0000000081c00000|100%| O|  |TAMS 0x0000000081c00000, 0x0000000081b00000| Untracked 
|   6|0x0000000081c00000, 0x0000000081d00000, 0x0000000081d00000|100%| O|  |TAMS 0x0000000081d00000, 0x0000000081c00000| Untracked 
|   7|0x0000000081d00000, 0x0000000081de0200, 0x0000000081e00000| 87%| O|  |TAMS 0x0000000081de0200, 0x0000000081d00000| Untracked 
|   8|0x0000000081e00000, 0x0000000081e00000, 0x0000000081f00000|  0%| F|  |TAMS 0x0000000081e00000, 0x0000000081e00000| Untracked 
|   9|0x0000000081f00000, 0x0000000081f00000, 0x0000000082000000|  0%| F|  |TAMS 0x0000000081f00000, 0x0000000081f00000| Untracked 
|  10|0x0000000082000000, 0x0000000082000000, 0x0000000082100000|  0%| F|  |TAMS 0x0000000082000000, 0x0000000082000000| Untracked 
|  11|0x0000000082100000, 0x0000000082100000, 0x0000000082200000|  0%| F|  |TAMS 0x0000000082100000, 0x0000000082100000| Untracked 
|  12|0x0000000082200000, 0x0000000082200000, 0x0000000082300000|  0%| F|  |TAMS 0x0000000082200000, 0x0000000082200000| Untracked 
|  13|0x0000000082300000, 0x0000000082300000, 0x0000000082400000|  0%| F|  |TAMS 0x0000000082300000, 0x0000000082300000| Untracked 
|  14|0x0000000082400000, 0x0000000082400000, 0x0000000082500000|  0%| F|  |TAMS 0x0000000082400000, 0x0000000082400000| Untracked 
|  15|0x0000000082500000, 0x0000000082500000, 0x0000000082600000|  0%| F|  |TAMS 0x0000000082500000, 0x0000000082500000| Untracked 
|  16|0x0000000082600000, 0x0000000082600000, 0x0000000082700000|  0%| F|  |TAMS 0x0000000082600000, 0x0000000082600000| Untracked 
|  17|0x0000000082700000, 0x0000000082700000, 0x0000000082800000|  0%| F|  |TAMS 0x0000000082700000, 0x0000000082700000| Untracked 
|  18|0x0000000082800000, 0x0000000082800000, 0x0000000082900000|  0%| F|  |TAMS 0x0000000082800000, 0x0000000082800000| Untracked 
|  19|0x0000000082900000, 0x0000000082900000, 0x0000000082a00000|  0%| F|  |TAMS 0x0000000082900000, 0x0000000082900000| Untracked 
|  20|0x0000000082a00000, 0x0000000082a00000, 0x0000000082b00000|  0%| F|  |TAMS 0x0000000082a00000, 0x0000000082a00000| Untracked 
|  21|0x0000000082b00000, 0x0000000082b00000, 0x0000000082c00000|  0%| F|  |TAMS 0x0000000082b00000, 0x0000000082b00000| Untracked 
|  22|0x0000000082c00000, 0x0000000082c00000, 0x0000000082d00000|  0%| F|  |TAMS 0x0000000082c00000, 0x0000000082c00000| Untracked 
|  23|0x0000000082d00000, 0x0000000082d00000, 0x0000000082e00000|  0%| F|  |TAMS 0x0000000082d00000, 0x0000000082d00000| Untracked 
|  24|0x0000000082e00000, 0x0000000082e00000, 0x0000000082f00000|  0%| F|  |TAMS 0x0000000082e00000, 0x0000000082e00000| Untracked 
|  25|0x0000000082f00000, 0x0000000082f00000, 0x0000000083000000|  0%| F|  |TAMS 0x0000000082f00000, 0x0000000082f00000| Untracked 
|  26|0x0000000083000000, 0x0000000083000000, 0x0000000083100000|  0%| F|  |TAMS 0x0000000083000000, 0x0000000083000000| Untracked 
|  27|0x0000000083100000, 0x0000000083100000, 0x0000000083200000|  0%| F|  |TAMS 0x0000000083100000, 0x0000000083100000| Untracked 
|  28|0x0000000083200000, 0x0000000083200000, 0x0000000083300000|  0%| F|  |TAMS 0x0000000083200000, 0x0000000083200000| Untracked 
|  29|0x0000000083300000, 0x0000000083300000, 0x0000000083400000|  0%| F|  |TAMS 0x0000000083300000, 0x0000000083300000| Untracked 
|  30|0x0000000083400000, 0x0000000083400000, 0x0000000083500000|  0%| F|  |TAMS 0x0000000083400000, 0x0000000083400000| Untracked 
|  31|0x0000000083500000, 0x0000000083500000, 0x0000000083600000|  0%| F|  |TAMS 0x0000000083500000, 0x0000000083500000| Untracked 
|  32|0x0000000083600000, 0x0000000083600000, 0x0000000083700000|  0%| F|  |TAMS 0x0000000083600000, 0x0000000083600000| Untracked 
|  33|0x0000000083700000, 0x0000000083700000, 0x0000000083800000|  0%| F|  |TAMS 0x0000000083700000, 0x0000000083700000| Untracked 
|  34|0x0000000083800000, 0x0000000083800000, 0x0000000083900000|  0%| F|  |TAMS 0x0000000083800000, 0x0000000083800000| Untracked 
|  35|0x0000000083900000, 0x0000000083900000, 0x0000000083a00000|  0%| F|  |TAMS 0x0000000083900000, 0x0000000083900000| Untracked 
|  36|0x0000000083a00000, 0x0000000083a00000, 0x0000000083b00000|  0%| F|  |TAMS 0x0000000083a00000, 0x0000000083a00000| Untracked 
|  37|0x0000000083b00000, 0x0000000083b00000, 0x0000000083c00000|  0%| F|  |TAMS 0x0000000083b00000, 0x0000000083b00000| Untracked 
|  38|0x0000000083c00000, 0x0000000083c00000, 0x0000000083d00000|  0%| F|  |TAMS 0x0000000083c00000, 0x0000000083c00000| Untracked 
|  39|0x0000000083d00000, 0x0000000083d00000, 0x0000000083e00000|  0%| F|  |TAMS 0x0000000083d00000, 0x0000000083d00000| Untracked 
|  40|0x0000000083e00000, 0x0000000083e00000, 0x0000000083f00000|  0%| F|  |TAMS 0x0000000083e00000, 0x0000000083e00000| Untracked 
|  41|0x0000000083f00000, 0x0000000083f00000, 0x0000000084000000|  0%| F|  |TAMS 0x0000000083f00000, 0x0000000083f00000| Untracked 
|  42|0x0000000084000000, 0x0000000084000000, 0x0000000084100000|  0%| F|  |TAMS 0x0000000084000000, 0x0000000084000000| Untracked 
|  43|0x0000000084100000, 0x0000000084100000, 0x0000000084200000|  0%| F|  |TAMS 0x0000000084100000, 0x0000000084100000| Untracked 
|  44|0x0000000084200000, 0x0000000084200000, 0x0000000084300000|  0%| F|  |TAMS 0x0000000084200000, 0x0000000084200000| Untracked 
|  45|0x0000000084300000, 0x0000000084300000, 0x0000000084400000|  0%| F|  |TAMS 0x0000000084300000, 0x0000000084300000| Untracked 
|  46|0x0000000084400000, 0x0000000084400000, 0x0000000084500000|  0%| F|  |TAMS 0x0000000084400000, 0x0000000084400000| Untracked 
|  47|0x0000000084500000, 0x0000000084500000, 0x0000000084600000|  0%| F|  |TAMS 0x0000000084500000, 0x0000000084500000| Untracked 
|  48|0x0000000084600000, 0x0000000084600000, 0x0000000084700000|  0%| F|  |TAMS 0x0000000084600000, 0x0000000084600000| Untracked 
|  49|0x0000000084700000, 0x0000000084700000, 0x0000000084800000|  0%| F|  |TAMS 0x0000000084700000, 0x0000000084700000| Untracked 
|  50|0x0000000084800000, 0x0000000084800000, 0x0000000084900000|  0%| F|  |TAMS 0x0000000084800000, 0x0000000084800000| Untracked 
|  51|0x0000000084900000, 0x0000000084900000, 0x0000000084a00000|  0%| F|  |TAMS 0x0000000084900000, 0x0000000084900000| Untracked 
|  52|0x0000000084a00000, 0x0000000084a00000, 0x0000000084b00000|  0%| F|  |TAMS 0x0000000084a00000, 0x0000000084a00000| Untracked 
|  53|0x0000000084b00000, 0x0000000084b45840, 0x0000000084c00000| 27%| S|CS|TAMS 0x0000000084b00000, 0x0000000084b00000| Complete 
|  54|0x0000000084c00000, 0x0000000084d00000, 0x0000000084d00000|100%| S|CS|TAMS 0x0000000084c00000, 0x0000000084c00000| Complete 
|  55|0x0000000084d00000, 0x0000000084e00000, 0x0000000084e00000|100%| S|CS|TAMS 0x0000000084d00000, 0x0000000084d00000| Complete 
|  56|0x0000000084e00000, 0x0000000084f00000, 0x0000000084f00000|100%| S|CS|TAMS 0x0000000084e00000, 0x0000000084e00000| Complete 
|  57|0x0000000084f00000, 0x0000000085000000, 0x0000000085000000|100%| S|CS|TAMS 0x0000000084f00000, 0x0000000084f00000| Complete 
|  58|0x0000000085000000, 0x0000000085100000, 0x0000000085100000|100%| S|CS|TAMS 0x0000000085000000, 0x0000000085000000| Complete 
|  59|0x0000000085100000, 0x0000000085200000, 0x0000000085200000|100%| S|CS|TAMS 0x0000000085100000, 0x0000000085100000| Complete 
|  60|0x0000000085200000, 0x0000000085300000, 0x0000000085300000|100%| S|CS|TAMS 0x0000000085200000, 0x0000000085200000| Complete 
|  61|0x0000000085300000, 0x0000000085400000, 0x0000000085400000|100%| S|CS|TAMS 0x0000000085300000, 0x0000000085300000| Complete 
|  62|0x0000000085400000, 0x0000000085400000, 0x0000000085500000|  0%| F|  |TAMS 0x0000000085400000, 0x0000000085400000| Untracked 
|  63|0x0000000085500000, 0x0000000085500000, 0x0000000085600000|  0%| F|  |TAMS 0x0000000085500000, 0x0000000085500000| Untracked 
|  64|0x0000000085600000, 0x0000000085600000, 0x0000000085700000|  0%| F|  |TAMS 0x0000000085600000, 0x0000000085600000| Untracked 
|  65|0x0000000085700000, 0x0000000085700000, 0x0000000085800000|  0%| F|  |TAMS 0x0000000085700000, 0x0000000085700000| Untracked 
|  66|0x0000000085800000, 0x0000000085800000, 0x0000000085900000|  0%| F|  |TAMS 0x0000000085800000, 0x0000000085800000| Untracked 
|  67|0x0000000085900000, 0x0000000085900000, 0x0000000085a00000|  0%| F|  |TAMS 0x0000000085900000, 0x0000000085900000| Untracked 
|  68|0x0000000085a00000, 0x0000000085a00000, 0x0000000085b00000|  0%| F|  |TAMS 0x0000000085a00000, 0x0000000085a00000| Untracked 
|  69|0x0000000085b00000, 0x0000000085b00000, 0x0000000085c00000|  0%| F|  |TAMS 0x0000000085b00000, 0x0000000085b00000| Untracked 
|  70|0x0000000085c00000, 0x0000000085c00000, 0x0000000085d00000|  0%| F|  |TAMS 0x0000000085c00000, 0x0000000085c00000| Untracked 
|  71|0x0000000085d00000, 0x0000000085d00000, 0x0000000085e00000|  0%| F|  |TAMS 0x0000000085d00000, 0x0000000085d00000| Untracked 
|  72|0x0000000085e00000, 0x0000000085e00000, 0x0000000085f00000|  0%| F|  |TAMS 0x0000000085e00000, 0x0000000085e00000| Untracked 
|  73|0x0000000085f00000, 0x0000000085f00000, 0x0000000086000000|  0%| F|  |TAMS 0x0000000085f00000, 0x0000000085f00000| Untracked 
|  74|0x0000000086000000, 0x0000000086000000, 0x0000000086100000|  0%| F|  |TAMS 0x0000000086000000, 0x0000000086000000| Untracked 
|  75|0x0000000086100000, 0x0000000086100000, 0x0000000086200000|  0%| F|  |TAMS 0x0000000086100000, 0x0000000086100000| Untracked 
|  76|0x0000000086200000, 0x0000000086200000, 0x0000000086300000|  0%| F|  |TAMS 0x0000000086200000, 0x0000000086200000| Untracked 
|  77|0x0000000086300000, 0x0000000086300000, 0x0000000086400000|  0%| F|  |TAMS 0x0000000086300000, 0x0000000086300000| Untracked 
|  78|0x0000000086400000, 0x0000000086400000, 0x0000000086500000|  0%| F|  |TAMS 0x0000000086400000, 0x0000000086400000| Untracked 
|  79|0x0000000086500000, 0x0000000086500000, 0x0000000086600000|  0%| F|  |TAMS 0x0000000086500000, 0x0000000086500000| Untracked 
|  80|0x0000000086600000, 0x0000000086600000, 0x0000000086700000|  0%| F|  |TAMS 0x0000000086600000, 0x0000000086600000| Untracked 
|  81|0x0000000086700000, 0x0000000086700000, 0x0000000086800000|  0%| F|  |TAMS 0x0000000086700000, 0x0000000086700000| Untracked 
|  82|0x0000000086800000, 0x0000000086800000, 0x0000000086900000|  0%| F|  |TAMS 0x0000000086800000, 0x0000000086800000| Untracked 
|  83|0x0000000086900000, 0x0000000086900000, 0x0000000086a00000|  0%| F|  |TAMS 0x0000000086900000, 0x0000000086900000| Untracked 
|  84|0x0000000086a00000, 0x0000000086a00000, 0x0000000086b00000|  0%| F|  |TAMS 0x0000000086a00000, 0x0000000086a00000| Untracked 
|  85|0x0000000086b00000, 0x0000000086b00000, 0x0000000086c00000|  0%| F|  |TAMS 0x0000000086b00000, 0x0000000086b00000| Untracked 
|  86|0x0000000086c00000, 0x0000000086c00000, 0x0000000086d00000|  0%| F|  |TAMS 0x0000000086c00000, 0x0000000086c00000| Untracked 
|  87|0x0000000086d00000, 0x0000000086d00000, 0x0000000086e00000|  0%| F|  |TAMS 0x0000000086d00000, 0x0000000086d00000| Untracked 
|  88|0x0000000086e00000, 0x0000000086e00000, 0x0000000086f00000|  0%| F|  |TAMS 0x0000000086e00000, 0x0000000086e00000| Untracked 
|  89|0x0000000086f00000, 0x0000000086f00000, 0x0000000087000000|  0%| F|  |TAMS 0x0000000086f00000, 0x0000000086f00000| Untracked 
|  90|0x0000000087000000, 0x0000000087000000, 0x0000000087100000|  0%| F|  |TAMS 0x0000000087000000, 0x0000000087000000| Untracked 
|  91|0x0000000087100000, 0x0000000087100000, 0x0000000087200000|  0%| F|  |TAMS 0x0000000087100000, 0x0000000087100000| Untracked 
|  92|0x0000000087200000, 0x0000000087200000, 0x0000000087300000|  0%| F|  |TAMS 0x0000000087200000, 0x0000000087200000| Untracked 
|  93|0x0000000087300000, 0x0000000087300000, 0x0000000087400000|  0%| F|  |TAMS 0x0000000087300000, 0x0000000087300000| Untracked 
|  94|0x0000000087400000, 0x0000000087400000, 0x0000000087500000|  0%| F|  |TAMS 0x0000000087400000, 0x0000000087400000| Untracked 
|  95|0x0000000087500000, 0x0000000087500000, 0x0000000087600000|  0%| F|  |TAMS 0x0000000087500000, 0x0000000087500000| Untracked 
|  96|0x0000000087600000, 0x0000000087600000, 0x0000000087700000|  0%| F|  |TAMS 0x0000000087600000, 0x0000000087600000| Untracked 
|  97|0x0000000087700000, 0x0000000087700000, 0x0000000087800000|  0%| F|  |TAMS 0x0000000087700000, 0x0000000087700000| Untracked 
|  98|0x0000000087800000, 0x0000000087800000, 0x0000000087900000|  0%| F|  |TAMS 0x0000000087800000, 0x0000000087800000| Untracked 
|  99|0x0000000087900000, 0x0000000087900000, 0x0000000087a00000|  0%| F|  |TAMS 0x0000000087900000, 0x0000000087900000| Untracked 
| 100|0x0000000087a00000, 0x0000000087a00000, 0x0000000087b00000|  0%| F|  |TAMS 0x0000000087a00000, 0x0000000087a00000| Untracked 
| 101|0x0000000087b00000, 0x0000000087b00000, 0x0000000087c00000|  0%| F|  |TAMS 0x0000000087b00000, 0x0000000087b00000| Untracked 
| 102|0x0000000087c00000, 0x0000000087c00000, 0x0000000087d00000|  0%| F|  |TAMS 0x0000000087c00000, 0x0000000087c00000| Untracked 
| 103|0x0000000087d00000, 0x0000000087d00000, 0x0000000087e00000|  0%| F|  |TAMS 0x0000000087d00000, 0x0000000087d00000| Untracked 
| 104|0x0000000087e00000, 0x0000000087e00000, 0x0000000087f00000|  0%| F|  |TAMS 0x0000000087e00000, 0x0000000087e00000| Untracked 
| 105|0x0000000087f00000, 0x0000000087f00000, 0x0000000088000000|  0%| F|  |TAMS 0x0000000087f00000, 0x0000000087f00000| Untracked 
| 106|0x0000000088000000, 0x0000000088100000, 0x0000000088100000|100%| E|  |TAMS 0x0000000088000000, 0x0000000088000000| Complete 
| 107|0x0000000088100000, 0x0000000088200000, 0x0000000088200000|100%| E|CS|TAMS 0x0000000088100000, 0x0000000088100000| Complete 
| 108|0x0000000088200000, 0x0000000088300000, 0x0000000088300000|100%| E|CS|TAMS 0x0000000088200000, 0x0000000088200000| Complete 
| 109|0x0000000088300000, 0x0000000088400000, 0x0000000088400000|100%| E|CS|TAMS 0x0000000088300000, 0x0000000088300000| Complete 
| 110|0x0000000088400000, 0x0000000088500000, 0x0000000088500000|100%| E|CS|TAMS 0x0000000088400000, 0x0000000088400000| Complete 
| 111|0x0000000088500000, 0x0000000088600000, 0x0000000088600000|100%| E|CS|TAMS 0x0000000088500000, 0x0000000088500000| Complete 
| 112|0x0000000088600000, 0x0000000088700000, 0x0000000088700000|100%| E|CS|TAMS 0x0000000088600000, 0x0000000088600000| Complete 
| 113|0x0000000088700000, 0x0000000088800000, 0x0000000088800000|100%| E|CS|TAMS 0x0000000088700000, 0x0000000088700000| Complete 
| 114|0x0000000088800000, 0x0000000088900000, 0x0000000088900000|100%| E|CS|TAMS 0x0000000088800000, 0x0000000088800000| Complete 
| 115|0x0000000088900000, 0x0000000088a00000, 0x0000000088a00000|100%| E|CS|TAMS 0x0000000088900000, 0x0000000088900000| Complete 
| 116|0x0000000088a00000, 0x0000000088b00000, 0x0000000088b00000|100%| E|CS|TAMS 0x0000000088a00000, 0x0000000088a00000| Complete 
| 117|0x0000000088b00000, 0x0000000088c00000, 0x0000000088c00000|100%| E|CS|TAMS 0x0000000088b00000, 0x0000000088b00000| Complete 
| 118|0x0000000088c00000, 0x0000000088d00000, 0x0000000088d00000|100%| E|CS|TAMS 0x0000000088c00000, 0x0000000088c00000| Complete 
| 119|0x0000000088d00000, 0x0000000088e00000, 0x0000000088e00000|100%| E|CS|TAMS 0x0000000088d00000, 0x0000000088d00000| Complete 
| 120|0x0000000088e00000, 0x0000000088f00000, 0x0000000088f00000|100%| E|CS|TAMS 0x0000000088e00000, 0x0000000088e00000| Complete 
| 121|0x0000000088f00000, 0x0000000089000000, 0x0000000089000000|100%| E|CS|TAMS 0x0000000088f00000, 0x0000000088f00000| Complete 
| 122|0x0000000089000000, 0x0000000089100000, 0x0000000089100000|100%| E|CS|TAMS 0x0000000089000000, 0x0000000089000000| Complete 
| 123|0x0000000089100000, 0x0000000089200000, 0x0000000089200000|100%| E|CS|TAMS 0x0000000089100000, 0x0000000089100000| Complete 
| 124|0x0000000089200000, 0x0000000089300000, 0x0000000089300000|100%| E|CS|TAMS 0x0000000089200000, 0x0000000089200000| Complete 
| 125|0x0000000089300000, 0x0000000089400000, 0x0000000089400000|100%| E|CS|TAMS 0x0000000089300000, 0x0000000089300000| Complete 
| 126|0x0000000089400000, 0x0000000089500000, 0x0000000089500000|100%| E|CS|TAMS 0x0000000089400000, 0x0000000089400000| Complete 
| 127|0x0000000089500000, 0x0000000089600000, 0x0000000089600000|100%| E|CS|TAMS 0x0000000089500000, 0x0000000089500000| Complete 
| 128|0x0000000089600000, 0x0000000089700000, 0x0000000089700000|100%| E|CS|TAMS 0x0000000089600000, 0x0000000089600000| Complete 
| 129|0x0000000089700000, 0x0000000089800000, 0x0000000089800000|100%| E|CS|TAMS 0x0000000089700000, 0x0000000089700000| Complete 
| 130|0x0000000089800000, 0x0000000089900000, 0x0000000089900000|100%| E|CS|TAMS 0x0000000089800000, 0x0000000089800000| Complete 
| 131|0x0000000089900000, 0x0000000089a00000, 0x0000000089a00000|100%| E|CS|TAMS 0x0000000089900000, 0x0000000089900000| Complete 
| 132|0x0000000089a00000, 0x0000000089b00000, 0x0000000089b00000|100%| E|CS|TAMS 0x0000000089a00000, 0x0000000089a00000| Complete 
| 133|0x0000000089b00000, 0x0000000089c00000, 0x0000000089c00000|100%| E|CS|TAMS 0x0000000089b00000, 0x0000000089b00000| Complete 
| 134|0x0000000089c00000, 0x0000000089d00000, 0x0000000089d00000|100%| E|CS|TAMS 0x0000000089c00000, 0x0000000089c00000| Complete 
| 135|0x0000000089d00000, 0x0000000089e00000, 0x0000000089e00000|100%| E|CS|TAMS 0x0000000089d00000, 0x0000000089d00000| Complete 
| 136|0x0000000089e00000, 0x0000000089f00000, 0x0000000089f00000|100%| E|CS|TAMS 0x0000000089e00000, 0x0000000089e00000| Complete 
| 137|0x0000000089f00000, 0x000000008a000000, 0x000000008a000000|100%| E|CS|TAMS 0x0000000089f00000, 0x0000000089f00000| Complete 
| 138|0x000000008a000000, 0x000000008a100000, 0x000000008a100000|100%| E|CS|TAMS 0x000000008a000000, 0x000000008a000000| Complete 
| 139|0x000000008a100000, 0x000000008a200000, 0x000000008a200000|100%| E|CS|TAMS 0x000000008a100000, 0x000000008a100000| Complete 
| 140|0x000000008a200000, 0x000000008a300000, 0x000000008a300000|100%| E|CS|TAMS 0x000000008a200000, 0x000000008a200000| Complete 
| 141|0x000000008a300000, 0x000000008a400000, 0x000000008a400000|100%| E|CS|TAMS 0x000000008a300000, 0x000000008a300000| Complete 
| 142|0x000000008a400000, 0x000000008a500000, 0x000000008a500000|100%| E|CS|TAMS 0x000000008a400000, 0x000000008a400000| Complete 
| 143|0x000000008a500000, 0x000000008a600000, 0x000000008a600000|100%| E|CS|TAMS 0x000000008a500000, 0x000000008a500000| Complete 
| 144|0x000000008a600000, 0x000000008a700000, 0x000000008a700000|100%| E|CS|TAMS 0x000000008a600000, 0x000000008a600000| Complete 
| 145|0x000000008a700000, 0x000000008a800000, 0x000000008a800000|100%| E|CS|TAMS 0x000000008a700000, 0x000000008a700000| Complete 
| 146|0x000000008a800000, 0x000000008a900000, 0x000000008a900000|100%| E|CS|TAMS 0x000000008a800000, 0x000000008a800000| Complete 
| 147|0x000000008a900000, 0x000000008aa00000, 0x000000008aa00000|100%| E|CS|TAMS 0x000000008a900000, 0x000000008a900000| Complete 
| 148|0x000000008aa00000, 0x000000008ab00000, 0x000000008ab00000|100%| E|CS|TAMS 0x000000008aa00000, 0x000000008aa00000| Complete 
| 149|0x000000008ab00000, 0x000000008ac00000, 0x000000008ac00000|100%| E|CS|TAMS 0x000000008ab00000, 0x000000008ab00000| Complete 
| 150|0x000000008ac00000, 0x000000008ad00000, 0x000000008ad00000|100%| E|CS|TAMS 0x000000008ac00000, 0x000000008ac00000| Complete 
| 151|0x000000008ad00000, 0x000000008ae00000, 0x000000008ae00000|100%| E|CS|TAMS 0x000000008ad00000, 0x000000008ad00000| Complete 
| 152|0x000000008ae00000, 0x000000008af00000, 0x000000008af00000|100%| E|CS|TAMS 0x000000008ae00000, 0x000000008ae00000| Complete 
| 153|0x000000008af00000, 0x000000008b000000, 0x000000008b000000|100%| E|CS|TAMS 0x000000008af00000, 0x000000008af00000| Complete 

Card table byte_map: [0x00000292e1720000,0x00000292e1b20000] _byte_map_base: 0x00000292e1315000

Marking Bits (Prev, Next): (CMBitMap*) 0x00000292c9cb61f8, (CMBitMap*) 0x00000292c9cb6230
 Prev Bits: [0x00000292e1f20000, 0x00000292e3ec8000)
 Next Bits: [0x00000292e3ed0000, 0x00000292e5e78000)

Polling page: 0x00000292c7bb0000

Metaspace:

Usage:
  Non-class:     48.46 MB capacity,    47.65 MB ( 98%) used,   656.83 KB (  1%) free+waste,   172.50 KB ( <1%) overhead. 
      Class:      7.43 MB capacity,     6.88 MB ( 93%) used,   485.03 KB (  6%) free+waste,    80.69 KB (  1%) overhead. 
       Both:     55.89 MB capacity,    54.53 MB ( 98%) used,     1.12 MB (  2%) free+waste,   253.19 KB ( <1%) overhead. 

Virtual space:
  Non-class space:       50.00 MB reserved,      48.50 MB ( 97%) committed 
      Class space:        1.00 GB reserved,       7.50 MB ( <1%) committed 
             Both:        1.05 GB reserved,      56.00 MB (  5%) committed 

Chunk freelists:
   Non-Class:  4.75 KB
       Class:  1.13 KB
        Both:  5.88 KB

CodeHeap 'non-profiled nmethods': size=120000Kb used=2775Kb max_used=2775Kb free=117224Kb
 bounds [0x00000292d9ac0000, 0x00000292d9d80000, 0x00000292e0ff0000]
CodeHeap 'profiled nmethods': size=120000Kb used=10109Kb max_used=10109Kb free=109890Kb
 bounds [0x00000292d2590000, 0x00000292d2f70000, 0x00000292d9ac0000]
CodeHeap 'non-nmethods': size=5760Kb used=1224Kb max_used=1234Kb free=4535Kb
 bounds [0x00000292d1ff0000, 0x00000292d2260000, 0x00000292d2590000]
 total_blobs=6109 nmethods=4437 adapters=442
 compilation: enabled
              stopped_count=0, restarted_count=0
 full_count=0

Compilation events (10 events):
Event: 7.715 Thread 0x00000292e9270800 4448       2       java.lang.reflect.Executable::getGenericExceptionTypes (27 bytes)
Event: 7.717 Thread 0x00000292e9270800 nmethod 4448 0x00000292d2f64990 code [0x00000292d2f64ba0, 0x00000292d2f64eb0]
Event: 7.717 Thread 0x00000292e9270800 4449       2       java.lang.reflect.Method::specificToGenericStringHeader (48 bytes)
Event: 7.718 Thread 0x00000292e9270800 nmethod 4449 0x00000292d2f65010 code [0x00000292d2f65260, 0x00000292d2f659c0]
Event: 7.718 Thread 0x00000292e9270800 4450       2       java.lang.reflect.Method::getGenericInfo (5 bytes)
Event: 7.719 Thread 0x00000292e9270800 nmethod 4450 0x00000292d2f65d90 code [0x00000292d2f65f60, 0x00000292d2f663b0]
Event: 7.723 Thread 0x00000292e9270800 4452       2       sun.reflect.generics.visitor.Reifier::reifyTypeArguments (38 bytes)
Event: 7.724 Thread 0x00000292e9270800 nmethod 4452 0x00000292d2f66510 code [0x00000292d2f666e0, 0x00000292d2f66a90]
Event: 7.724 Thread 0x00000292e9270800 4453       2       org.springframework.core.MethodParameter::getNestedParameterType (122 bytes)
Event: 7.725 Thread 0x00000292e9270800 nmethod 4453 0x00000292d2f66c10 code [0x00000292d2f66e80, 0x00000292d2f67590]

GC Heap History (10 events):
Event: 1.964 GC heap before
{Heap before GC invocations=3 (full 0):
 garbage-first heap   total 131072K, used 46270K [0x0000000081600000, 0x0000000100000000)
  region size 1024K, 43 young (44032K), 5 survivors (5120K)
 Metaspace       used 23869K, capacity 24436K, committed 24704K, reserved 1071104K
  class space    used 2677K, capacity 2885K, committed 2944K, reserved 1048576K
}
Event: 1.975 GC heap after
{Heap after GC invocations=4 (full 0):
 garbage-first heap   total 131072K, used 9296K [0x0000000081600000, 0x0000000100000000)
  region size 1024K, 3 young (3072K), 3 survivors (3072K)
 Metaspace       used 23869K, capacity 24436K, committed 24704K, reserved 1071104K
  class space    used 2677K, capacity 2885K, committed 2944K, reserved 1048576K
}
Event: 3.172 GC heap before
{Heap before GC invocations=4 (full 0):
 garbage-first heap   total 131072K, used 62544K [0x0000000081600000, 0x0000000100000000)
  region size 1024K, 56 young (57344K), 3 survivors (3072K)
 Metaspace       used 28022K, capacity 28804K, committed 28928K, reserved 1075200K
  class space    used 3179K, capacity 3499K, committed 3584K, reserved 1048576K
}
Event: 3.189 GC heap after
{Heap after GC invocations=5 (full 0):
 garbage-first heap   total 131072K, used 10871K [0x0000000081600000, 0x0000000100000000)
  region size 1024K, 5 young (5120K), 5 survivors (5120K)
 Metaspace       used 28022K, capacity 28804K, committed 28928K, reserved 1075200K
  class space    used 3179K, capacity 3499K, committed 3584K, reserved 1048576K
}
Event: 4.568 GC heap before
{Heap before GC invocations=5 (full 0):
 garbage-first heap   total 131072K, used 74359K [0x0000000081600000, 0x0000000100000000)
  region size 1024K, 68 young (69632K), 5 survivors (5120K)
 Metaspace       used 34277K, capacity 35294K, committed 35456K, reserved 1081344K
  class space    used 3971K, capacity 4417K, committed 4480K, reserved 1048576K
}
Event: 4.580 GC heap after
{Heap after GC invocations=6 (full 0):
 garbage-first heap   total 157696K, used 13861K [0x0000000081600000, 0x0000000100000000)
  region size 1024K, 8 young (8192K), 8 survivors (8192K)
 Metaspace       used 34277K, capacity 35294K, committed 35456K, reserved 1081344K
  class space    used 3971K, capacity 4417K, committed 4480K, reserved 1048576K
}
Event: 4.701 GC heap before
{Heap before GC invocations=6 (full 0):
 garbage-first heap   total 157696K, used 28197K [0x0000000081600000, 0x0000000100000000)
  region size 1024K, 24 young (24576K), 8 survivors (8192K)
 Metaspace       used 34935K, capacity 35926K, committed 35968K, reserved 1081344K
  class space    used 4049K, capacity 4456K, committed 4480K, reserved 1048576K
}
Event: 4.715 GC heap after
{Heap after GC invocations=7 (full 0):
 garbage-first heap   total 157696K, used 14007K [0x0000000081600000, 0x0000000100000000)
  region size 1024K, 6 young (6144K), 6 survivors (6144K)
 Metaspace       used 34935K, capacity 35926K, committed 35968K, reserved 1081344K
  class space    used 4049K, capacity 4456K, committed 4480K, reserved 1048576K
}
Event: 6.345 GC heap before
{Heap before GC invocations=8 (full 0):
 garbage-first heap   total 157696K, used 102071K [0x0000000081600000, 0x0000000100000000)
  region size 1024K, 92 young (94208K), 6 survivors (6144K)
 Metaspace       used 48519K, capacity 49588K, committed 49664K, reserved 1091584K
  class space    used 6154K, capacity 6596K, committed 6656K, reserved 1048576K
}
Event: 6.360 GC heap after
{Heap after GC invocations=9 (full 0):
 garbage-first heap   total 157696K, used 16534K [0x0000000081600000, 0x0000000100000000)
  region size 1024K, 9 young (9216K), 9 survivors (9216K)
 Metaspace       used 48519K, capacity 49588K, committed 49664K, reserved 1091584K
  class space    used 6154K, capacity 6596K, committed 6656K, reserved 1048576K
}

Deoptimization events (10 events):
Event: 7.291 Thread 0x00000292c9c77800 Uncommon trap: reason=profile_predicate action=maybe_recompile pc=0x00000292d9d557d8 method=java.lang.PublicMethods$MethodList.filter([Ljava/lang/reflect/Method;Ljava/lang/String;[Ljava/lang/Class;Z)Ljava/lang/PublicMethods$MethodList; @ 21 c2
Event: 7.291 Thread 0x00000292c9c77800 Uncommon trap: reason=profile_predicate action=maybe_recompile pc=0x00000292d9d557d8 method=java.lang.PublicMethods$MethodList.filter([Ljava/lang/reflect/Method;Ljava/lang/String;[Ljava/lang/Class;Z)Ljava/lang/PublicMethods$MethodList; @ 21 c2
Event: 7.330 Thread 0x00000292c9c77800 Uncommon trap: reason=profile_predicate action=maybe_recompile pc=0x00000292d9d712b4 method=java.lang.PublicMethods$MethodList.filter([Ljava/lang/reflect/Method;Ljava/lang/String;[Ljava/lang/Class;Z)Ljava/lang/PublicMethods$MethodList; @ 17 c2
Event: 7.343 Thread 0x00000292c9c77800 Uncommon trap: reason=profile_predicate action=maybe_recompile pc=0x00000292d9d712b4 method=java.lang.PublicMethods$MethodList.filter([Ljava/lang/reflect/Method;Ljava/lang/String;[Ljava/lang/Class;Z)Ljava/lang/PublicMethods$MethodList; @ 17 c2
Event: 7.406 Thread 0x00000292c9c77800 Uncommon trap: reason=unstable_if action=reinterpret pc=0x00000292d9ccff74 method=java.util.ArrayDeque.addLast(Ljava/lang/Object;)V @ 42 c2
Event: 7.411 Thread 0x00000292c9c77800 Uncommon trap: reason=speculate_null_assert action=make_not_entrant pc=0x00000292d9c89f40 method=org.springframework.util.ConcurrentReferenceHashMap$Segment.restructureIfNecessary(Z)V @ 41 c2
Event: 7.419 Thread 0x00000292c9c77800 Uncommon trap: reason=speculate_null_assert action=make_not_entrant pc=0x00000292d9b74f94 method=org.springframework.util.ConcurrentReferenceHashMap$Segment.restructureIfNecessary(Z)V @ 41 c2
Event: 7.631 Thread 0x00000292c9c77800 Uncommon trap: reason=null_check action=make_not_entrant pc=0x00000292d9bdd268 method=org.springframework.util.ClassUtils.isAssignable(Ljava/lang/Class;Ljava/lang/Class;)Z @ 14 c2
Event: 7.658 Thread 0x00000292c9c77800 Uncommon trap: reason=class_check action=maybe_recompile pc=0x00000292d9d56df8 method=java.lang.reflect.Method.equals(Ljava/lang/Object;)Z @ 5 c2
Event: 7.726 Thread 0x00000292c9c77800 Uncommon trap: reason=unstable_if action=reinterpret pc=0x00000292d9b6b7bc method=java.util.concurrent.ConcurrentHashMap.transfer([Ljava/util/concurrent/ConcurrentHashMap$Node;[Ljava/util/concurrent/ConcurrentHashMap$Node;)V @ 352 c2

Classes redefined (0 events):
No events

Internal exceptions (10 events):
Event: 7.705 Thread 0x00000292c9c77800 Exception <a 'java/lang/ClassNotFoundException'{0x0000000088120a00}: java/lang/ObjectCustomizer> (0x0000000088120a00) thrown at [t:/workspace/open/src/hotspot/share/classfile/systemDictionary.cpp, line 231]
Event: 7.709 Thread 0x00000292c9c77800 Exception <a 'java/lang/ClassNotFoundException'{0x00000000881331e8}: org/springframework/web/servlet/config/annotation/WebMvcConfigurationSupportCustomizer> (0x00000000881331e8) thrown at [t:/workspace/open/src/hotspot/share/classfile/systemDictionary.cpp
Event: 7.712 Thread 0x00000292c9c77800 Exception <a 'java/lang/ClassNotFoundException'{0x00000000881519d8}: org/springframework/web/servlet/config/annotation/DelegatingWebMvcConfigurationCustomizer> (0x00000000881519d8) thrown at [t:/workspace/open/src/hotspot/share/classfile/systemDictionary.
Event: 7.714 Thread 0x00000292c9c77800 Exception <a 'java/lang/ClassNotFoundException'{0x0000000088167b98}: org/springframework/boot/autoconfigure/web/servlet/WebMvcAutoConfiguration$EnableWebMvcConfigurationCustomizer> (0x0000000088167b98) thrown at [t:/workspace/open/src/hotspot/share/classf
Event: 7.718 Thread 0x00000292c9c77800 Exception <a 'java/lang/ClassNotFoundException'{0x00000000881822f8}: org/springframework/context/ResourceLoaderAwareCustomizer> (0x00000000881822f8) thrown at [t:/workspace/open/src/hotspot/share/classfile/systemDictionary.cpp, line 231]
Event: 7.718 Thread 0x00000292c9c77800 Exception <a 'java/lang/ClassNotFoundException'{0x000000008818e698}: org/springframework/beans/factory/AwareCustomizer> (0x000000008818e698) thrown at [t:/workspace/open/src/hotspot/share/classfile/systemDictionary.cpp, line 231]
Event: 7.719 Thread 0x00000292c9c77800 Exception <a 'java/lang/ClassNotFoundException'{0x000000008819b2c8}: org/springframework/context/ApplicationContextAwareCustomizer> (0x000000008819b2c8) thrown at [t:/workspace/open/src/hotspot/share/classfile/systemDictionary.cpp, line 231]
Event: 7.720 Thread 0x00000292c9c77800 Exception <a 'java/lang/ClassNotFoundException'{0x00000000881a7ff8}: org/springframework/beans/factory/AwareCustomizer> (0x00000000881a7ff8) thrown at [t:/workspace/open/src/hotspot/share/classfile/systemDictionary.cpp, line 231]
Event: 7.720 Thread 0x00000292c9c77800 Exception <a 'java/lang/ClassNotFoundException'{0x00000000881b4c00}: org/springframework/web/context/ServletContextAwareCustomizer> (0x00000000881b4c00) thrown at [t:/workspace/open/src/hotspot/share/classfile/systemDictionary.cpp, line 231]
Event: 7.721 Thread 0x00000292c9c77800 Exception <a 'java/lang/ClassNotFoundException'{0x00000000881c1408}: org/springframework/beans/factory/AwareCustomizer> (0x00000000881c1408) thrown at [t:/workspace/open/src/hotspot/share/classfile/systemDictionary.cpp, line 231]

Events (10 events):
Event: 7.721 loading class org/springframework/beans/factory/AwareCustomizer done
Event: 7.721 loading class org/springframework/beans/factory/AwareCustomizer
Event: 7.721 loading class org/springframework/beans/factory/AwareCustomizer done
Event: 7.721 loading class org/springframework/beans/factory/AwareCustomizer
Event: 7.721 loading class org/springframework/beans/factory/AwareCustomizer done
Event: 7.726 Thread 0x00000292c9c77800 Uncommon trap: trap_request=0xffffff4d fr.pc=0x00000292d9b6b7bc relative=0x000000000000125c
Event: 7.726 Executing VM operation: RevokeBias
Event: 7.726 Executing VM operation: RevokeBias done
Event: 7.726 Thread 0x00000292c9c77800 DEOPT PACKING pc=0x00000292d9b6b7bc sp=0x000000f59b4fced0
Event: 7.726 Thread 0x00000292c9c77800 DEOPT UNPACKING pc=0x00000292d2018f2f sp=0x000000f59b4fce68 mode 2


Dynamic libraries:
0x00007ff6e4970000 - 0x00007ff6e49b7000 	C:\Program Files\Java\jdk-11.0.6\bin\java.exe
0x00007ffd056b0000 - 0x00007ffd058a6000 	C:\WINDOWS\SYSTEM32\ntdll.dll
0x00007ffd05150000 - 0x00007ffd0520d000 	C:\WINDOWS\System32\KERNEL32.DLL
0x00007ffd03160000 - 0x00007ffd03429000 	C:\WINDOWS\System32\KERNELBASE.dll
0x00007ffd002f0000 - 0x00007ffd00380000 	C:\WINDOWS\SYSTEM32\apphelp.dll
0x00007ffd04910000 - 0x00007ffd049bc000 	C:\WINDOWS\System32\ADVAPI32.dll
0x00007ffd05210000 - 0x00007ffd052ae000 	C:\WINDOWS\System32\msvcrt.dll
0x00007ffd04b00000 - 0x00007ffd04b9c000 	C:\WINDOWS\System32\sechost.dll
0x00007ffd047e0000 - 0x00007ffd0490b000 	C:\WINDOWS\System32\RPCRT4.dll
0x00007ffd037f0000 - 0x00007ffd03990000 	C:\WINDOWS\System32\USER32.dll
0x00007ffd030e0000 - 0x00007ffd03102000 	C:\WINDOWS\System32\win32u.dll
0x00007ffd052b0000 - 0x00007ffd052da000 	C:\WINDOWS\System32\GDI32.dll
0x00007ffd02fd0000 - 0x00007ffd030d9000 	C:\WINDOWS\System32\gdi32full.dll
0x00007ffd03570000 - 0x00007ffd0360d000 	C:\WINDOWS\System32\msvcp_win.dll
0x00007ffd03610000 - 0x00007ffd03710000 	C:\WINDOWS\System32\ucrtbase.dll
0x00007ffce6320000 - 0x00007ffce65bb000 	C:\WINDOWS\WinSxS\amd64_microsoft.windows.common-controls_6595b64144ccf1df_6.0.19041.488_none_ca04af081b815d21\COMCTL32.dll
0x00007ffcfafd0000 - 0x00007ffcfafda000 	C:\WINDOWS\SYSTEM32\VERSION.dll
0x00007ffd052e0000 - 0x00007ffd05310000 	C:\WINDOWS\System32\IMM32.DLL
0x00007ffcfd870000 - 0x00007ffcfd886000 	C:\Program Files\Java\jdk-11.0.6\bin\vcruntime140.dll
0x00007ffcdf440000 - 0x00007ffcdf4ea000 	C:\Program Files\Java\jdk-11.0.6\bin\msvcp140.dll
0x00007ffcce170000 - 0x00007ffccec99000 	C:\Program Files\Java\jdk-11.0.6\bin\server\jvm.dll
0x00007ffd05650000 - 0x00007ffd05658000 	C:\WINDOWS\System32\PSAPI.DLL
0x00007ffceead0000 - 0x00007ffceeaf7000 	C:\WINDOWS\SYSTEM32\WINMM.dll
0x00007ffce78b0000 - 0x00007ffce78b9000 	C:\WINDOWS\SYSTEM32\WSOCK32.dll
0x00007ffd04a90000 - 0x00007ffd04afb000 	C:\WINDOWS\System32\WS2_32.dll
0x00007ffd01690000 - 0x00007ffd016a2000 	C:\WINDOWS\SYSTEM32\kernel.appcore.dll
0x00007ffcfd850000 - 0x00007ffcfd861000 	C:\Program Files\Java\jdk-11.0.6\bin\verify.dll
0x00007ffd00c10000 - 0x00007ffd00df4000 	C:\WINDOWS\SYSTEM32\DBGHELP.DLL
0x00007ffcf1400000 - 0x00007ffcf142c000 	C:\WINDOWS\SYSTEM32\dbgcore.DLL
0x00007ffd02f50000 - 0x00007ffd02fd0000 	C:\WINDOWS\System32\bcryptPrimitives.dll
0x00007ffcfb790000 - 0x00007ffcfb7b9000 	C:\Program Files\Java\jdk-11.0.6\bin\java.dll
0x00007ffcd9730000 - 0x00007ffcd975f000 	C:\Program Files\Java\jdk-11.0.6\bin\instrument.dll
0x00007ffcfd660000 - 0x00007ffcfd676000 	C:\Program Files\Java\jdk-11.0.6\bin\zip.dll
0x00007ffcfe950000 - 0x00007ffcfe95a000 	C:\Program Files\Java\jdk-11.0.6\bin\jimage.dll
0x00007ffd04000000 - 0x00007ffd04742000 	C:\WINDOWS\System32\SHELL32.dll
0x00007ffd00e00000 - 0x00007ffd01595000 	C:\WINDOWS\SYSTEM32\windows.storage.dll
0x00007ffd03ca0000 - 0x00007ffd03ff6000 	C:\WINDOWS\System32\combase.dll
0x00007ffd02860000 - 0x00007ffd0288c000 	C:\WINDOWS\SYSTEM32\Wldp.dll
0x00007ffd03aa0000 - 0x00007ffd03b4e000 	C:\WINDOWS\System32\SHCORE.dll
0x00007ffd05090000 - 0x00007ffd050e5000 	C:\WINDOWS\System32\shlwapi.dll
0x00007ffd02d20000 - 0x00007ffd02d46000 	C:\WINDOWS\SYSTEM32\profapi.dll
0x00007ffcfb6c0000 - 0x00007ffcfb6d9000 	C:\Program Files\Java\jdk-11.0.6\bin\net.dll
0x00007ffcf8a90000 - 0x00007ffcf8b90000 	C:\WINDOWS\SYSTEM32\WINHTTP.dll
0x00007ffd025e0000 - 0x00007ffd0264a000 	C:\WINDOWS\system32\mswsock.dll
0x00007ffceef30000 - 0x00007ffceef43000 	C:\Program Files\Java\jdk-11.0.6\bin\nio.dll
0x00007ffceec70000 - 0x00007ffceec8a000 	C:\Program Files\JetBrains\IntelliJ IDEA Community Edition 2020.2.3\bin\breakgen64.dll
0x00007ffcfe920000 - 0x00007ffcfe929000 	C:\Program Files\Java\jdk-11.0.6\bin\management.dll
0x00007ffcfdd20000 - 0x00007ffcfdd2c000 	C:\Program Files\Java\jdk-11.0.6\bin\management_ext.dll
0x00007ffce2780000 - 0x00007ffce2797000 	C:\WINDOWS\system32\napinsp.dll
0x00007ffce2760000 - 0x00007ffce277b000 	C:\WINDOWS\system32\pnrpnsp.dll
0x00007ffcd9770000 - 0x00007ffcd9785000 	C:\WINDOWS\system32\wshbth.dll
0x00007ffcfe4d0000 - 0x00007ffcfe4ed000 	C:\WINDOWS\system32\NLAapi.dll
0x00007ffd02260000 - 0x00007ffd0229b000 	C:\WINDOWS\SYSTEM32\IPHLPAPI.DLL
0x00007ffd022a0000 - 0x00007ffd0236b000 	C:\WINDOWS\SYSTEM32\DNSAPI.dll
0x00007ffd05660000 - 0x00007ffd05668000 	C:\WINDOWS\System32\NSI.dll
0x00007ffce2740000 - 0x00007ffce2752000 	C:\WINDOWS\System32\winrnr.dll
0x00007ffcf4a60000 - 0x00007ffcf4a6a000 	C:\Windows\System32\rasadhlp.dll
0x00007ffcf7040000 - 0x00007ffcf70bf000 	C:\WINDOWS\System32\fwpuclnt.dll
0x00007ffd03540000 - 0x00007ffd03567000 	C:\WINDOWS\System32\bcrypt.dll
0x00007ffd027b0000 - 0x00007ffd027c8000 	C:\WINDOWS\SYSTEM32\CRYPTSP.dll
0x00007ffd01ec0000 - 0x00007ffd01ef4000 	C:\WINDOWS\system32\rsaenh.dll
0x00007ffd02ce0000 - 0x00007ffd02d0e000 	C:\WINDOWS\SYSTEM32\USERENV.dll
0x00007ffd027d0000 - 0x00007ffd027dc000 	C:\WINDOWS\SYSTEM32\CRYPTBASE.dll
0x00007ffcfbc80000 - 0x00007ffcfbc97000 	C:\WINDOWS\SYSTEM32\dhcpcsvc6.DLL
0x00007ffcfb9a0000 - 0x00007ffcfb9bd000 	C:\WINDOWS\SYSTEM32\dhcpcsvc.DLL
0x00007ffcfae50000 - 0x00007ffcfae5d000 	C:\Program Files\Java\jdk-11.0.6\bin\sunmscapi.dll
0x00007ffd02df0000 - 0x00007ffd02f4d000 	C:\WINDOWS\System32\CRYPT32.dll
0x00007ffd028d0000 - 0x00007ffd028f7000 	C:\WINDOWS\SYSTEM32\ncrypt.dll
0x00007ffd02890000 - 0x00007ffd028cb000 	C:\WINDOWS\SYSTEM32\NTASN1.dll
0x00007ffcd9700000 - 0x00007ffcd9727000 	C:\Program Files\Java\jdk-11.0.6\bin\sunec.dll

dbghelp: loaded successfully - version: 4.0.5 - missing functions: none
symbol engine: initialized successfully - sym options: 0x614 - pdb path: .;C:\Program Files\Java\jdk-11.0.6\bin;C:\WINDOWS\SYSTEM32;C:\WINDOWS\WinSxS\amd64_microsoft.windows.common-controls_6595b64144ccf1df_6.0.19041.488_none_ca04af081b815d21;C:\Program Files\Java\jdk-11.0.6\bin\server;C:\Program Files\JetBrains\IntelliJ IDEA Community Edition 2020.2.3\bin

VM Arguments:
jvm_args: -javaagent:C:\Program Files\JetBrains\IntelliJ IDEA Community Edition 2020.2.3\lib\idea_rt.jar=51323:C:\Program Files\JetBrains\IntelliJ IDEA Community Edition 2020.2.3\bin -Dfile.encoding=UTF-8 
java_command: com.gruppo13.CalendarMS.CalendarMsApplication
java_class_path (initial): C:\Users\Utente\Desktop\progetto\StudentOne\microservizi\CalendarMS\target\classes;C:\Users\Utente\.m2\repository\org\springframework\boot\spring-boot-starter-data-jpa\2.4.1\spring-boot-starter-data-jpa-2.4.1.jar;C:\Users\Utente\.m2\repository\org\springframework\boot\spring-boot-starter-aop\2.4.1\spring-boot-starter-aop-2.4.1.jar;C:\Users\Utente\.m2\repository\org\springframework\spring-aop\5.3.2\spring-aop-5.3.2.jar;C:\Users\Utente\.m2\repository\org\aspectj\aspectjweaver\1.9.6\aspectjweaver-1.9.6.jar;C:\Users\Utente\.m2\repository\org\springframework\boot\spring-boot-starter-jdbc\2.4.1\spring-boot-starter-jdbc-2.4.1.jar;C:\Users\Utente\.m2\repository\com\zaxxer\HikariCP\3.4.5\HikariCP-3.4.5.jar;C:\Users\Utente\.m2\repository\org\springframework\spring-jdbc\5.3.2\spring-jdbc-5.3.2.jar;C:\Users\Utente\.m2\repository\jakarta\transaction\jakarta.transaction-api\1.3.3\jakarta.transaction-api-1.3.3.jar;C:\Users\Utente\.m2\repository\jakarta\persistence\jakarta.persistence-api\2.2.3\jakarta.persistence-api-2.2.3.jar;C:\Users\Utente\.m2\repository\org\springframework\data\spring-data-jpa\2.4.2\spring-data-jpa-2.4.2.jar;C:\Users\Utente\.m2\repository\org\springframework\data\spring-data-commons\2.4.2\spring-data-commons-2.4.2.jar;C:\Users\Utente\.m2\repository\org\springframework\spring-orm\5.3.2\spring-orm-5.3.2.jar;C:\Users\Utente\.m2\repository\org\springframework\spring-context\5.3.2\spring-context-5.3.2.jar;C:\Users\Utente\.m2\repository\org\springframework\spring-tx\5.3.2\spring-tx-5.3.2.jar;C:\Users\Utente\.m2\repository\org\springframework\spring-beans\5.3.2\spring-beans-5.3.2.jar;C:\Users\Utente\.m2\repository\org\slf4j\slf4j-api\1.7.30\slf4j-api-1.7.30.jar;C:\Users\Utente\.m2\repository\org\springframework\spring-aspects\5.3.2\spring-aspects-5.3.2.jar;C:\Users\Utente\.m2\repository\org\springframework\boot\spring-boot-starter-web\2.4.1\spring-boot-starter-web-2.4.1.jar;C:\Users\Utente\.m2\repository\org\springframework\boot\spring-bo
Launcher Type: SUN_STANDARD

[Global flags]
     intx CICompilerCount                          = 4                                         {product} {ergonomic}
     uint ConcGCThreads                            = 2                                         {product} {ergonomic}
     uint G1ConcRefinementThreads                  = 8                                         {product} {ergonomic}
   size_t G1HeapRegionSize                         = 1048576                                   {product} {ergonomic}
    uintx GCDrainStackTargetSize                   = 64                                        {product} {ergonomic}
   size_t InitialHeapSize                          = 134217728                                 {product} {ergonomic}
   size_t MarkStackSize                            = 4194304                                   {product} {ergonomic}
   size_t MaxHeapSize                              = 2124414976                                {product} {ergonomic}
   size_t MaxNewSize                               = 1274019840                                {product} {ergonomic}
   size_t MinHeapDeltaBytes                        = 1048576                                   {product} {ergonomic}
    uintx NonNMethodCodeHeapSize                   = 5836300                                {pd product} {ergonomic}
    uintx NonProfiledCodeHeapSize                  = 122910970                              {pd product} {ergonomic}
    uintx ProfiledCodeHeapSize                     = 122910970                              {pd product} {ergonomic}
    uintx ReservedCodeCacheSize                    = 251658240                              {pd product} {ergonomic}
     bool SegmentedCodeCache                       = true                                      {product} {ergonomic}
     bool UseCompressedClassPointers               = true                                 {lp64_product} {ergonomic}
     bool UseCompressedOops                        = true                                 {lp64_product} {ergonomic}
     bool UseG1GC                                  = true                                      {product} {ergonomic}
     bool UseLargePagesIndividualAllocation        = false                                  {pd product} {ergonomic}

Logging:
Log output configuration:
 #0: stdout all=warning uptime,level,tags
 #1: stderr all=off uptime,level,tags

Environment Variables:
PATH=C:\Program Files (x86)\Common Files\Oracle\Java\javapath;C:\Program Files (x86)\Intel\Intel(R) Management Engine Components\iCLS\;C:\Program Files\Intel\Intel(R) Management Engine Components\iCLS\;C:\WINDOWS\system32;C:\WINDOWS;C:\WINDOWS\System32\Wbem;C:\WINDOWS\System32\WindowsPowerShell\v1.0\;C:\WINDOWS\System32\OpenSSH\;C:\Program Files (x86)\Intel\Intel(R) Management Engine Components\DAL;C:\Program Files\Intel\Intel(R) Management Engine Components\DAL;C:\Program Files\PuTTY\;C:\Program Files (x86)\Graphviz2.38\bin;C:\Program Files\Microsoft VS Code\bin;C:\Program Files\MATLAB\R2019b\bin;C:\Users\Utente\Desktop\battle(java);C:\Program Files (x86)\Calibre2\;C:\Program Files\Docker\Docker\resources\bin;C:\ProgramData\DockerDesktop\version-bin;C:\Program Files\Git\cmd;C:\Program Files\nodejs\;C:\Users\Utente\Anaconda3;C:\Users\Utente\Anaconda3\Library\mingw-w64\bin;C:\Users\Utente\Anaconda3\Library\usr\bin;C:\Users\Utente\Anaconda3\Library\bin;C:\Users\Utente\Anaconda3\Scripts;C:\Users\Utente\AppData\Local\Programs\Python\Python37-32\Scripts\;C:\Users\Utente\AppData\Local\Programs\Python\Python37-32\;C:\Users\Utente\AppData\Local\Microsoft\WindowsApps;D:\universit\3 anno\tesi\miktex\miktex\bin\x64\;C:\Program Files\Docker Toolbox;C:\Users\Utente\AppData\Local\GitHubDesktop\bin;C:\Users\Utente\AppData\Roaming\npm
USERNAME=Utente
OS=Windows_NT
PROCESSOR_IDENTIFIER=Intel64 Family 6 Model 142 Stepping 10, GenuineIntel



---------------  S Y S T E M  ---------------

OS: Windows 10 , 64 bit Build 19041 (10.0.19041.662)

CPU:total 8 (initial active 8) (4 cores per cpu, 2 threads per core) family 6 model 142 stepping 10, cmov, cx8, fxsr, mmx, sse, sse2, sse3, ssse3, sse4.1, sse4.2, popcnt, avx, avx2, aes, clmul, erms, 3dnowpref, lzcnt, ht, tsc, tscinvbit, bmi1, bmi2, adx, fma

Memory: 4k page, system-wide physical 8101M (787M free)
TotalPageFile size 11101M (AvailPageFile size 41M)
current process WorkingSet (physical memory assigned to process): 318M, peak: 328M
current process commit charge ("private bytes"): 406M, peak: 413M

vm_info: Java HotSpot(TM) 64-Bit Server VM (11.0.6+8-LTS) for windows-amd64 JRE (11.0.6+8-LTS), built on Dec 11 2019 09:17:57 by "mach5one" with MS VC++ 15.5 (VS2017)

END.
