#
# There is insufficient memory for the Java Runtime Environment to continue.
# Native memory allocation (malloc) failed to allocate 1238416 bytes for Chunk::new
# Possible reasons:
#   The system is out of physical RAM or swap space
#   The process is running with CompressedOops enabled, and the Java Heap may be blocking the growth of the native heap
# Possible solutions:
#   Reduce memory load on the system
#   Increase physical memory or swap space
#   Check if swap backing store is full
#   Decrease Java heap size (-Xmx/-Xms)
#   Decrease number of Java threads
#   Decrease Java thread stack sizes (-Xss)
#   Set larger code cache with -XX:ReservedCodeCacheSize=
#   JVM is running with Unscaled Compressed Oops mode in which the Java heap is
#     placed in the first 4GB address space. The Java Heap base address is the
#     maximum limit for the native heap growth. Please use -XX:HeapBaseMinAddress
#     to set the Java Heap base and to place the Java Heap above 4GB virtual address.
# This output file may be truncated or incomplete.
#
#  Out of Memory Error (allocation.cpp:389), pid=7780, tid=0x00000000000031dc
#
# JRE version: OpenJDK Runtime Environment (8.0_242-b01) (build 1.8.0_242-release-1644-b01)
# Java VM: OpenJDK 64-Bit Server VM (25.242-b01 mixed mode windows-amd64 compressed oops)
# Failed to write core dump. Minidumps are not enabled by default on client versions of Windows
#

---------------  T H R E A D  ---------------

Current thread (0x0000000017d5c000):  JavaThread "C2 CompilerThread1" daemon [_thread_in_native, id=12764, stack(0x000000001a540000,0x000000001a640000)]

Stack: [0x000000001a540000,0x000000001a640000]
[error occurred during error reporting (printing stack bounds), id 0xc0000005]

Native frames: (J=compiled Java code, j=interpreted, Vv=VM code, C=native code)


Current CompileTask:
C2:1304906 23768       4       com.android.tools.r8.ir.regalloc.a::a (270 bytes)


---------------  P R O C E S S  ---------------

Java Threads: ( => current thread )
  0x000000002151f000 JavaThread "ForkJoinPool-3-worker-0" daemon [_thread_blocked, id=11192, stack(0x000000003e1d0000,0x000000003e2d0000)]
  0x0000000021526000 JavaThread "ForkJoinPool-3-worker-7" daemon [_thread_blocked, id=11724, stack(0x000000003e0d0000,0x000000003e1d0000)]
  0x0000000021525800 JavaThread "ForkJoinPool-3-worker-6" daemon [_thread_in_Java, id=5332, stack(0x000000003dfd0000,0x000000003e0d0000)]
  0x0000000021524000 JavaThread "ForkJoinPool-3-worker-5" daemon [_thread_blocked, id=12888, stack(0x000000003ded0000,0x000000003dfd0000)]
  0x0000000021520800 JavaThread "ForkJoinPool-3-worker-4" daemon [_thread_blocked, id=1856, stack(0x000000003ddd0000,0x000000003ded0000)]
  0x0000000021520000 JavaThread "ForkJoinPool-3-worker-3" daemon [_thread_blocked, id=11668, stack(0x000000003dcd0000,0x000000003ddd0000)]
  0x0000000021521800 JavaThread "ForkJoinPool-3-worker-2" daemon [_thread_blocked, id=15856, stack(0x000000003dbd0000,0x000000003dcd0000)]
  0x0000000021522800 JavaThread "ForkJoinPool-3-worker-1" daemon [_thread_blocked, id=14240, stack(0x000000003dad0000,0x000000003dbd0000)]
  0x0000000021524800 JavaThread "WorkerExecutor Queue Thread 12" [_thread_blocked, id=7132, stack(0x000000003d0a0000,0x000000003d1a0000)]
  0x0000000021523000 JavaThread "WorkerExecutor Queue Thread 11" [_thread_blocked, id=11320, stack(0x0000000034ad0000,0x0000000034bd0000)]
  0x000000002c514000 JavaThread "WorkerExecutor Queue Thread 10" [_thread_blocked, id=16424, stack(0x0000000031b60000,0x0000000031c60000)]
  0x000000002c507800 JavaThread "WorkerExecutor Queue Thread 9" [_thread_blocked, id=9020, stack(0x000000002d930000,0x000000002da30000)]
  0x000000002c50d800 JavaThread "stdout" [_thread_in_native, id=7164, stack(0x0000000033400000,0x0000000033500000)]
  0x000000002c50d000 JavaThread "stderr" [_thread_in_native, id=5168, stack(0x0000000033300000,0x0000000033400000)]
  0x000000002c506000 JavaThread "stdout" [_thread_in_native, id=2588, stack(0x0000000033090000,0x0000000033190000)]
  0x000000002c505800 JavaThread "stdout" [_thread_in_native, id=11296, stack(0x0000000032f90000,0x0000000033090000)]
  0x000000002c508800 JavaThread "stderr" [_thread_in_native, id=11364, stack(0x0000000032e90000,0x0000000032f90000)]
  0x000000002c50c000 JavaThread "stdout" [_thread_in_native, id=7876, stack(0x0000000032d90000,0x0000000032e90000)]
  0x000000002c504800 JavaThread "stderr" [_thread_in_native, id=7076, stack(0x0000000032c90000,0x0000000032d90000)]
  0x000000002c509000 JavaThread "stdout" [_thread_in_native, id=3836, stack(0x0000000032b90000,0x0000000032c90000)]
  0x000000002c50a800 JavaThread "stderr" [_thread_in_native, id=4884, stack(0x0000000032a90000,0x0000000032b90000)]
  0x000000002c50a000 JavaThread "stdout" [_thread_in_native, id=8800, stack(0x0000000032990000,0x0000000032a90000)]
  0x000000002c50b800 JavaThread "stderr" [_thread_in_native, id=11916, stack(0x0000000032890000,0x0000000032990000)]
  0x000000001f5e2800 JavaThread "stdout" [_thread_in_native, id=2224, stack(0x0000000032790000,0x0000000032890000)]
  0x000000001f5db000 JavaThread "stderr" [_thread_in_native, id=3696, stack(0x0000000032690000,0x0000000032790000)]
  0x000000001f5dd000 JavaThread "stderr" [_thread_in_native, id=13084, stack(0x0000000032590000,0x0000000032690000)]
  0x000000001abb0800 JavaThread "WorkerExecutor Queue Thread 8" [_thread_blocked, id=11052, stack(0x0000000032490000,0x0000000032590000)]
  0x000000001abb1000 JavaThread "WorkerExecutor Queue Thread 7" [_thread_blocked, id=13372, stack(0x0000000032390000,0x0000000032490000)]
  0x000000001abaf800 JavaThread "pool-8-thread-1" [_thread_blocked, id=11116, stack(0x0000000032290000,0x0000000032390000)]
  0x000000001aba9000 JavaThread "Cache worker for execution history cache (C:\Users\Utente\Desktop\progetto\main\StudentOne\Front-End\StudentOneApp AndroidClient\.gradle\6.5\executionHistory)" [_thread_blocked, id=4512, stack(0x0000000031960000,0x0000000031a60000)]
  0x000000001aba5000 JavaThread "Execution worker for ':' Thread 7" [_thread_blocked, id=8224, stack(0x0000000031860000,0x0000000031960000)]
  0x000000001aba3800 JavaThread "Execution worker for ':' Thread 6" [_thread_blocked, id=12280, stack(0x0000000031760000,0x0000000031860000)]
  0x000000001abaa800 JavaThread "Execution worker for ':' Thread 5" [_thread_blocked, id=15064, stack(0x0000000031660000,0x0000000031760000)]
  0x000000001aba2800 JavaThread "Execution worker for ':' Thread 4" [_thread_blocked, id=11664, stack(0x0000000031560000,0x0000000031660000)]
  0x000000001aba8000 JavaThread "Execution worker for ':' Thread 3" [_thread_blocked, id=5072, stack(0x00000000301e0000,0x00000000302e0000)]
  0x000000001aba7800 JavaThread "Execution worker for ':' Thread 2" [_thread_blocked, id=8276, stack(0x000000002f820000,0x000000002f920000)]
  0x000000001aba9800 JavaThread "Execution worker for ':'" [_thread_blocked, id=6624, stack(0x000000002f450000,0x000000002f550000)]
  0x000000001bb61000 JavaThread "Cache worker for file content cache (C:\Users\Utente\Desktop\progetto\main\StudentOne\Front-End\StudentOneApp AndroidClient\.gradle\6.5\fileContent)" [_thread_blocked, id=1720, stack(0x000000002b7c0000,0x000000002b8c0000)]
  0x000000001bb60000 JavaThread "Cache worker for Build Output Cleanup Cache (C:\Users\Utente\Desktop\progetto\main\StudentOne\Front-End\StudentOneApp AndroidClient\.gradle\buildOutputCleanup)" [_thread_blocked, id=8404, stack(0x000000002b6c0000,0x000000002b7c0000)]
  0x000000001bb5e000 JavaThread "jar transforms Thread 276" [_thread_blocked, id=11528, stack(0x000000002b5c0000,0x000000002b6c0000)]
  0x000000001bb5d000 JavaThread "jar transforms Thread 275" [_thread_blocked, id=16524, stack(0x000000002b4c0000,0x000000002b5c0000)]
  0x000000001bb5b000 JavaThread "jar transforms Thread 274" [_thread_blocked, id=8716, stack(0x000000002b3c0000,0x000000002b4c0000)]
  0x000000001bb5e800 JavaThread "jar transforms Thread 273" [_thread_blocked, id=1240, stack(0x000000002b2c0000,0x000000002b3c0000)]
  0x000000001bb61800 JavaThread "jar transforms Thread 272" [_thread_blocked, id=15052, stack(0x000000002b1c0000,0x000000002b2c0000)]
  0x000000001bb5b800 JavaThread "jar transforms Thread 271" [_thread_blocked, id=13684, stack(0x000000002b0c0000,0x000000002b1c0000)]
  0x000000001bb5f800 JavaThread "jar transforms Thread 270" [_thread_blocked, id=6848, stack(0x000000002afc0000,0x000000002b0c0000)]
  0x000000001bb5c800 JavaThread "jar transforms Thread 269" [_thread_blocked, id=14388, stack(0x000000002aec0000,0x000000002afc0000)]
  0x000000001bb53800 JavaThread "jar transforms Thread 268" [_thread_blocked, id=528, stack(0x000000002adc0000,0x000000002aec0000)]
  0x000000001bb5a000 JavaThread "jar transforms Thread 267" [_thread_blocked, id=15916, stack(0x000000002acc0000,0x000000002adc0000)]
  0x000000001bb52800 JavaThread "jar transforms Thread 266" [_thread_blocked, id=13056, stack(0x000000002abc0000,0x000000002acc0000)]
  0x000000001bb59800 JavaThread "jar transforms Thread 265" [_thread_blocked, id=13604, stack(0x000000002aac0000,0x000000002abc0000)]
  0x000000001bb58000 JavaThread "jar transforms Thread 264" [_thread_blocked, id=13004, stack(0x000000002a9c0000,0x000000002aac0000)]
  0x000000001bb56800 JavaThread "jar transforms Thread 263" [_thread_blocked, id=12916, stack(0x000000002a8c0000,0x000000002a9c0000)]
  0x000000001bb54000 JavaThread "jar transforms Thread 262" [_thread_blocked, id=14272, stack(0x000000002a7c0000,0x000000002a8c0000)]
  0x000000001bb57000 JavaThread "jar transforms Thread 261" [_thread_blocked, id=11588, stack(0x000000002a6c0000,0x000000002a7c0000)]
  0x000000001bb55800 JavaThread "jar transforms Thread 260" [_thread_blocked, id=16520, stack(0x000000002a5c0000,0x000000002a6c0000)]
  0x000000001bb55000 JavaThread "jar transforms Thread 259" [_thread_blocked, id=14936, stack(0x000000002a4c0000,0x000000002a5c0000)]
  0x000000001bb58800 JavaThread "jar transforms Thread 258" [_thread_blocked, id=4036, stack(0x000000002a3c0000,0x000000002a4c0000)]
  0x000000002d222800 JavaThread "jar transforms Thread 257" [_thread_blocked, id=14188, stack(0x000000002a2c0000,0x000000002a3c0000)]
  0x000000002d21f800 JavaThread "jar transforms Thread 256" [_thread_blocked, id=5252, stack(0x000000002a1c0000,0x000000002a2c0000)]
  0x000000002d21f000 JavaThread "jar transforms Thread 255" [_thread_blocked, id=15492, stack(0x000000002a0c0000,0x000000002a1c0000)]
  0x000000002d21e000 JavaThread "jar transforms Thread 254" [_thread_blocked, id=15736, stack(0x0000000029fc0000,0x000000002a0c0000)]
  0x000000002d222000 JavaThread "jar transforms Thread 253" [_thread_blocked, id=16544, stack(0x0000000029ec0000,0x0000000029fc0000)]
  0x000000002d221000 JavaThread "jar transforms Thread 252" [_thread_blocked, id=8260, stack(0x0000000029dc0000,0x0000000029ec0000)]
  0x000000002d220800 JavaThread "jar transforms Thread 251" [_thread_blocked, id=9852, stack(0x0000000029cc0000,0x0000000029dc0000)]
  0x000000002d216800 JavaThread "jar transforms Thread 250" [_thread_blocked, id=4696, stack(0x0000000029bc0000,0x0000000029cc0000)]
  0x000000002d21d800 JavaThread "jar transforms Thread 249" [_thread_blocked, id=10608, stack(0x0000000029ac0000,0x0000000029bc0000)]
  0x000000002d21c800 JavaThread "jar transforms Thread 248" [_thread_blocked, id=14084, stack(0x00000000299c0000,0x0000000029ac0000)]
  0x000000002d215000 JavaThread "jar transforms Thread 247" [_thread_blocked, id=16252, stack(0x00000000298c0000,0x00000000299c0000)]
  0x000000002d21c000 JavaThread "jar transforms Thread 246" [_thread_blocked, id=13000, stack(0x00000000297c0000,0x00000000298c0000)]
  0x000000002d21b000 JavaThread "jar transforms Thread 245" [_thread_blocked, id=3668, stack(0x00000000296c0000,0x00000000297c0000)]
  0x000000002d213800 JavaThread "jar transforms Thread 244" [_thread_blocked, id=17020, stack(0x00000000294c0000,0x00000000295c0000)]
  0x000000002d214800 JavaThread "jar transforms Thread 243" [_thread_blocked, id=11680, stack(0x00000000293c0000,0x00000000294c0000)]
  0x000000002d219800 JavaThread "jar transforms Thread 242" [_thread_blocked, id=15200, stack(0x00000000292c0000,0x00000000293c0000)]
  0x000000002d218000 JavaThread "jar transforms Thread 241" [_thread_blocked, id=11760, stack(0x00000000291c0000,0x00000000292c0000)]
  0x000000002d216000 JavaThread "jar transforms Thread 240" [_thread_blocked, id=2592, stack(0x00000000290c0000,0x00000000291c0000)]
  0x000000002d217800 JavaThread "jar transforms Thread 239" [_thread_blocked, id=5460, stack(0x0000000028fc0000,0x00000000290c0000)]
  0x000000002d21a800 JavaThread "jar transforms Thread 238" [_thread_blocked, id=13880, stack(0x0000000028ec0000,0x0000000028fc0000)]
  0x000000002d219000 JavaThread "jar transforms Thread 237" [_thread_blocked, id=10720, stack(0x0000000028dc0000,0x0000000028ec0000)]
  0x000000001caba000 JavaThread "jar transforms Thread 236" [_thread_blocked, id=14956, stack(0x0000000028cc0000,0x0000000028dc0000)]
  0x000000001cab9800 JavaThread "jar transforms Thread 235" [_thread_blocked, id=12940, stack(0x0000000028bc0000,0x0000000028cc0000)]
  0x000000001cab6800 JavaThread "jar transforms Thread 234" [_thread_blocked, id=15864, stack(0x0000000028ac0000,0x0000000028bc0000)]
  0x000000001cabc800 JavaThread "jar transforms Thread 233" [_thread_blocked, id=1916, stack(0x00000000289c0000,0x0000000028ac0000)]
  0x000000001cab8000 JavaThread "jar transforms Thread 232" [_thread_blocked, id=15488, stack(0x00000000288c0000,0x00000000289c0000)]
  0x000000001cab7000 JavaThread "jar transforms Thread 231" [_thread_blocked, id=17380, stack(0x00000000287c0000,0x00000000288c0000)]
  0x000000001cab5800 JavaThread "jar transforms Thread 230" [_thread_blocked, id=9372, stack(0x00000000286c0000,0x00000000287c0000)]
  0x000000001cab8800 JavaThread "jar transforms Thread 229" [_thread_blocked, id=12972, stack(0x00000000285c0000,0x00000000286c0000)]
  0x000000001cab5000 JavaThread "jar transforms Thread 228" [_thread_blocked, id=16160, stack(0x00000000284c0000,0x00000000285c0000)]
  0x000000001cabb000 JavaThread "jar transforms Thread 227" [_thread_blocked, id=13460, stack(0x00000000283c0000,0x00000000284c0000)]
  0x000000001cabb800 JavaThread "jar transforms Thread 226" [_thread_blocked, id=8704, stack(0x00000000282c0000,0x00000000283c0000)]
  0x000000001caad800 JavaThread "jar transforms Thread 225" [_thread_blocked, id=14056, stack(0x00000000281c0000,0x00000000282c0000)]
  0x000000001cab3800 JavaThread "jar transforms Thread 224" [_thread_blocked, id=14156, stack(0x00000000280c0000,0x00000000281c0000)]
  0x000000001cab4000 JavaThread "jar transforms Thread 223" [_thread_blocked, id=2068, stack(0x0000000027fc0000,0x00000000280c0000)]
  0x000000001caae000 JavaThread "jar transforms Thread 222" [_thread_blocked, id=6120, stack(0x0000000027ec0000,0x0000000027fc0000)]
  0x000000001cab2800 JavaThread "jar transforms Thread 221" [_thread_blocked, id=16300, stack(0x0000000027dc0000,0x0000000027ec0000)]
  0x000000001cab1000 JavaThread "jar transforms Thread 220" [_thread_blocked, id=1876, stack(0x0000000027cc0000,0x0000000027dc0000)]
  0x000000001cab0800 JavaThread "jar transforms Thread 219" [_thread_blocked, id=6040, stack(0x0000000027bc0000,0x0000000027cc0000)]
  0x000000001caaf800 JavaThread "jar transforms Thread 218" [_thread_blocked, id=16848, stack(0x0000000027ac0000,0x0000000027bc0000)]
  0x000000001cab2000 JavaThread "jar transforms Thread 217" [_thread_blocked, id=7744, stack(0x00000000279c0000,0x0000000027ac0000)]
  0x000000001caaf000 JavaThread "jar transforms Thread 216" [_thread_blocked, id=7924, stack(0x00000000278c0000,0x00000000279c0000)]
  0x0000000021eeb800 JavaThread "jar transforms Thread 215" [_thread_blocked, id=5632, stack(0x00000000277c0000,0x00000000278c0000)]
  0x0000000021eea800 JavaThread "jar transforms Thread 214" [_thread_blocked, id=10892, stack(0x00000000276c0000,0x00000000277c0000)]
  0x0000000021eed000 JavaThread "jar transforms Thread 213" [_thread_blocked, id=6024, stack(0x00000000275c0000,0x00000000276c0000)]
  0x0000000021eea000 JavaThread "jar transforms Thread 212" [_thread_blocked, id=10400, stack(0x0000000027240000,0x0000000027340000)]
  0x0000000021ee9000 JavaThread "jar transforms Thread 211" [_thread_blocked, id=16272, stack(0x0000000027140000,0x0000000027240000)]
  0x0000000021eec000 JavaThread "jar transforms Thread 210" [_thread_blocked, id=10556, stack(0x0000000027040000,0x0000000027140000)]
  0x0000000021ee8800 JavaThread "jar transforms Thread 209" [_thread_blocked, id=8924, stack(0x0000000026f40000,0x0000000027040000)]
  0x0000000021ee1000 JavaThread "jar transforms Thread 208" [_thread_blocked, id=13264, stack(0x0000000026e40000,0x0000000026f40000)]
  0x0000000021ee7000 JavaThread "jar transforms Thread 207" [_thread_blocked, id=3156, stack(0x0000000026d40000,0x0000000026e40000)]
  0x0000000021ee7800 JavaThread "jar transforms Thread 206" [_thread_blocked, id=15668, stack(0x0000000026c40000,0x0000000026d40000)]
  0x0000000021ee0000 JavaThread "jar transforms Thread 205" [_thread_blocked, id=12688, stack(0x0000000026b40000,0x0000000026c40000)]
  0x0000000021ee5800 JavaThread "jar transforms Thread 204" [_thread_blocked, id=10648, stack(0x0000000026790000,0x0000000026890000)]
  0x0000000021ee6000 JavaThread "jar transforms Thread 203" [_thread_blocked, id=14220, stack(0x0000000025280000,0x0000000025380000)]
  0x0000000021ede000 JavaThread "jar transforms Thread 202" [_thread_blocked, id=12076, stack(0x0000000023f80000,0x0000000024080000)]
  0x0000000021ee3000 JavaThread "jar transforms Thread 201" [_thread_blocked, id=3468, stack(0x0000000023e80000,0x0000000023f80000)]
  0x0000000021ee4000 JavaThread "jar transforms Thread 200" [_thread_blocked, id=11492, stack(0x0000000023b80000,0x0000000023c80000)]
  0x0000000021ee2800 JavaThread "jar transforms Thread 199" [_thread_blocked, id=3376, stack(0x0000000023a80000,0x0000000023b80000)]
  0x0000000021edf800 JavaThread "jar transforms Thread 198" [_thread_blocked, id=14036, stack(0x0000000023980000,0x0000000023a80000)]
  0x0000000021ee4800 JavaThread "jar transforms Thread 197" [_thread_blocked, id=15380, stack(0x0000000023880000,0x0000000023980000)]
  0x0000000021ee1800 JavaThread "jar transforms Thread 196" [_thread_blocked, id=16048, stack(0x0000000023780000,0x0000000023880000)]
  0x0000000021ede800 JavaThread "jar transforms Thread 195" [_thread_blocked, id=10028, stack(0x0000000023680000,0x0000000023780000)]
  0x000000001c6ab000 JavaThread "jar transforms Thread 194" [_thread_blocked, id=13452, stack(0x0000000023580000,0x0000000023680000)]
  0x000000001c6aa800 JavaThread "jar transforms Thread 193" [_thread_blocked, id=13672, stack(0x0000000023480000,0x0000000023580000)]
  0x000000001c6a8000 JavaThread "jar transforms Thread 192" [_thread_blocked, id=7564, stack(0x0000000023380000,0x0000000023480000)]
  0x000000001c6ad800 JavaThread "jar transforms Thread 191" [_thread_blocked, id=14644, stack(0x0000000023280000,0x0000000023380000)]
  0x000000001c6ac000 JavaThread "jar transforms Thread 190" [_thread_blocked, id=17404, stack(0x0000000023180000,0x0000000023280000)]
  0x000000001c6a9800 JavaThread "jar transforms Thread 189" [_thread_blocked, id=14844, stack(0x0000000023080000,0x0000000023180000)]
  0x000000001c6af000 JavaThread "jar transforms Thread 188" [_thread_blocked, id=12996, stack(0x0000000022f80000,0x0000000023080000)]
  0x000000001c6ac800 JavaThread "jar transforms Thread 187" [_thread_blocked, id=7972, stack(0x0000000022e80000,0x0000000022f80000)]
  0x000000001f5e1800 JavaThread "jar transforms Thread 186" [_thread_blocked, id=13904, stack(0x0000000022d80000,0x0000000022e80000)]
  0x000000001f5e4800 JavaThread "jar transforms Thread 185" [_thread_blocked, id=5720, stack(0x0000000022c80000,0x0000000022d80000)]
  0x000000001f5e8800 JavaThread "Build operations Thread 8" [_thread_blocked, id=15264, stack(0x0000000022b80000,0x0000000022c80000)]
  0x000000001f5e6000 JavaThread "Build operations Thread 7" [_thread_blocked, id=12592, stack(0x0000000022a80000,0x0000000022b80000)]
  0x000000001f5e7800 JavaThread "Build operations Thread 6" [_thread_blocked, id=8740, stack(0x0000000022980000,0x0000000022a80000)]
  0x000000001f5e5800 JavaThread "Build operations Thread 5" [_thread_blocked, id=14408, stack(0x0000000022880000,0x0000000022980000)]
  0x000000001f5e7000 JavaThread "Build operations Thread 4" [_thread_blocked, id=9652, stack(0x0000000022780000,0x0000000022880000)]
  0x000000001f5de000 JavaThread "Build operations Thread 3" [_thread_blocked, id=16440, stack(0x0000000022680000,0x0000000022780000)]
  0x000000001f5e1000 JavaThread "Build operations Thread 2" [_thread_blocked, id=13296, stack(0x0000000022580000,0x0000000022680000)]
  0x000000001fdf1000 JavaThread "Build operations" [_thread_blocked, id=7092, stack(0x0000000022480000,0x0000000022580000)]
  0x000000001fdee000 JavaThread "Cache worker for cache directory md-rule (C:\Users\Utente\.gradle\caches\6.5\md-rule)" [_thread_blocked, id=12544, stack(0x0000000021130000,0x0000000021230000)]
  0x000000001fdef800 JavaThread "Cache worker for cache directory md-supplier (C:\Users\Utente\.gradle\caches\6.5\md-supplier)" [_thread_blocked, id=10444, stack(0x0000000021030000,0x0000000021130000)]
  0x000000001fdf1800 JavaThread "Cache worker for checksums cache (C:\Users\Utente\Desktop\progetto\main\StudentOne\Front-End\StudentOneApp AndroidClient\.gradle\checksums)" [_thread_blocked, id=12536, stack(0x000000001e690000,0x000000001e790000)]
  0x000000001fdec800 JavaThread "Cache worker for file hash cache (C:\Users\Utente\Desktop\progetto\main\StudentOne\Front-End\StudentOneApp AndroidClient\.gradle\6.5\fileHashes)" [_thread_blocked, id=3392, stack(0x000000001e490000,0x000000001e590000)]
  0x000000001fdee800 JavaThread "Thread-246" [_thread_blocked, id=14312, stack(0x000000001e390000,0x000000001e490000)]
  0x000000001fdf2800 JavaThread "Stdin handler" [_thread_blocked, id=14556, stack(0x000000001e190000,0x000000001e290000)]
  0x000000001fdeb800 JavaThread "Asynchronous log dispatcher for DefaultDaemonConnection: socket connection from /127.0.0.1:55838 to /127.0.0.1:57874" [_thread_blocked, id=12744, stack(0x000000001e090000,0x000000001e190000)]
  0x000000001fdeb000 JavaThread "Daemon worker Thread 3" [_thread_blocked, id=11800, stack(0x000000001df90000,0x000000001e090000)]
  0x000000001fded000 JavaThread "Cancel handler" [_thread_blocked, id=10148, stack(0x000000001d920000,0x000000001da20000)]
  0x000000001fde7000 JavaThread "Handler for socket connection from /127.0.0.1:55838 to /127.0.0.1:57874" [_thread_in_native, id=13316, stack(0x000000001d820000,0x000000001d920000)]
  0x000000001fdea000 JavaThread "Daemon Thread 3" [_thread_blocked, id=7632, stack(0x00000000010a0000,0x00000000011a0000)]
  0x000000001f5de800 JavaThread "Memory manager" [_thread_blocked, id=10476, stack(0x000000001e590000,0x000000001e690000)]
  0x000000001fde9800 JavaThread "Cache worker for file content cache (C:\Users\Utente\.gradle\caches\6.5\fileContent)" [_thread_blocked, id=13848, stack(0x0000000024b80000,0x0000000024c80000)]
  0x000000001fde3800 JavaThread "Cache worker for execution history cache (C:\Users\Utente\.gradle\caches\6.5\executionHistory)" [_thread_blocked, id=5744, stack(0x0000000024280000,0x0000000024380000)]
  0x000000001c6a9000 JavaThread "Cache worker for file hash cache (C:\Users\Utente\.gradle\caches\6.5\fileHashes)" [_thread_blocked, id=10612, stack(0x000000001eb90000,0x000000001ec90000)]
  0x000000001c6ae000 JavaThread "File lock request listener" [_thread_in_native, id=8488, stack(0x000000001ea90000,0x000000001eb90000)]
  0x000000001c81c000 JavaThread "Cache worker for journal cache (C:\Users\Utente\.gradle\caches\journal-1)" [_thread_blocked, id=2988, stack(0x000000001e990000,0x000000001ea90000)]
  0x000000001c62a000 JavaThread "Daemon periodic checks" [_thread_blocked, id=16968, stack(0x000000001dc90000,0x000000001dd90000)]
  0x000000001c628800 JavaThread "Incoming local TCP Connector on port 55838" [_thread_in_native, id=520, stack(0x000000001da20000,0x000000001db20000)]
  0x000000001c5a1800 JavaThread "Daemon health stats" [_thread_blocked, id=3448, stack(0x000000001d3e0000,0x000000001d4e0000)]
  0x0000000019bf4000 JavaThread "Service Thread" daemon [_thread_blocked, id=14860, stack(0x000000001a840000,0x000000001a940000)]
  0x0000000019b6b000 JavaThread "C1 CompilerThread3" daemon [_thread_blocked, id=16624, stack(0x000000001a740000,0x000000001a840000)]
  0x0000000017d5e800 JavaThread "C2 CompilerThread2" daemon [_thread_in_native, id=5736, stack(0x000000001a640000,0x000000001a740000)]
=>0x0000000017d5c000 JavaThread "C2 CompilerThread1" daemon [_thread_in_native, id=12764, stack(0x000000001a540000,0x000000001a640000)]
  0x0000000019b52800 JavaThread "C2 CompilerThread0" daemon [_thread_in_native, id=14764, stack(0x000000001a440000,0x000000001a540000)]
  0x0000000019b51000 JavaThread "Attach Listener" daemon [_thread_blocked, id=8804, stack(0x000000001a340000,0x000000001a440000)]
  0x0000000019b50800 JavaThread "Signal Dispatcher" daemon [_thread_blocked, id=13436, stack(0x000000001a240000,0x000000001a340000)]
  0x0000000019b40800 JavaThread "Finalizer" daemon [_thread_blocked, id=15752, stack(0x000000001a020000,0x000000001a120000)]
  0x0000000017d4b800 JavaThread "Reference Handler" daemon [_thread_blocked, id=10924, stack(0x0000000019f20000,0x000000001a020000)]
  0x0000000002be2800 JavaThread "main" [_thread_blocked, id=12032, stack(0x0000000002ae0000,0x0000000002be0000)]

Other Threads:
  0x0000000017d46800 VMThread [stack: 0x0000000019a20000,0x0000000019b20000] [id=2992]
  0x0000000019b9b800 WatcherThread [stack: 0x000000001a940000,0x000000001aa40000] [id=5132]

VM state:not at safepoint (normal execution)

VM Mutex/Monitor currently owned by a thread: None

heap address: 0x0000000080000000, size: 2048 MB, Compressed Oops mode: 32-bit
Narrow klass base: 0x0000000000000000, Narrow klass shift: 3
Compressed class space size: 1073741824 Address: 0x0000000100000000

Heap:
 PSYoungGen      total 594432K, used 498398K [0x00000000d5580000, 0x00000000ffe00000, 0x0000000100000000)
  eden space 586752K, 83% used [0x00000000d5580000,0x00000000f3507be8,0x00000000f9280000)
  from space 7680K, 95% used [0x00000000f9280000,0x00000000f99b0000,0x00000000f9a00000)
  to   space 54784K, 0% used [0x00000000fc880000,0x00000000fc880000,0x00000000ffe00000)
 ParOldGen       total 223744K, used 124866K [0x0000000080000000, 0x000000008da80000, 0x00000000d5580000)
  object space 223744K, 55% used [0x0000000080000000,0x00000000879f0830,0x000000008da80000)
 Metaspace       used 113662K, capacity 119948K, committed 120064K, reserved 1153024K
  class space    used 14615K, capacity 15801K, committed 15872K, reserved 1048576K

Card table byte_map: [0x00000000120a0000,0x00000000124b0000] byte_map_base: 0x0000000011ca0000

Marking Bits: (ParMarkBitMap*) 0x000000005870f030
 Begin Bits: [0x0000000012f60000, 0x0000000014f60000)
 End Bits:   [0x0000000014f60000, 0x0000000016f60000)

Polling page: 0x0000000001210000

CodeCache: size=245760Kb used=70393Kb max_used=72244Kb free=175366Kb
 bounds [0x0000000002ce0000, 0x00000000073e0000, 0x0000000011ce0000]
 total_blobs=20517 nmethods=19576 adapters=850
 compilation: enabled

Compilation events (10 events):
Event: 1304.814 Thread 0x0000000019b52800 nmethod 23222 0x00000000068c62d0 code [0x00000000068c6bc0, 0x00000000068cdd50]
Event: 1304.815 Thread 0x0000000019b52800 23217       4       java.util.IdentityHashMap::clear (39 bytes)
Event: 1304.820 Thread 0x0000000019b52800 nmethod 23217 0x00000000065640d0 code [0x0000000006564200, 0x00000000065642f8]
Event: 1304.820 Thread 0x0000000019b52800 23225       4       java.util.HashMap$EntrySpliterator::forEachRemaining (183 bytes)
Event: 1304.829 Thread 0x0000000019b52800 nmethod 23225 0x00000000070c2590 code [0x00000000070c26e0, 0x00000000070c29f8]
Event: 1304.829 Thread 0x0000000019b52800 23638       4       com.android.tools.r8.s.b.X::c (83 bytes)
Event: 1304.847 Thread 0x0000000019b52800 nmethod 23638 0x0000000006921ad0 code [0x0000000006921c20, 0x0000000006921f18]
Event: 1304.847 Thread 0x0000000019b52800 23984       4       com.android.tools.r8.s.b.k0::<init> (82 bytes)
Event: 1304.855 Thread 0x0000000019b52800 nmethod 23984 0x0000000004cb7910 code [0x0000000004cb7a80, 0x0000000004cb7cd8]
Event: 1304.855 Thread 0x0000000019b52800 24392       4       com.android.tools.r8.graph.G::collectIndexedItems (186 bytes)

GC Heap History (10 events):
Event: 1290.190 GC heap before
{Heap before GC invocations=41 (full 4):
 PSYoungGen      total 633344K, used 581985K [0x00000000d5580000, 0x0000000100000000, 0x0000000100000000)
  eden space 570368K, 100% used [0x00000000d5580000,0x00000000f8280000,0x00000000f8280000)
  from space 62976K, 18% used [0x00000000fbf00000,0x00000000fca585f8,0x00000000ffc80000)
  to   space 61952K, 0% used [0x00000000f8280000,0x00000000f8280000,0x00000000fbf00000)
 ParOldGen       total 223744K, used 75499K [0x0000000080000000, 0x000000008da80000, 0x00000000d5580000)
  object space 223744K, 33% used [0x0000000080000000,0x00000000849baf08,0x000000008da80000)
 Metaspace       used 111623K, capacity 117824K, committed 118016K, reserved 1150976K
  class space    used 14329K, capacity 15489K, committed 15616K, reserved 1048576K
Event: 1290.235 GC heap after
Heap after GC invocations=41 (full 4):
 PSYoungGen      total 632320K, used 23232K [0x00000000d5580000, 0x00000000ff900000, 0x0000000100000000)
  eden space 570368K, 0% used [0x00000000d5580000,0x00000000d5580000,0x00000000f8280000)
  from space 61952K, 37% used [0x00000000f8280000,0x00000000f9930170,0x00000000fbf00000)
  to   space 58880K, 0% used [0x00000000fbf80000,0x00000000fbf80000,0x00000000ff900000)
 ParOldGen       total 223744K, used 77547K [0x0000000080000000, 0x000000008da80000, 0x00000000d5580000)
  object space 223744K, 34% used [0x0000000080000000,0x0000000084bbacb8,0x000000008da80000)
 Metaspace       used 111623K, capacity 117824K, committed 118016K, reserved 1150976K
  class space    used 14329K, capacity 15489K, committed 15616K, reserved 1048576K
}
Event: 1292.538 GC heap before
{Heap before GC invocations=42 (full 4):
 PSYoungGen      total 632320K, used 593600K [0x00000000d5580000, 0x00000000ff900000, 0x0000000100000000)
  eden space 570368K, 100% used [0x00000000d5580000,0x00000000f8280000,0x00000000f8280000)
  from space 61952K, 37% used [0x00000000f8280000,0x00000000f9930170,0x00000000fbf00000)
  to   space 58880K, 0% used [0x00000000fbf80000,0x00000000fbf80000,0x00000000ff900000)
 ParOldGen       total 223744K, used 77548K [0x0000000080000000, 0x000000008da80000, 0x00000000d5580000)
  object space 223744K, 34% used [0x0000000080000000,0x0000000084bbb300,0x000000008da80000)
 Metaspace       used 111637K, capacity 117824K, committed 118016K, reserved 1150976K
  class space    used 14329K, capacity 15489K, committed 15616K, reserved 1048576K
Event: 1292.585 GC heap after
Heap after GC invocations=42 (full 4):
 PSYoungGen      total 633856K, used 23405K [0x00000000d5580000, 0x00000000ff700000, 0x0000000100000000)
  eden space 577024K, 0% used [0x00000000d5580000,0x00000000d5580000,0x00000000f8900000)
  from space 56832K, 41% used [0x00000000fbf80000,0x00000000fd65b780,0x00000000ff700000)
  to   space 55808K, 0% used [0x00000000f8900000,0x00000000f8900000,0x00000000fbf80000)
 ParOldGen       total 223744K, used 95845K [0x0000000080000000, 0x000000008da80000, 0x00000000d5580000)
  object space 223744K, 42% used [0x0000000080000000,0x0000000085d994d0,0x000000008da80000)
 Metaspace       used 111637K, capacity 117824K, committed 118016K, reserved 1150976K
  class space    used 14329K, capacity 15489K, committed 15616K, reserved 1048576K
}
Event: 1295.025 GC heap before
{Heap before GC invocations=43 (full 4):
 PSYoungGen      total 633856K, used 600429K [0x00000000d5580000, 0x00000000ff700000, 0x0000000100000000)
  eden space 577024K, 100% used [0x00000000d5580000,0x00000000f8900000,0x00000000f8900000)
  from space 56832K, 41% used [0x00000000fbf80000,0x00000000fd65b780,0x00000000ff700000)
  to   space 55808K, 0% used [0x00000000f8900000,0x00000000f8900000,0x00000000fbf80000)
 ParOldGen       total 223744K, used 95845K [0x0000000080000000, 0x000000008da80000, 0x00000000d5580000)
  object space 223744K, 42% used [0x0000000080000000,0x0000000085d994d0,0x000000008da80000)
 Metaspace       used 111647K, capacity 117828K, committed 118016K, reserved 1150976K
  class space    used 14329K, capacity 15489K, committed 15616K, reserved 1048576K
Event: 1295.077 GC heap after
Heap after GC invocations=43 (full 4):
 PSYoungGen      total 632832K, used 4759K [0x00000000d5580000, 0x0000000100000000, 0x0000000100000000)
  eden space 577024K, 0% used [0x00000000d5580000,0x00000000d5580000,0x00000000f8900000)
  from space 55808K, 8% used [0x00000000f8900000,0x00000000f8da5f68,0x00000000fbf80000)
  to   space 56320K, 0% used [0x00000000fc900000,0x00000000fc900000,0x0000000100000000)
 ParOldGen       total 223744K, used 115243K [0x0000000080000000, 0x000000008da80000, 0x00000000d5580000)
  object space 223744K, 51% used [0x0000000080000000,0x000000008708ad38,0x000000008da80000)
 Metaspace       used 111647K, capacity 117828K, committed 118016K, reserved 1150976K
  class space    used 14329K, capacity 15489K, committed 15616K, reserved 1048576K
}
Event: 1297.285 GC heap before
{Heap before GC invocations=44 (full 4):
 PSYoungGen      total 632832K, used 581783K [0x00000000d5580000, 0x0000000100000000, 0x0000000100000000)
  eden space 577024K, 100% used [0x00000000d5580000,0x00000000f8900000,0x00000000f8900000)
  from space 55808K, 8% used [0x00000000f8900000,0x00000000f8da5f68,0x00000000fbf80000)
  to   space 56320K, 0% used [0x00000000fc900000,0x00000000fc900000,0x0000000100000000)
 ParOldGen       total 223744K, used 115243K [0x0000000080000000, 0x000000008da80000, 0x00000000d5580000)
  object space 223744K, 51% used [0x0000000080000000,0x000000008708ad38,0x000000008da80000)
 Metaspace       used 111654K, capacity 117830K, committed 118016K, reserved 1150976K
  class space    used 14330K, capacity 15490K, committed 15616K, reserved 1048576K
Event: 1297.308 GC heap after
Heap after GC invocations=44 (full 4):
 PSYoungGen      total 642560K, used 6624K [0x00000000d5580000, 0x00000000fff80000, 0x0000000100000000)
  eden space 586752K, 0% used [0x00000000d5580000,0x00000000d5580000,0x00000000f9280000)
  from space 55808K, 11% used [0x00000000fc900000,0x00000000fcf78000,0x00000000fff80000)
  to   space 55808K, 0% used [0x00000000f9280000,0x00000000f9280000,0x00000000fc900000)
 ParOldGen       total 223744K, used 119105K [0x0000000080000000, 0x000000008da80000, 0x00000000d5580000)
  object space 223744K, 53% used [0x0000000080000000,0x00000000874507c0,0x000000008da80000)
 Metaspace       used 111654K, capacity 117830K, committed 118016K, reserved 1150976K
  class space    used 14330K, capacity 15490K, committed 15616K, reserved 1048576K
}
Event: 1299.539 GC heap before
{Heap before GC invocations=45 (full 4):
 PSYoungGen      total 642560K, used 593376K [0x00000000d5580000, 0x00000000fff80000, 0x0000000100000000)
  eden space 586752K, 100% used [0x00000000d5580000,0x00000000f9280000,0x00000000f9280000)
  from space 55808K, 11% used [0x00000000fc900000,0x00000000fcf78000,0x00000000fff80000)
  to   space 55808K, 0% used [0x00000000f9280000,0x00000000f9280000,0x00000000fc900000)
 ParOldGen       total 223744K, used 119105K [0x0000000080000000, 0x000000008da80000, 0x00000000d5580000)
  object space 223744K, 53% used [0x0000000080000000,0x00000000874507c0,0x000000008da80000)
 Metaspace       used 111661K, capacity 117830K, committed 118016K, reserved 1150976K
  class space    used 14330K, capacity 15490K, committed 15616K, reserved 1048576K
Event: 1299.570 GC heap after
Heap after GC invocations=45 (full 4):
 PSYoungGen      total 594432K, used 7360K [0x00000000d5580000, 0x00000000ffe00000, 0x0000000100000000)
  eden space 586752K, 0% used [0x00000000d5580000,0x00000000d5580000,0x00000000f9280000)
  from space 7680K, 95% used [0x00000000f9280000,0x00000000f99b0000,0x00000000f9a00000)
  to   space 54784K, 0% used [0x00000000fc880000,0x00000000fc880000,0x00000000ffe00000)
 ParOldGen       total 223744K, used 124866K [0x0000000080000000, 0x000000008da80000, 0x00000000d5580000)
  object space 223744K, 55% used [0x0000000080000000,0x00000000879f0830,0x000000008da80000)
 Metaspace       used 111661K, capacity 117830K, committed 118016K, reserved 1150976K
  class space    used 14330K, capacity 15490K, committed 15616K, reserved 1048576K
}

Deoptimization events (10 events):
Event: 1302.049 Thread 0x0000000021525800 Uncommon trap: reason=unstable_if action=reinterpret pc=0x0000000003e891ec method=java.util.Arrays.hashCode([Ljava/lang/Object;)I @ 1
Event: 1302.049 Thread 0x0000000021526000 Uncommon trap: reason=unstable_if action=reinterpret pc=0x0000000003e891ec method=java.util.Arrays.hashCode([Ljava/lang/Object;)I @ 1
Event: 1302.124 Thread 0x0000000021522800 Uncommon trap: reason=unstable_if action=reinterpret pc=0x00000000042beb50 method=java.util.concurrent.ConcurrentLinkedQueue.offer(Ljava/lang/Object;)Z @ 40
Event: 1302.903 Thread 0x000000001aba8000 Uncommon trap: reason=unstable_if action=reinterpret pc=0x0000000004e99a88 method=java.lang.ClassLoader.postDefineClass(Ljava/lang/Class;Ljava/security/ProtectionDomain;)V @ 16
Event: 1302.942 Thread 0x000000001aba8000 Uncommon trap: reason=unstable_if action=reinterpret pc=0x00000000047c2940 method=java.util.concurrent.ConcurrentHashMap.get(Ljava/lang/Object;)Ljava/lang/Object; @ 86
Event: 1302.943 Thread 0x000000001aba8000 Uncommon trap: reason=unstable_if action=reinterpret pc=0x0000000006617fcc method=java.util.concurrent.ConcurrentHashMap.putVal(Ljava/lang/Object;Ljava/lang/Object;Z)Ljava/lang/Object; @ 152
Event: 1303.043 Thread 0x000000001aba8000 Uncommon trap: reason=unstable_if action=reinterpret pc=0x0000000005175dbc method=java.text.SimpleDateFormat.subParse(Ljava/lang/String;IIIZ[ZLjava/text/ParsePosition;ZLjava/text/CalendarBuilder;)I @ 148
Event: 1303.426 Thread 0x000000001aba8000 Uncommon trap: reason=unstable_if action=reinterpret pc=0x00000000037b42bc method=java.security.CodeSource.matchCerts(Ljava/security/CodeSource;Z)Z @ 11
Event: 1303.506 Thread 0x000000001abaa800 Uncommon trap: reason=unstable_if action=reinterpret pc=0x0000000003130468 method=org.gradle.internal.snapshot.PathUtil.equalChars(CCLorg/gradle/internal/snapshot/CaseSensitivity;)Z @ 40
Event: 1303.507 Thread 0x000000001abaa800 Uncommon trap: reason=unstable_if action=reinterpret pc=0x0000000004f40ac0 method=org.gradle.internal.snapshot.PathUtil.equalChars(CCLorg/gradle/internal/snapshot/CaseSensitivity;)Z @ 40

Classes redefined (0 events):
No events

Internal exceptions (10 events):
Event: 1301.586 Thread 0x000000001aba8000 Exception <a 'sun/nio/fs/WindowsException'> (0x00000000e3efdc38) thrown at [C:\src\AOSP-openjdk-git\hotspot\src\share\vm\prims\jni.cpp, line 710]
Event: 1301.586 Thread 0x000000001aba8000 Exception <a 'sun/nio/fs/WindowsException'> (0x00000000e3efe450) thrown at [C:\src\AOSP-openjdk-git\hotspot\src\share\vm\prims\jni.cpp, line 710]
Event: 1301.587 Thread 0x000000001aba8000 Exception <a 'sun/nio/fs/WindowsException'> (0x00000000e3effe10) thrown at [C:\src\AOSP-openjdk-git\hotspot\src\share\vm\prims\jni.cpp, line 710]
Event: 1302.049 Thread 0x0000000021525800 Implicit null exception at 0x0000000003e890ef to 0x0000000003e891dd
Event: 1302.049 Thread 0x0000000021526000 Implicit null exception at 0x0000000003e890ef to 0x0000000003e891dd
Event: 1303.513 Thread 0x000000001abaa800 Exception <a 'java/lang/NoSuchMethodError': <clinit>> (0x00000000f12dc748) thrown at [C:\src\AOSP-openjdk-git\hotspot\src\share\vm\prims\jni.cpp, line 1615]
Event: 1303.514 Thread 0x000000001abaa800 Exception <a 'java/lang/NoSuchMethodError': <clinit>> (0x00000000f12de0c0) thrown at [C:\src\AOSP-openjdk-git\hotspot\src\share\vm\prims\jni.cpp, line 1615]
Event: 1303.514 Thread 0x000000001abaa800 Exception <a 'java/lang/NoSuchMethodError': <clinit>> (0x00000000f1306910) thrown at [C:\src\AOSP-openjdk-git\hotspot\src\share\vm\prims\jni.cpp, line 1615]
Event: 1303.516 Thread 0x000000001abaa800 Exception <a 'java/lang/NoSuchMethodError': <clinit>> (0x00000000f131b6a8) thrown at [C:\src\AOSP-openjdk-git\hotspot\src\share\vm\prims\jni.cpp, line 1615]
Event: 1303.516 Thread 0x000000001abaa800 Exception <a 'java/lang/NoSuchMethodError': <clinit>> (0x00000000f131c9c8) thrown at [C:\src\AOSP-openjdk-git\hotspot\src\share\vm\prims\jni.cpp, line 1615]

Events (10 events):
Event: 1303.962 Thread 0x0000000019b6b000 flushing nmethod 0x000000000719ad10
Event: 1303.963 Thread 0x0000000019b6b000 flushing nmethod 0x0000000007226750
Event: 1304.022 Thread 0x000000001abb0800 DEOPT PACKING pc=0x0000000006493d37 sp=0x000000003258d8b0
Event: 1304.022 Thread 0x000000001abb0800 DEOPT UNPACKING pc=0x0000000002d275d0 sp=0x000000003258d600 mode 0
Event: 1304.040 Thread 0x000000001abb0800 DEOPT PACKING pc=0x0000000006a1a259 sp=0x000000003258d760
Event: 1304.040 Thread 0x000000001abb0800 DEOPT UNPACKING pc=0x0000000002d275d0 sp=0x000000003258d540 mode 0
Event: 1304.084 loading class com/android/ide/common/xml/ManifestData$Activity
Event: 1304.084 loading class com/android/ide/common/xml/ManifestData$Activity done
Event: 1304.086 loading class com/android/ide/common/xml/ManifestData$KeepClass
Event: 1304.086 loading class com/android/ide/common/xml/ManifestData$KeepClass done


Dynamic libraries:
0x00007ff67bca0000 - 0x00007ff67bcd1000 	C:\Program Files\Android\Android Studio\jre\bin\java.exe
0x00007fff2ab30000 - 0x00007fff2ad26000 	C:\WINDOWS\SYSTEM32\ntdll.dll
0x00007fff29ef0000 - 0x00007fff29fad000 	C:\WINDOWS\System32\KERNEL32.DLL
0x00007fff284d0000 - 0x00007fff28799000 	C:\WINDOWS\System32\KERNELBASE.dll
0x00007fff257a0000 - 0x00007fff25830000 	C:\WINDOWS\SYSTEM32\apphelp.dll
0x00007fff29d70000 - 0x00007fff29e1c000 	C:\WINDOWS\System32\ADVAPI32.dll
0x00007fff29300000 - 0x00007fff2939e000 	C:\WINDOWS\System32\msvcrt.dll
0x00007fff2a840000 - 0x00007fff2a8dc000 	C:\WINDOWS\System32\sechost.dll
0x00007fff293a0000 - 0x00007fff294cb000 	C:\WINDOWS\System32\RPCRT4.dll
0x00007fff290f0000 - 0x00007fff29290000 	C:\WINDOWS\System32\USER32.dll
0x00007fff28270000 - 0x00007fff28292000 	C:\WINDOWS\System32\win32u.dll
0x00007fff290c0000 - 0x00007fff290ea000 	C:\WINDOWS\System32\GDI32.dll
0x00007fff282a0000 - 0x00007fff283ab000 	C:\WINDOWS\System32\gdi32full.dll
0x00007fff283e0000 - 0x00007fff2847d000 	C:\WINDOWS\System32\msvcp_win.dll
0x00007fff289e0000 - 0x00007fff28ae0000 	C:\WINDOWS\System32\ucrtbase.dll
0x00007fff14d60000 - 0x00007fff14ffb000 	C:\WINDOWS\WinSxS\amd64_microsoft.windows.common-controls_6595b64144ccf1df_6.0.19041.746_none_ca02b4b61b8320a4\COMCTL32.dll
0x00007fff29680000 - 0x00007fff296b0000 	C:\WINDOWS\System32\IMM32.DLL
0x0000000058e10000 - 0x0000000058ee2000 	C:\Program Files\Android\Android Studio\jre\jre\bin\msvcr100.dll
0x0000000057f40000 - 0x000000005878b000 	C:\Program Files\Android\Android Studio\jre\jre\bin\server\jvm.dll
0x00007fff29290000 - 0x00007fff29298000 	C:\WINDOWS\System32\PSAPI.DLL
0x00007fff10260000 - 0x00007fff10269000 	C:\WINDOWS\SYSTEM32\WSOCK32.dll
0x00007fff1e4c0000 - 0x00007fff1e4ca000 	C:\WINDOWS\SYSTEM32\VERSION.dll
0x00007fff0e020000 - 0x00007fff0e047000 	C:\WINDOWS\SYSTEM32\WINMM.dll
0x00007fff29e20000 - 0x00007fff29e8b000 	C:\WINDOWS\System32\WS2_32.dll
0x00007fff219a0000 - 0x00007fff219af000 	C:\Program Files\Android\Android Studio\jre\jre\bin\verify.dll
0x00007fff1c830000 - 0x00007fff1c859000 	C:\Program Files\Android\Android Studio\jre\jre\bin\java.dll
0x00007fff20c80000 - 0x00007fff20c96000 	C:\Program Files\Android\Android Studio\jre\jre\bin\zip.dll
0x00007fff2a0f0000 - 0x00007fff2a832000 	C:\WINDOWS\System32\SHELL32.dll
0x00007fff26360000 - 0x00007fff26af0000 	C:\WINDOWS\SYSTEM32\windows.storage.dll
0x00007fff29880000 - 0x00007fff29bd6000 	C:\WINDOWS\System32\combase.dll
0x00007fff27cd0000 - 0x00007fff27cfc000 	C:\WINDOWS\SYSTEM32\Wldp.dll
0x00007fff28b90000 - 0x00007fff28c3e000 	C:\WINDOWS\System32\SHCORE.dll
0x00007fff29810000 - 0x00007fff29865000 	C:\WINDOWS\System32\shlwapi.dll
0x00007fff281a0000 - 0x00007fff281c6000 	C:\WINDOWS\SYSTEM32\profapi.dll
0x00007fff1cf90000 - 0x00007fff1cfaa000 	C:\Program Files\Android\Android Studio\jre\jre\bin\net.dll
0x00007fff27a50000 - 0x00007fff27aba000 	C:\WINDOWS\system32\mswsock.dll
0x00007fff1c3c0000 - 0x00007fff1c3d3000 	C:\Program Files\Android\Android Studio\jre\jre\bin\nio.dll
0x00007fff1d020000 - 0x00007fff1d047000 	C:\Users\Utente\.gradle\native\f6784746aeab05261644944871eae4fe03e0ef1612fff0a4a95f87b438bc6780\windows-amd64\native-platform.dll
0x00007fff1d010000 - 0x00007fff1d01d000 	C:\Program Files\Android\Android Studio\jre\jre\bin\management.dll
0x00007fff27c20000 - 0x00007fff27c38000 	C:\WINDOWS\SYSTEM32\CRYPTSP.dll
0x00007fff27340000 - 0x00007fff27374000 	C:\WINDOWS\system32\rsaenh.dll
0x00007fff283b0000 - 0x00007fff283d7000 	C:\WINDOWS\System32\bcrypt.dll
0x00007fff28160000 - 0x00007fff2818e000 	C:\WINDOWS\SYSTEM32\USERENV.dll
0x00007fff28960000 - 0x00007fff289e0000 	C:\WINDOWS\System32\bcryptprimitives.dll
0x00007fff27c40000 - 0x00007fff27c4c000 	C:\WINDOWS\SYSTEM32\CRYPTBASE.dll
0x00007fff276d0000 - 0x00007fff2770b000 	C:\WINDOWS\SYSTEM32\IPHLPAPI.DLL
0x00007fff28c40000 - 0x00007fff28c48000 	C:\WINDOWS\System32\NSI.dll
0x00007fff1f9e0000 - 0x00007fff1f9f7000 	C:\WINDOWS\SYSTEM32\dhcpcsvc6.DLL
0x00007fff20420000 - 0x00007fff2043d000 	C:\WINDOWS\SYSTEM32\dhcpcsvc.DLL
0x00007fff27720000 - 0x00007fff277eb000 	C:\WINDOWS\SYSTEM32\DNSAPI.dll
0x00007fff21040000 - 0x00007fff2104b000 	C:\WINDOWS\SYSTEM32\WINNSI.DLL
0x00007fff08f90000 - 0x00007fff08fb4000 	C:\Program Files\Android\Android Studio\jre\jre\bin\sunec.dll
0x00007fff20410000 - 0x00007fff2041a000 	C:\Windows\System32\rasadhlp.dll
0x00007fff1b7f0000 - 0x00007fff1b86f000 	C:\WINDOWS\System32\fwpuclnt.dll
0x00007fff1cec0000 - 0x00007fff1cecb000 	C:\Program Files\Android\Android Studio\jre\jre\bin\sunmscapi.dll
0x00007fff28800000 - 0x00007fff28956000 	C:\WINDOWS\System32\CRYPT32.dll
0x00007fff26f70000 - 0x00007fff26fa3000 	C:\WINDOWS\SYSTEM32\ntmarta.dll

VM Arguments:
jvm_args: -Xmx2048m -Dfile.encoding=UTF-8 -Duser.country=IT -Duser.language=it -Duser.variant 
java_command: org.gradle.launcher.daemon.bootstrap.GradleDaemon 6.5
java_class_path (initial): C:\Users\Utente\.gradle\wrapper\dists\gradle-6.5-bin\6nifqtx7604sqp1q6g8wikw7p\gradle-6.5\lib\gradle-launcher-6.5.jar
Launcher Type: SUN_STANDARD

Environment Variables:
PATH=C:\Program Files (x86)\Common Files\Oracle\Java\javapath;C:\Program Files (x86)\Intel\Intel(R) Management Engine Components\iCLS\;C:\Program Files\Intel\Intel(R) Management Engine Components\iCLS\;C:\WINDOWS\system32;C:\WINDOWS;C:\WINDOWS\System32\Wbem;C:\WINDOWS\System32\WindowsPowerShell\v1.0\;C:\WINDOWS\System32\OpenSSH\;C:\Program Files (x86)\Intel\Intel(R) Management Engine Components\DAL;C:\Program Files\Intel\Intel(R) Management Engine Components\DAL;C:\Program Files\PuTTY\;C:\Program Files (x86)\Graphviz2.38\bin;C:\Program Files\Microsoft VS Code\bin;C:\Users\Utente\Desktop\battle(java);C:\Program Files\Docker\Docker\resources\bin;C:\ProgramData\DockerDesktop\version-bin;C:\Program Files\Git\cmd;C:\Program Files\nodejs\;C:\Users\Utente\Anaconda3;C:\Users\Utente\Anaconda3\Library\mingw-w64\bin;C:\Users\Utente\Anaconda3\Library\usr\bin;C:\Users\Utente\Anaconda3\Library\bin;C:\Users\Utente\Anaconda3\Scripts;C:\Users\Utente\AppData\Local\Programs\Python\Python37-32\Scripts\;C:\Users\Utente\AppData\Local\Programs\Python\Python37-32\;C:\Users\Utente\AppData\Local\Microsoft\WindowsApps;D:\università\3° anno\tesi\miktex\miktex\bin\x64\;C:\Program Files\Docker Toolbox;C:\Users\Utente\AppData\Local\GitHubDesktop\bin;C:\Users\Utente\AppData\Roaming\npm
USERNAME=Utente
OS=Windows_NT
PROCESSOR_IDENTIFIER=Intel64 Family 6 Model 142 Stepping 10, GenuineIntel



---------------  S Y S T E M  ---------------

OS: Windows 10.0 , 64 bit Build 19041 (10.0.19041.804)

CPU:total 8 (initial active 8) (4 cores per cpu, 2 threads per core) family 6 model 142 stepping 10, cmov, cx8, fxsr, mmx, sse, sse2, sse3, ssse3, sse4.1, sse4.2, popcnt, avx, avx2, aes, clmul, erms, 3dnowpref, lzcnt, ht, tsc, tscinvbit, bmi1, bmi2, adx

Memory: 4k page, physical 12489956k(1342992k free), swap 15561956k(5440k free)

vm_info: OpenJDK 64-Bit Server VM (25.242-b01) for windows-amd64 JRE (1.8.0_242-release-1644-b01), built by "builder" with MS VC++ 10.0 (VS2010)

time: Sun Feb 14 10:43:35 2021
timezone: ora solare Europa occidentale
elapsed time: 1304 seconds (0d 0h 21m 44s)

